<?xml version="1.0" encoding="UTF-8"?>
<!-- Generated by org.testng.reporters.JUnitXMLReporter -->
<testsuite ignored="0" hostname="DESKTOP-9E25G1U" failures="9" tests="63" name="Automation Test cases" time="472.022" errors="0" timestamp="2023-08-03T16:02:46 IST">
  <testcase classname="com.tutorialsninja.qa.testCases.TestRegister" name="verifyRegisteringAnAccountByProvidingMandatoryField" time="3.622"/>
  <testcase classname="com.tutorialsninja.qa.testCases.TestRegister" name="verifyRegisteringAnAccountByProvidingAllField" time="3.497"/>
  <testcase classname="com.tutorialsninja.qa.testCases.TestRegister" name="verifyRegisteringNotificationMessagesForMandatoryFieldBYNotProvidingFileds" time="1.687"/>
  <testcase classname="com.tutorialsninja.qa.testCases.TestRegister" name="verifyRegisteringAnAccountBySelectingNewsletterNO" time="3.166"/>
  <testcase classname="com.tutorialsninja.qa.testCases.TestRegister" name="verifyRegisteringAnAccountBySelectingNewsletterNOYES" time="2.781"/>
  <testcase classname="com.tutorialsninja.qa.testCases.TestRegister" name="verifyRegisteringAnAccountByProvidingDifferentPasswordInPasswordAndConfirmPassword" time="2.831"/>
  <testcase classname="com.tutorialsninja.qa.testCases.TestRegister" name="verifyRegisteringAnAccountByProvidingExistingAccount" time="3.122"/>
  <testcase classname="com.tutorialsninja.qa.testCases.TestRegister" name="verifyRegisteringAnAccountByInvalidEmails" time="2.637"/>
  <testcase classname="com.tutorialsninja.qa.testCases.TestRegister" name="verifyRegisteringAnAccountByInvalidEmails" time="2.174"/>
  <testcase classname="com.tutorialsninja.qa.testCases.TestRegister" name="verifyRegisteringAnAccountByInvalidEmails" time="2.27"/>
  <testcase classname="com.tutorialsninja.qa.testCases.TestRegister" name="verifyRegisteringAnAccountByInvalidPhonenumbers" time="2.736">
    <failure type="java.lang.AssertionError" message="expected [true] but found [false]">
      <![CDATA[java.lang.AssertionError: expected [true] but found [false]
at com.tutorialsninja.qa.testCases.TestRegister.verifyRegisteringAnAccountByInvalidPhonenumbers(TestRegister.java:196)
at java.base/java.util.ArrayList.forEach(ArrayList.java:1511)
... Removed 31 stack frames]]>
    </failure>
  </testcase> <!-- verifyRegisteringAnAccountByInvalidPhonenumbers -->
  <testcase classname="com.tutorialsninja.qa.testCases.TestRegister" name="verifyRegisteringAnAccountByInvalidPhonenumbers" time="2.699">
    <failure type="java.lang.AssertionError" message="expected [true] but found [false]">
      <![CDATA[java.lang.AssertionError: expected [true] but found [false]
at com.tutorialsninja.qa.testCases.TestRegister.verifyRegisteringAnAccountByInvalidPhonenumbers(TestRegister.java:196)
at java.base/java.util.ArrayList.forEach(ArrayList.java:1511)
... Removed 31 stack frames]]>
    </failure>
  </testcase> <!-- verifyRegisteringAnAccountByInvalidPhonenumbers -->
  <testcase classname="com.tutorialsninja.qa.testCases.TestRegister" name="verifyRegisteringAnAccountByProvidingSpacesInTheFields" time="3.136">
    <failure type="java.lang.AssertionError" message="expected [Telephone must be between 3 and 32 characters!] but found [Password]">
      <![CDATA[java.lang.AssertionError: expected [Telephone must be between 3 and 32 characters!] but found [Password]
at com.tutorialsninja.qa.testCases.TestRegister.verifyRegisteringAnAccountByProvidingSpacesInTheFields(TestRegister.java:224)
at java.base/java.util.ArrayList.forEach(ArrayList.java:1511)
... Removed 33 stack frames]]>
    </failure>
  </testcase> <!-- verifyRegisteringAnAccountByProvidingSpacesInTheFields -->
  <testcase classname="com.tutorialsninja.qa.testCases.TestRegister" name="verifyRegisteringAnAccountToCheckPageFollowingComplexityStandardsPassword" time="12.598">
    <failure type="org.openqa.selenium.NoSuchElementException" message="no such element: Unable to locate element: {&amp;quot;method&amp;quot;:&amp;quot;xpath&amp;quot;,&amp;quot;selector&amp;quot;:&amp;quot;//input[@id=&amp;apos;input-password&amp;apos;]/following::div[1]&amp;quot;}
  (Session info: chrome=115.0.5790.110)
For documentation on this error, please visit: https://selenium.dev/exceptions/#no_such_element
Build info: version: &amp;apos;4.6.0&amp;apos;, revision: &amp;apos;79f1c02ae20&amp;apos;
System info: os.name: &amp;apos;Windows 10&amp;apos;, os.arch: &amp;apos;amd64&amp;apos;, os.version: &amp;apos;10.0&amp;apos;, java.version: &amp;apos;17.0.5&amp;apos;
Driver info: org.openqa.selenium.chrome.ChromeDriver
Command: [2441c30c852d88df764b8fc933d8c94d, findElement {using=xpath, value=//input[@id=&amp;apos;input-password&amp;apos;]/following::div[1]}]
Capabilities {acceptInsecureCerts: false, browserName: chrome, browserVersion: 115.0.5790.110, chrome: {chromedriverVersion: 115.0.5790.102 (90efd4b0ad6..., userDataDir: C:\Users\Zuber\AppData\Loca...}, goog:chromeOptions: {debuggerAddress: localhost:62587}, networkConnectionEnabled: false, pageLoadStrategy: normal, platformName: WINDOWS, proxy: Proxy(), se:cdp: ws://localhost:62587/devtoo..., se:cdpVersion: 115.0.5790.110, setWindowRect: true, strictFileInteractability: false, timeouts: {implicit: 0, pageLoad: 300000, script: 30000}, unhandledPromptBehavior: dismiss and notify, webauthn:extension:credBlob: true, webauthn:extension:largeBlob: true, webauthn:extension:minPinLength: true, webauthn:extension:prf: true, webauthn:virtualAuthenticators: true}
Session ID: 2441c30c852d88df764b8fc933d8c94d">
      <![CDATA[org.openqa.selenium.NoSuchElementException: no such element: Unable to locate element: {"method":"xpath","selector":"//input[@id='input-password']/following::div[1]"}
  (Session info: chrome=115.0.5790.110)
For documentation on this error, please visit: https://selenium.dev/exceptions/#no_such_element
Build info: version: '4.6.0', revision: '79f1c02ae20'
System info: os.name: 'Windows 10', os.arch: 'amd64', os.version: '10.0', java.version: '17.0.5'
Driver info: org.openqa.selenium.chrome.ChromeDriver
Command: [2441c30c852d88df764b8fc933d8c94d, findElement {using=xpath, value=//input[@id='input-password']/following::div[1]}]
Capabilities {acceptInsecureCerts: false, browserName: chrome, browserVersion: 115.0.5790.110, chrome: {chromedriverVersion: 115.0.5790.102 (90efd4b0ad6..., userDataDir: C:\Users\Zuber\AppData\Loca...}, goog:chromeOptions: {debuggerAddress: localhost:62587}, networkConnectionEnabled: false, pageLoadStrategy: normal, platformName: WINDOWS, proxy: Proxy(), se:cdp: ws://localhost:62587/devtoo..., se:cdpVersion: 115.0.5790.110, setWindowRect: true, strictFileInteractability: false, timeouts: {implicit: 0, pageLoad: 300000, script: 30000}, unhandledPromptBehavior: dismiss and notify, webauthn:extension:credBlob: true, webauthn:extension:largeBlob: true, webauthn:extension:minPinLength: true, webauthn:extension:prf: true, webauthn:virtualAuthenticators: true}
Session ID: 2441c30c852d88df764b8fc933d8c94d
at org.openqa.selenium.remote.codec.w3c.W3CHttpResponseCodec.createException(W3CHttpResponseCodec.java:200)
at org.openqa.selenium.remote.codec.w3c.W3CHttpResponseCodec.decode(W3CHttpResponseCodec.java:133)
at org.openqa.selenium.remote.codec.w3c.W3CHttpResponseCodec.decode(W3CHttpResponseCodec.java:53)
at org.openqa.selenium.remote.HttpCommandExecutor.execute(HttpCommandExecutor.java:184)
at org.openqa.selenium.remote.service.DriverCommandExecutor.invokeExecute(DriverCommandExecutor.java:167)
at org.openqa.selenium.remote.service.DriverCommandExecutor.execute(DriverCommandExecutor.java:142)
at org.openqa.selenium.remote.RemoteWebDriver.execute(RemoteWebDriver.java:541)
at org.openqa.selenium.remote.ElementLocation$ElementFinder$2.findElement(ElementLocation.java:162)
at org.openqa.selenium.remote.ElementLocation.findElement(ElementLocation.java:60)
at org.openqa.selenium.remote.RemoteWebDriver.findElement(RemoteWebDriver.java:365)
at org.openqa.selenium.remote.RemoteWebDriver.findElement(RemoteWebDriver.java:357)
at org.openqa.selenium.support.pagefactory.DefaultElementLocator.findElement(DefaultElementLocator.java:70)
at org.openqa.selenium.support.pagefactory.internal.LocatingElementHandler.invoke(LocatingElementHandler.java:39)
at jdk.proxy2/jdk.proxy2.$Proxy26.getText(Unknown Source)
at com.tutorialsninja.qa.pageObjects.RegisterPageObjects.passwordActualWarningMessage(RegisterPageObjects.java:88)
at com.tutorialsninja.qa.testCases.TestRegister.verifyRegisteringAnAccountToCheckPageFollowingComplexityStandardsPassword(TestRegister.java:245)
at java.base/java.util.ArrayList.forEach(ArrayList.java:1511)
... Removed 32 stack frames]]>
    </failure>
  </testcase> <!-- verifyRegisteringAnAccountToCheckPageFollowingComplexityStandardsPassword -->
  <testcase classname="com.tutorialsninja.qa.testCases.TestRegister" name="verifyRegisteringAnAccountWhetherLeadingandTrailingSpacesTrimmed" time="3.39">
    <failure type="java.lang.AssertionError" message="did not expect [    test    ] but found [    test    ]">
      <![CDATA[java.lang.AssertionError: did not expect [    test    ] but found [    test    ]
at com.tutorialsninja.qa.testCases.TestRegister.verifyRegisteringAnAccountWhetherLeadingandTrailingSpacesTrimmed(TestRegister.java:263)
at java.base/java.util.ArrayList.forEach(ArrayList.java:1511)
... Removed 32 stack frames]]>
    </failure>
  </testcase> <!-- verifyRegisteringAnAccountWhetherLeadingandTrailingSpacesTrimmed -->
  <testcase classname="com.tutorialsninja.qa.testCases.TestRegister" name="verifyRegisteringAnAccountCheckPrivacyPolicyCheckboxIsNotSelectedByDefault" time="1.074"/>
  <testcase classname="com.tutorialsninja.qa.testCases.TestRegister" name="verifyRegisteringAnAccountWithoutSelectingPrivacyPolicyCheckbox" time="2.997"/>
  <testcase classname="com.tutorialsninja.qa.testCases.TestRegister" name="verifyRegisteringAnAccountByFillingPasswordAndWithoutFillingConfirmPassword" time="3.064"/>
  <testcase classname="com.tutorialsninja.qa.testCases.TestLogin" name="verifyLoginToApplicationWithValidCredential" time="1.87"/>
  <testcase classname="com.tutorialsninja.qa.testCases.TestLogin" name="verifyLoginToApplicationWithInvalidCredential" time="1.778"/>
  <testcase classname="com.tutorialsninja.qa.testCases.TestLogin" name="verifyLoginToApplicationWithValidPasswordAndInvalidUserName" time="1.671"/>
  <testcase classname="com.tutorialsninja.qa.testCases.TestLogin" name="verifyLoginToApplicationWithValidUserNameInvalidPassword" time="1.888"/>
  <testcase classname="com.tutorialsninja.qa.testCases.TestLogin" name="verifyLoginToApplicationWithoutProvidingAnyCredentials" time="1.621"/>
  <testcase classname="com.tutorialsninja.qa.testCases.TestLogin" name="verifyLoginToApplicationCheckForgettenPasswordLinkIsPresnetAndClickable" time="1.923"/>
  <testcase classname="com.tutorialsninja.qa.testCases.TestLogin" name="verifyLoginToApplicationWithMultipleTimeUnsuccessfulLoginAttempt" time="1.606"/>
  <testcase classname="com.tutorialsninja.qa.testCases.TestLogin" name="verifyLoginToApplicationWithMultipleTimeUnsuccessfulLoginAttempt" time="1.624"/>
  <testcase classname="com.tutorialsninja.qa.testCases.TestLogin" name="verifyLoginToApplicationWithMultipleTimeUnsuccessfulLoginAttempt" time="1.709"/>
  <testcase classname="com.tutorialsninja.qa.testCases.TestLogin" name="verifyLoginToApplicationWithMultipleTimeUnsuccessfulLoginAttempt" time="1.894"/>
  <testcase classname="com.tutorialsninja.qa.testCases.TestLogin" name="verifyLoginToApplicationWithMultipleTimeUnsuccessfulLoginAttempt" time="1.702"/>
  <testcase classname="com.tutorialsninja.qa.testCases.TestLogin" name="verifyLoginToApplicationWithMultipleTimeUnsuccessfulLoginAttempt" time="1.705"/>
  <testcase classname="com.tutorialsninja.qa.testCases.TestLogin" name="verifyLoginToApplicationWithMultipleTimeUnsuccessfulLoginAttempt" time="1.823"/>
  <testcase classname="com.tutorialsninja.qa.testCases.TestLogin" name="verifyLoginToApplicationWithMultipleTimeUnsuccessfulLoginAttempt" time="1.634"/>
  <testcase classname="com.tutorialsninja.qa.testCases.TestLogin" name="verifyLoginToApplicationWithMultipleTimeUnsuccessfulLoginAttempt" time="1.67"/>
  <testcase classname="com.tutorialsninja.qa.testCases.TestLogin" name="verifyLoginToApplicationWithMultipleTimeUnsuccessfulLoginAttempt" time="1.541"/>
  <testcase classname="com.tutorialsninja.qa.testCases.TestLogin" name="verifyLoginToApplicationByCopyingPasswordFiledText" time="1.559"/>
  <testcase classname="com.tutorialsninja.qa.testCases.TestLogin" name="verifyLoginToApplicationCheckPasswordIsNotVisibleInPageSource" time="2.179">
    <failure type="java.lang.AssertionError" message="did not expect [xyzabc123   ] but found [xyzabc123   ]">
      <![CDATA[java.lang.AssertionError: did not expect [xyzabc123   ] but found [xyzabc123   ]
at com.tutorialsninja.qa.testCases.TestLogin.verifyLoginToApplicationCheckPasswordIsNotVisibleInPageSource(TestLogin.java:190)
at java.base/java.util.ArrayList.forEach(ArrayList.java:1511)
... Removed 32 stack frames]]>
    </failure>
  </testcase> <!-- verifyLoginToApplicationCheckPasswordIsNotVisibleInPageSource -->
  <testcase classname="com.tutorialsninja.qa.testCases.TestLogin" name="verifyLoginToApplicationAfterChangingPassword" time="5.925"/>
  <testcase classname="com.tutorialsninja.qa.testCases.TestLogin" name="verifyLoginToApplicationAfterChangingPasswordAndChangingBackToOriginalPassword" time="7.165"/>
  <testcase classname="com.tutorialsninja.qa.testCases.TestLogin" name="verifyLoginToApplicationCheckUserIsAbleToNavigateToOtherPages" time="2.048"/>
  <testcase classname="com.tutorialsninja.qa.testCases.TestLogout" name="verifyLoggingOutFromApplicationFromMyAccountDropdown" time="1.962"/>
  <testcase classname="com.tutorialsninja.qa.testCases.TestLogout" name="verifyLoggingOutFromApplicationFromLogoutOptionOnPage" time="1.961"/>
  <testcase classname="com.tutorialsninja.qa.testCases.TestLogout" name="verifyLoggingOutFromApplicationLogoutOptionShouldNotDisplayedBeforeLoginToAccountInAccountDrodown" time="10.325"/>
  <testcase classname="com.tutorialsninja.qa.testCases.TestLogout" name="verifyLoggingOutFromApplicationLogoutOptionShouldNotDisplayBeforeLoginUnderRightColumn" time="10.039"/>
  <testcase classname="com.tutorialsninja.qa.testCases.TestLogout" name="verifyLoggingOutFromApplicationAfterLogoutFromOneAccountImmediatelyLoginFromAnotherAccount" time="3.035"/>
  <testcase classname="com.tutorialsninja.qa.testCases.TestForgetPassword" name="verifyForgetPasswordUserAbleToRestorePassword" time="2.99">
    <failure type="java.lang.AssertionError" message="expected [true] but found [false]">
      <![CDATA[java.lang.AssertionError: expected [true] but found [false]
at com.tutorialsninja.qa.testCases.TestForgetPassword.verifyForgetPasswordUserAbleToRestorePassword(TestForgetPassword.java:77)
at java.base/java.util.ArrayList.forEach(ArrayList.java:1511)
... Removed 31 stack frames]]>
    </failure>
  </testcase> <!-- verifyForgetPasswordUserAbleToRestorePassword -->
  <testcase classname="com.tutorialsninja.qa.testCases.TestForgetPassword" name="verifyForgetPasswordCheckLoggingIntoApplicationWithOldPasswordAfterResettingPasswordIntitiatedProcess" time="2.008"/>
  <testcase classname="com.tutorialsninja.qa.testCases.TestForgetPassword" name="verifyForgetPasswordWithNonRegisteredAccount" time="1.254"/>
  <testcase classname="com.tutorialsninja.qa.testCases.TestForgetPassword" name="verifyForgetPasswordWithoutProvidingEmailAddress" time="1.56">
    <failure type="java.lang.AssertionError" message="E-Mail must be between 4 and 20 characters!&amp;apos; should be displayed for &amp;apos;E-Mail Address&amp;apos; field expected [true] but found [false]">
      <![CDATA[java.lang.AssertionError: E-Mail must be between 4 and 20 characters!' should be displayed for 'E-Mail Address' field expected [true] but found [false]
at com.tutorialsninja.qa.testCases.TestForgetPassword.verifyForgetPasswordWithoutProvidingEmailAddress(TestForgetPassword.java:119)
at java.base/java.util.ArrayList.forEach(ArrayList.java:1511)
... Removed 30 stack frames]]>
    </failure>
  </testcase> <!-- verifyForgetPasswordWithoutProvidingEmailAddress -->
  <testcase classname="com.tutorialsninja.qa.testCases.TestSearch" name="verifySearchingWithExistingProductName" time="2.163"/>
  <testcase classname="com.tutorialsninja.qa.testCases.TestSearch" name="verifySearchingWithNonExistingProductName" time="1.799"/>
  <testcase classname="com.tutorialsninja.qa.testCases.TestSearch" name="verifySearchingWithotProvidingAnyProductName" time="1.095"/>
  <testcase classname="com.tutorialsninja.qa.testCases.TestSearch" name="verifySearchingForProductAfterLoginToApplication" time="2.372"/>
  <testcase classname="com.tutorialsninja.qa.testCases.TestSearch" name="verifySearchingWithSearchingCriteria" time="1.284"/>
  <testcase classname="com.tutorialsninja.qa.testCases.TestSearch" name="verifySearchingUsingTextFromProductDescription" time="1.41"/>
  <testcase classname="com.tutorialsninja.qa.testCases.TestSearch" name="verifySearchingBySelectingCategoryOfProduct" time="2.309"/>
  <testcase classname="com.tutorialsninja.qa.testCases.TestSearch" name="verifySearchingBySelectingSearchInSubcategories" time="1.629"/>
  <testcase classname="com.tutorialsninja.qa.testCases.TestSearch" name="verifySearchingViewListAndGridWhenOnePrdouctDisplayed" time="3.532"/>
  <testcase classname="com.tutorialsninja.qa.testCases.TestAddToCart" name="verifyAddToCartByAddingProductToCartFromProductDisplayPage" time="4.818"/>
  <testcase classname="com.tutorialsninja.qa.testCases.TestAddToCart" name="VerifyAddToCartAddingProductFromWishList" time="3.726"/>
  <testcase classname="com.tutorialsninja.qa.testCases.TestAddToCart" name="verifyAddToCartAddingProductToCartFromSearchPage" time="3.223">
    <failure type="org.openqa.selenium.ElementClickInterceptedException" message="element click intercepted: Element &amp;lt;button type=&amp;quot;button&amp;quot; data-toggle=&amp;quot;dropdown&amp;quot; data-loading-text=&amp;quot;Loading...&amp;quot; class=&amp;quot;btn btn-inverse btn-block btn-lg dropdown-toggle&amp;quot;&amp;gt;...&amp;lt;/button&amp;gt; is not clickable at point (1113, 20). Other element would receive the click: &amp;lt;span class=&amp;quot;hidden-xs hidden-sm hidden-md&amp;quot;&amp;gt;...&amp;lt;/span&amp;gt;
  (Session info: chrome=115.0.5790.110)
Build info: version: &amp;apos;4.6.0&amp;apos;, revision: &amp;apos;79f1c02ae20&amp;apos;
System info: os.name: &amp;apos;Windows 10&amp;apos;, os.arch: &amp;apos;amd64&amp;apos;, os.version: &amp;apos;10.0&amp;apos;, java.version: &amp;apos;17.0.5&amp;apos;
Driver info: org.openqa.selenium.chrome.ChromeDriver
Command: [185cf89c848455bd201b015784b622fa, clickElement {id=D1B5C0DD1C73614916765338A1B90249_element_56}]
Capabilities {acceptInsecureCerts: false, browserName: chrome, browserVersion: 115.0.5790.110, chrome: {chromedriverVersion: 115.0.5790.102 (90efd4b0ad6..., userDataDir: C:\Users\Zuber\AppData\Loca...}, goog:chromeOptions: {debuggerAddress: localhost:63682}, networkConnectionEnabled: false, pageLoadStrategy: normal, platformName: WINDOWS, proxy: Proxy(), se:cdp: ws://localhost:63682/devtoo..., se:cdpVersion: 115.0.5790.110, setWindowRect: true, strictFileInteractability: false, timeouts: {implicit: 0, pageLoad: 300000, script: 30000}, unhandledPromptBehavior: dismiss and notify, webauthn:extension:credBlob: true, webauthn:extension:largeBlob: true, webauthn:extension:minPinLength: true, webauthn:extension:prf: true, webauthn:virtualAuthenticators: true}
Element: [[ChromeDriver: chrome on WINDOWS (185cf89c848455bd201b015784b622fa)] -&amp;gt; xpath:  //div[@id=&amp;apos;cart&amp;apos;]/button]
Session ID: 185cf89c848455bd201b015784b622fa">
      <![CDATA[org.openqa.selenium.ElementClickInterceptedException: element click intercepted: Element <button type="button" data-toggle="dropdown" data-loading-text="Loading..." class="btn btn-inverse btn-block btn-lg dropdown-toggle">...</button> is not clickable at point (1113, 20). Other element would receive the click: <span class="hidden-xs hidden-sm hidden-md">...</span>
  (Session info: chrome=115.0.5790.110)
Build info: version: '4.6.0', revision: '79f1c02ae20'
System info: os.name: 'Windows 10', os.arch: 'amd64', os.version: '10.0', java.version: '17.0.5'
Driver info: org.openqa.selenium.chrome.ChromeDriver
Command: [185cf89c848455bd201b015784b622fa, clickElement {id=D1B5C0DD1C73614916765338A1B90249_element_56}]
Capabilities {acceptInsecureCerts: false, browserName: chrome, browserVersion: 115.0.5790.110, chrome: {chromedriverVersion: 115.0.5790.102 (90efd4b0ad6..., userDataDir: C:\Users\Zuber\AppData\Loca...}, goog:chromeOptions: {debuggerAddress: localhost:63682}, networkConnectionEnabled: false, pageLoadStrategy: normal, platformName: WINDOWS, proxy: Proxy(), se:cdp: ws://localhost:63682/devtoo..., se:cdpVersion: 115.0.5790.110, setWindowRect: true, strictFileInteractability: false, timeouts: {implicit: 0, pageLoad: 300000, script: 30000}, unhandledPromptBehavior: dismiss and notify, webauthn:extension:credBlob: true, webauthn:extension:largeBlob: true, webauthn:extension:minPinLength: true, webauthn:extension:prf: true, webauthn:virtualAuthenticators: true}
Element: [[ChromeDriver: chrome on WINDOWS (185cf89c848455bd201b015784b622fa)] -> xpath:  //div[@id='cart']/button]
Session ID: 185cf89c848455bd201b015784b622fa
at org.openqa.selenium.remote.codec.w3c.W3CHttpResponseCodec.createException(W3CHttpResponseCodec.java:200)
at org.openqa.selenium.remote.codec.w3c.W3CHttpResponseCodec.decode(W3CHttpResponseCodec.java:133)
at org.openqa.selenium.remote.codec.w3c.W3CHttpResponseCodec.decode(W3CHttpResponseCodec.java:53)
at org.openqa.selenium.remote.HttpCommandExecutor.execute(HttpCommandExecutor.java:184)
at org.openqa.selenium.remote.service.DriverCommandExecutor.invokeExecute(DriverCommandExecutor.java:167)
at org.openqa.selenium.remote.service.DriverCommandExecutor.execute(DriverCommandExecutor.java:142)
at org.openqa.selenium.remote.RemoteWebDriver.execute(RemoteWebDriver.java:541)
at org.openqa.selenium.remote.RemoteWebElement.execute(RemoteWebElement.java:257)
at org.openqa.selenium.remote.RemoteWebElement.click(RemoteWebElement.java:78)
at org.openqa.selenium.support.pagefactory.internal.LocatingElementHandler.invoke(LocatingElementHandler.java:52)
at jdk.proxy2/jdk.proxy2.$Proxy26.click(Unknown Source)
at com.tutorialsninja.qa.pageObjects.SearchResultPageObjects.cartButtonInBlackColour(SearchResultPageObjects.java:110)
at com.tutorialsninja.qa.testCases.TestAddToCart.verifyAddToCartAddingProductToCartFromSearchPage(TestAddToCart.java:81)
at java.base/java.util.ArrayList.forEach(ArrayList.java:1511)
... Removed 35 stack frames]]>
    </failure>
  </testcase> <!-- verifyAddToCartAddingProductToCartFromSearchPage -->
  <testcase classname="com.tutorialsninja.qa.testCases.TestAddToCart" name="verifyAddToCartProductToCartFromRelatedProductsSectionOfProductDisplayPage" time="3.778"/>
  <testcase classname="com.tutorialsninja.qa.testCases.TestAddToCart" name="verifyAddToCartAddingProductToCartFromTheProductsDisplayedInCategoryOrSubCategory" time="3.381"/>
  <testcase classname="com.tutorialsninja.qa.testCases.TestAddToCart" name="verifyAddtoCartByAddingProductToCartFromProductComparisonPage" time="2.875"/>
</testsuite> <!-- Automation Test cases -->
