<!DOCTYPE html PUBLIC "-//W3C//DTD XHTML 1.1//EN" "https://www.w3.org/TR/xhtml11/DTD/xhtml11.dtd">
<html xmlns="https://www.w3.org/1999/xhtml">
<head>
<meta http-equiv="content-type" content="text/html; charset=UTF-8"/>
<title>TestNG Report</title>
<style type="text/css">table {margin-bottom:10px;border-collapse:collapse;empty-cells:show}th,td {border:1px solid #009;padding:.25em .5em}th {vertical-align:bottom}td {vertical-align:top}table a {font-weight:bold}.stripe td {background-color: #E6EBF9}.num {text-align:right}.passedodd td {background-color: #3F3}.passedeven td {background-color: #0A0}.skippedodd td {background-color: #DDD}.skippedeven td {background-color: #CCC}.failedodd td,.attn {background-color: #F33}.failedeven td,.stripe .attn {background-color: #D00}.stacktrace {white-space:pre;font-family:monospace}.totop {font-size:85%;text-align:center;border-bottom:2px solid #000}.invisible {display:none}</style>
</head>
<body>
<table>
<tr><th>Test</th><th># Passed</th><th># Skipped</th><th># Retried</th><th># Failed</th><th>Time (ms)</th><th>Included Groups</th><th>Excluded Groups</th></tr>
<tr><th colspan="8">Automation Test Suite</th></tr>
<tr><td><a href="#t0">Automation Test cases</a></td><td class="num">44</td><td class="num">0</td><td class="num">0</td><td class="num attn">13</td><td class="num">508,495</td><td></td><td></td></tr>
</table>
<table id='summary'><thead><tr><th>Class</th><th>Method</th><th>Start</th><th>Time (ms)</th></tr></thead><tbody><tr><th colspan="4">Automation Test Suite</th></tr></tbody><tbody id="t0"><tr><th colspan="4">Automation Test cases &#8212; failed</th></tr><tr class="failedeven"><td rowspan="2">com.tutorialsninja.qa.testCases.TestForgetPassword</td><td><a href="#m0">verifyForgetPasswordUserAbleToRestorePassword</a></td><td rowspan="1">1689158892698</td><td rowspan="1">2256</td></tr><tr class="failedeven"><td><a href="#m1">verifyForgetPasswordWithoutProvidingEmailAddress</a></td><td rowspan="1">1689158917205</td><td rowspan="1">829</td></tr><tr class="failedodd"><td rowspan="3">com.tutorialsninja.qa.testCases.TestLogin</td><td><a href="#m2">verifyLoginToApplicationCheckPasswordIsNotVisibleInPageSource</a></td><td rowspan="1">1689158769815</td><td rowspan="1">1751</td></tr><tr class="failedodd"><td><a href="#m3">verifyLoginToApplicationWithValidCredentialBrowsingBackUsingBrowserBackButton</a></td><td rowspan="1">1689158658743</td><td rowspan="1">12469</td></tr><tr class="failedodd"><td><a href="#m4">verifyLoginToApplicationaLoginAfterThatLogoutAndBrowserBackUsingBrowserButtton</a></td><td rowspan="1">1689158676843</td><td rowspan="1">2466</td></tr><tr class="failedeven"><td rowspan="3">com.tutorialsninja.qa.testCases.TestLogout</td><td><a href="#m5">verifyLoggingOutFromApplicationAndBrowsingBack</a></td><td rowspan="1">1689158841662</td><td rowspan="1">1559</td></tr><tr class="failedeven"><td><a href="#m6">verifyLoggingOutFromApplicationFromLogoutOptionOnPage</a></td><td rowspan="1">1689158822930</td><td rowspan="1">11966</td></tr><tr class="failedeven"><td><a href="#m7">verifyLoggingOutFromApplicationFromMyAccountDropdown</a></td><td rowspan="1">1689158805016</td><td rowspan="1">11787</td></tr><tr class="failedodd"><td rowspan="5">com.tutorialsninja.qa.testCases.TestRegister</td><td><a href="#m8">verifyRegisteringAnAccountByInvalidPhonenumbers</a></td><td rowspan="2">1689158554139</td><td rowspan="2">2747</td></tr><tr class="failedodd"><td><a href="#m9">verifyRegisteringAnAccountByInvalidPhonenumbers</a></td></tr><tr class="failedodd"><td><a href="#m10">verifyRegisteringAnAccountByProvidingSpacesInTheFields</a></td><td rowspan="1">1689158562203</td><td rowspan="1">2544</td></tr><tr class="failedodd"><td><a href="#m11">verifyRegisteringAnAccountToCheckPageFollowingComplexityStandardsPassword</a></td><td rowspan="1">1689158570178</td><td rowspan="1">12652</td></tr><tr class="failedodd"><td><a href="#m12">verifyRegisteringAnAccountWhetherLeadingandTrailingSpacesTrimmed</a></td><td rowspan="1">1689158588210</td><td rowspan="1">2994</td></tr><tr><th colspan="4">Automation Test cases &#8212; passed</th></tr><tr class="passedeven"><td rowspan="2">com.tutorialsninja.qa.testCases.TestForgetPassword</td><td><a href="#m13">verifyForgetPasswordCheckLoggingIntoApplicationWithOldPasswordAfterResettingPasswordIntitiatedProcess</a></td><td rowspan="1">1689158901367</td><td rowspan="1">2059</td></tr><tr class="passedeven"><td><a href="#m14">verifyForgetPasswordWithNonRegisteredAccount</a></td><td rowspan="1">1689158909291</td><td rowspan="1">1715</td></tr><tr class="passedodd"><td rowspan="20">com.tutorialsninja.qa.testCases.TestLogin</td><td><a href="#m15">verifyLoginToApplicationAfterChangingPassword</a></td><td rowspan="1">1689158776784</td><td rowspan="1">5126</td></tr><tr class="passedodd"><td><a href="#m16">verifyLoginToApplicationAfterChangingPasswordAndChangingBackToOriginalPassword</a></td><td rowspan="1">1689158794370</td><td rowspan="1">5036</td></tr><tr class="passedodd"><td><a href="#m17">verifyLoginToApplicationByCopyingPasswordFiledText</a></td><td rowspan="1">1689158762386</td><td rowspan="1">1998</td></tr><tr class="passedodd"><td><a href="#m18">verifyLoginToApplicationCheckForgettenPasswordLinkIsPresnetAndClickable</a></td><td rowspan="1">1689158652147</td><td rowspan="1">1498</td></tr><tr class="passedodd"><td><a href="#m19">verifyLoginToApplicationCheckUserIsAbleToNavigateToOtherPages</a></td><td rowspan="1">1689158787158</td><td rowspan="1">2055</td></tr><tr class="passedodd"><td><a href="#m20">verifyLoginToApplicationWithInvalidCredential</a></td><td rowspan="1">1689158624434</td><td rowspan="1">1674</td></tr><tr class="passedodd"><td><a href="#m21">verifyLoginToApplicationWithMultipleTimeUnsuccessfulLoginAttempt</a></td><td rowspan="10">1689158755560</td><td rowspan="10">1644</td></tr><tr class="passedodd"><td><a href="#m22">verifyLoginToApplicationWithMultipleTimeUnsuccessfulLoginAttempt</a></td></tr><tr class="passedodd"><td><a href="#m23">verifyLoginToApplicationWithMultipleTimeUnsuccessfulLoginAttempt</a></td></tr><tr class="passedodd"><td><a href="#m24">verifyLoginToApplicationWithMultipleTimeUnsuccessfulLoginAttempt</a></td></tr><tr class="passedodd"><td><a href="#m25">verifyLoginToApplicationWithMultipleTimeUnsuccessfulLoginAttempt</a></td></tr><tr class="passedodd"><td><a href="#m26">verifyLoginToApplicationWithMultipleTimeUnsuccessfulLoginAttempt</a></td></tr><tr class="passedodd"><td><a href="#m27">verifyLoginToApplicationWithMultipleTimeUnsuccessfulLoginAttempt</a></td></tr><tr class="passedodd"><td><a href="#m28">verifyLoginToApplicationWithMultipleTimeUnsuccessfulLoginAttempt</a></td></tr><tr class="passedodd"><td><a href="#m29">verifyLoginToApplicationWithMultipleTimeUnsuccessfulLoginAttempt</a></td></tr><tr class="passedodd"><td><a href="#m30">verifyLoginToApplicationWithMultipleTimeUnsuccessfulLoginAttempt</a></td></tr><tr class="passedodd"><td><a href="#m31">verifyLoginToApplicationWithValidCredential</a></td><td rowspan="1">1689158617702</td><td rowspan="1">1709</td></tr><tr class="passedodd"><td><a href="#m32">verifyLoginToApplicationWithValidPasswordAndInvalidUserName</a></td><td rowspan="1">1689158631538</td><td rowspan="1">1741</td></tr><tr class="passedodd"><td><a href="#m33">verifyLoginToApplicationWithValidUserNameInvalidPassword</a></td><td rowspan="1">1689158638279</td><td rowspan="1">1784</td></tr><tr class="passedodd"><td><a href="#m34">verifyLoginToApplicationWithoutProvidingAnyCredentials</a></td><td rowspan="1">1689158645495</td><td rowspan="1">1558</td></tr><tr class="passedeven"><td rowspan="3">com.tutorialsninja.qa.testCases.TestLogout</td><td><a href="#m35">verifyLoggingOutFromApplicationAfterLogoutFromOneAccountImmediatelyLoginFromAnotherAccount</a></td><td rowspan="1">1689158884278</td><td rowspan="1">2808</td></tr><tr class="passedeven"><td><a href="#m36">verifyLoggingOutFromApplicationLogoutOptionShouldNotDisplayBeforeLoginUnderRightColumn</a></td><td rowspan="1">1689158868570</td><td rowspan="1">10017</td></tr><tr class="passedeven"><td><a href="#m37">verifyLoggingOutFromApplicationLogoutOptionShouldNotDisplayedBeforeLoginToAccountInAccountDrodown</a></td><td rowspan="1">1689158852506</td><td rowspan="1">10182</td></tr><tr class="passedodd"><td rowspan="13">com.tutorialsninja.qa.testCases.TestRegister</td><td><a href="#m38">verifyRegisteringAnAccountByFillingPasswordAndWithoutFillingConfirmPassword</a></td><td rowspan="1">1689158610331</td><td rowspan="1">2691</td></tr><tr class="passedodd"><td><a href="#m39">verifyRegisteringAnAccountByInvalidEmails</a></td><td rowspan="3">1689158523001</td><td rowspan="3">2640</td></tr><tr class="passedodd"><td><a href="#m40">verifyRegisteringAnAccountByInvalidEmails</a></td></tr><tr class="passedodd"><td><a href="#m41">verifyRegisteringAnAccountByInvalidEmails</a></td></tr><tr class="passedodd"><td><a href="#m42">verifyRegisteringAnAccountByProvidingAllField</a></td><td rowspan="1">1689158465014</td><td rowspan="1">3338</td></tr><tr class="passedodd"><td><a href="#m43">verifyRegisteringAnAccountByProvidingDifferentPasswordInPasswordAndConfirmPassword</a></td><td rowspan="1">1689158505280</td><td rowspan="1">3564</td></tr><tr class="passedodd"><td><a href="#m44">verifyRegisteringAnAccountByProvidingExistingAccount</a></td><td rowspan="1">1689158513941</td><td rowspan="1">2456</td></tr><tr class="passedodd"><td><a href="#m45">verifyRegisteringAnAccountByProvidingMandatoryField</a></td><td rowspan="1">1689158456130</td><td rowspan="1">3194</td></tr><tr class="passedodd"><td><a href="#m46">verifyRegisteringAnAccountBySelectingNewsletterNO</a></td><td rowspan="1">1689158481364</td><td rowspan="1">3715</td></tr><tr class="passedodd"><td><a href="#m47">verifyRegisteringAnAccountBySelectingNewsletterNOYES</a></td><td rowspan="1">1689158491455</td><td rowspan="1">7191</td></tr><tr class="passedodd"><td><a href="#m48">verifyRegisteringAnAccountCheckPrivacyPolicyCheckboxIsNotSelectedByDefault</a></td><td rowspan="1">1689158596459</td><td rowspan="1">1122</td></tr><tr class="passedodd"><td><a href="#m49">verifyRegisteringAnAccountWithoutSelectingPrivacyPolicyCheckbox</a></td><td rowspan="1">1689158602693</td><td rowspan="1">2481</td></tr><tr class="passedodd"><td><a href="#m50">verifyRegisteringNotificationMessagesForMandatoryFieldBYNotProvidingFileds</a></td><td rowspan="1">1689158473860</td><td rowspan="1">1637</td></tr><tr class="passedeven"><td rowspan="6">com.tutorialsninja.qa.testCases.TestSearch</td><td><a href="#m51">verifySearchingForProductAfterLoginToApplication</a></td><td rowspan="1">1689158941317</td><td rowspan="1">2193</td></tr><tr class="passedeven"><td><a href="#m52">verifySearchingUsingTextFromProductDescription</a></td><td rowspan="1">1689158954796</td><td rowspan="1">1298</td></tr><tr class="passedeven"><td><a href="#m53">verifySearchingWithExistingProductName</a></td><td rowspan="1">1689158923583</td><td rowspan="1">903</td></tr><tr class="passedeven"><td><a href="#m54">verifySearchingWithNonExistingProductName</a></td><td rowspan="1">1689158929215</td><td rowspan="1">1117</td></tr><tr class="passedeven"><td><a href="#m55">verifySearchingWithSearchingCriteria</a></td><td rowspan="1">1689158948612</td><td rowspan="1">1235</td></tr><tr class="passedeven"><td><a href="#m56">verifySearchingWithotProvidingAnyProductName</a></td><td rowspan="1">1689158935515</td><td rowspan="1">606</td></tr></tbody>
</table>
<h2>Automation Test cases</h2><h3 id="m0">com.tutorialsninja.qa.testCases.TestForgetPassword#verifyForgetPasswordUserAbleToRestorePassword</h3><table class="result"><tr><th>Exception</th></tr><tr><td><div class="stacktrace">java.lang.AssertionError: expected [true] but found [false]
	at com.tutorialsninja.qa.testCases.TestForgetPassword.verifyForgetPasswordUserAbleToRestorePassword(TestForgetPassword.java:77)
	at java.base/java.util.ArrayList.forEach(ArrayList.java:1511)
... Removed 31 stack frames</div></td></tr></table><p class="totop"><a href="#summary">back to summary</a></p>
<h3 id="m1">com.tutorialsninja.qa.testCases.TestForgetPassword#verifyForgetPasswordWithoutProvidingEmailAddress</h3><table class="result"><tr><th>Exception</th></tr><tr><td><div class="stacktrace">java.lang.AssertionError: E-Mail must be between 4 and 20 characters!&apos; should be displayed for &apos;E-Mail Address&apos; field expected [true] but found [false]
	at com.tutorialsninja.qa.testCases.TestForgetPassword.verifyForgetPasswordWithoutProvidingEmailAddress(TestForgetPassword.java:119)
	at java.base/java.util.ArrayList.forEach(ArrayList.java:1511)
... Removed 30 stack frames</div></td></tr></table><p class="totop"><a href="#summary">back to summary</a></p>
<h3 id="m2">com.tutorialsninja.qa.testCases.TestLogin#verifyLoginToApplicationCheckPasswordIsNotVisibleInPageSource</h3><table class="result"><tr><th>Exception</th></tr><tr><td><div class="stacktrace">java.lang.AssertionError: did not expect [xyzabc123   ] but found [xyzabc123   ]
	at com.tutorialsninja.qa.testCases.TestLogin.verifyLoginToApplicationCheckPasswordIsNotVisibleInPageSource(TestLogin.java:179)
	at java.base/java.util.ArrayList.forEach(ArrayList.java:1511)
... Removed 32 stack frames</div></td></tr></table><p class="totop"><a href="#summary">back to summary</a></p>
<h3 id="m3">com.tutorialsninja.qa.testCases.TestLogin#verifyLoginToApplicationWithValidCredentialBrowsingBackUsingBrowserBackButton</h3><table class="result"><tr><th>Exception</th></tr><tr><td><div class="stacktrace">org.openqa.selenium.NoSuchElementException: no such element: Unable to locate element: {&quot;method&quot;:&quot;xpath&quot;,&quot;selector&quot;:&quot;(//div[@class=&apos;well&apos;])[2]/h2&quot;}
  (Session info: MicrosoftEdge=114.0.1823.79)
For documentation on this error, please visit: https://selenium.dev/exceptions/#no_such_element
Build info: version: &apos;4.6.0&apos;, revision: &apos;79f1c02ae20&apos;
System info: os.name: &apos;Windows 10&apos;, os.arch: &apos;amd64&apos;, os.version: &apos;10.0&apos;, java.version: &apos;17.0.5&apos;
Driver info: org.openqa.selenium.edge.EdgeDriver
Command: [731cea919ca2ee07826c56b333a01916, findElement {using=xpath, value=(//div[@class=&apos;well&apos;])[2]/h2}]
Capabilities {acceptInsecureCerts: false, browserName: msedge, browserVersion: 114.0.1823.79, ms:edgeOptions: {debuggerAddress: localhost:63829}, msedge: {msedgedriverVersion: 114.0.1823.79 (c0c722a9579e..., userDataDir: C:\Users\Zuber\AppData\Loca...}, networkConnectionEnabled: false, pageLoadStrategy: normal, platformName: WINDOWS, proxy: Proxy(), se:cdp: ws://localhost:63829/devtoo..., se:cdpVersion: 114.0.1823.79, setWindowRect: true, strictFileInteractability: false, timeouts: {implicit: 0, pageLoad: 300000, script: 30000}, unhandledPromptBehavior: dismiss and notify, webauthn:extension:credBlob: true, webauthn:extension:largeBlob: true, webauthn:extension:minPinLength: true, webauthn:extension:prf: true, webauthn:virtualAuthenticators: true}
Session ID: 731cea919ca2ee07826c56b333a01916
	at org.openqa.selenium.remote.codec.w3c.W3CHttpResponseCodec.createException(W3CHttpResponseCodec.java:200)
	at org.openqa.selenium.remote.codec.w3c.W3CHttpResponseCodec.decode(W3CHttpResponseCodec.java:133)
	at org.openqa.selenium.remote.codec.w3c.W3CHttpResponseCodec.decode(W3CHttpResponseCodec.java:53)
	at org.openqa.selenium.remote.HttpCommandExecutor.execute(HttpCommandExecutor.java:184)
	at org.openqa.selenium.remote.service.DriverCommandExecutor.invokeExecute(DriverCommandExecutor.java:167)
	at org.openqa.selenium.remote.service.DriverCommandExecutor.execute(DriverCommandExecutor.java:142)
	at org.openqa.selenium.remote.RemoteWebDriver.execute(RemoteWebDriver.java:541)
	at org.openqa.selenium.remote.ElementLocation$ElementFinder$2.findElement(ElementLocation.java:162)
	at org.openqa.selenium.remote.ElementLocation.findElement(ElementLocation.java:60)
	at org.openqa.selenium.remote.RemoteWebDriver.findElement(RemoteWebDriver.java:365)
	at org.openqa.selenium.remote.RemoteWebDriver.findElement(RemoteWebDriver.java:357)
	at org.openqa.selenium.support.pagefactory.DefaultElementLocator.findElement(DefaultElementLocator.java:70)
	at org.openqa.selenium.support.pagefactory.internal.LocatingElementHandler.invoke(LocatingElementHandler.java:39)
	at jdk.proxy2/jdk.proxy2.$Proxy26.getText(Unknown Source)
	at com.tutorialsninja.qa.pageObjects.LoginPageObjects.returningCustomerActualText(LoginPageObjects.java:107)
	at com.tutorialsninja.qa.testCases.TestLogin.verifyLoginToApplicationWithValidCredentialBrowsingBackUsingBrowserBackButton(TestLogin.java:117)
	at java.base/java.util.ArrayList.forEach(ArrayList.java:1511)
... Removed 32 stack frames</div></td></tr></table><p class="totop"><a href="#summary">back to summary</a></p>
<h3 id="m4">com.tutorialsninja.qa.testCases.TestLogin#verifyLoginToApplicationaLoginAfterThatLogoutAndBrowserBackUsingBrowserButtton</h3><table class="result"><tr><th>Exception</th></tr><tr><td><div class="stacktrace">java.lang.AssertionError: expected [Account Logout] but found [My Account]
	at com.tutorialsninja.qa.testCases.TestLogin.verifyLoginToApplicationaLoginAfterThatLogoutAndBrowserBackUsingBrowserButtton(TestLogin.java:137)
	at java.base/java.util.ArrayList.forEach(ArrayList.java:1511)
... Removed 33 stack frames</div></td></tr></table><p class="totop"><a href="#summary">back to summary</a></p>
<h3 id="m5">com.tutorialsninja.qa.testCases.TestLogout#verifyLoggingOutFromApplicationAndBrowsingBack</h3><table class="result"><tr><th>Exception</th></tr><tr><td><div class="stacktrace">java.lang.AssertionError: expected [Account Logout] but found [My Account]
	at com.tutorialsninja.qa.testCases.TestLogout.verifyLoggingOutFromApplicationAndBrowsingBack(TestLogout.java:68)
	at java.base/java.util.ArrayList.forEach(ArrayList.java:1511)
... Removed 33 stack frames</div></td></tr></table><p class="totop"><a href="#summary">back to summary</a></p>
<h3 id="m6">com.tutorialsninja.qa.testCases.TestLogout#verifyLoggingOutFromApplicationFromLogoutOptionOnPage</h3><table class="result"><tr><th>Exception</th></tr><tr><td><div class="stacktrace">org.openqa.selenium.NoSuchElementException: no such element: Unable to locate element: {&quot;method&quot;:&quot;link text&quot;,&quot;selector&quot;:&quot;Your Store&quot;}
  (Session info: MicrosoftEdge=114.0.1823.79)
For documentation on this error, please visit: https://selenium.dev/exceptions/#no_such_element
Build info: version: &apos;4.6.0&apos;, revision: &apos;79f1c02ae20&apos;
System info: os.name: &apos;Windows 10&apos;, os.arch: &apos;amd64&apos;, os.version: &apos;10.0&apos;, java.version: &apos;17.0.5&apos;
Driver info: org.openqa.selenium.edge.EdgeDriver
Command: [d7a3105d1994dccc326282167563e033, findElement {using=link text, value=Your Store}]
Capabilities {acceptInsecureCerts: false, browserName: msedge, browserVersion: 114.0.1823.79, ms:edgeOptions: {debuggerAddress: localhost:64569}, msedge: {msedgedriverVersion: 114.0.1823.79 (c0c722a9579e..., userDataDir: C:\Users\Zuber\AppData\Loca...}, networkConnectionEnabled: false, pageLoadStrategy: normal, platformName: WINDOWS, proxy: Proxy(), se:cdp: ws://localhost:64569/devtoo..., se:cdpVersion: 114.0.1823.79, setWindowRect: true, strictFileInteractability: false, timeouts: {implicit: 0, pageLoad: 300000, script: 30000}, unhandledPromptBehavior: dismiss and notify, webauthn:extension:credBlob: true, webauthn:extension:largeBlob: true, webauthn:extension:minPinLength: true, webauthn:extension:prf: true, webauthn:virtualAuthenticators: true}
Session ID: d7a3105d1994dccc326282167563e033
	at org.openqa.selenium.remote.codec.w3c.W3CHttpResponseCodec.createException(W3CHttpResponseCodec.java:200)
	at org.openqa.selenium.remote.codec.w3c.W3CHttpResponseCodec.decode(W3CHttpResponseCodec.java:133)
	at org.openqa.selenium.remote.codec.w3c.W3CHttpResponseCodec.decode(W3CHttpResponseCodec.java:53)
	at org.openqa.selenium.remote.HttpCommandExecutor.execute(HttpCommandExecutor.java:184)
	at org.openqa.selenium.remote.service.DriverCommandExecutor.invokeExecute(DriverCommandExecutor.java:167)
	at org.openqa.selenium.remote.service.DriverCommandExecutor.execute(DriverCommandExecutor.java:142)
	at org.openqa.selenium.remote.RemoteWebDriver.execute(RemoteWebDriver.java:541)
	at org.openqa.selenium.remote.ElementLocation$ElementFinder$2.findElement(ElementLocation.java:162)
	at org.openqa.selenium.remote.ElementLocation.findElement(ElementLocation.java:60)
	at org.openqa.selenium.remote.RemoteWebDriver.findElement(RemoteWebDriver.java:365)
	at org.openqa.selenium.remote.RemoteWebDriver.findElement(RemoteWebDriver.java:357)
	at org.openqa.selenium.support.pagefactory.DefaultElementLocator.findElement(DefaultElementLocator.java:70)
	at org.openqa.selenium.support.pagefactory.internal.LocatingElementHandler.invoke(LocatingElementHandler.java:39)
	at jdk.proxy2/jdk.proxy2.$Proxy26.getText(Unknown Source)
	at com.tutorialsninja.qa.pageObjects.HomePageObjects.yourStoreActualText(HomePageObjects.java:57)
	at com.tutorialsninja.qa.testCases.TestLogout.verifyLoggingOutFromApplicationFromLogoutOptionOnPage(TestLogout.java:57)
	at java.base/java.util.ArrayList.forEach(ArrayList.java:1511)
... Removed 32 stack frames</div></td></tr></table><p class="totop"><a href="#summary">back to summary</a></p>
<h3 id="m7">com.tutorialsninja.qa.testCases.TestLogout#verifyLoggingOutFromApplicationFromMyAccountDropdown</h3><table class="result"><tr><th>Exception</th></tr><tr><td><div class="stacktrace">org.openqa.selenium.NoSuchElementException: no such element: Unable to locate element: {&quot;method&quot;:&quot;link text&quot;,&quot;selector&quot;:&quot;Your Store&quot;}
  (Session info: MicrosoftEdge=114.0.1823.79)
For documentation on this error, please visit: https://selenium.dev/exceptions/#no_such_element
Build info: version: &apos;4.6.0&apos;, revision: &apos;79f1c02ae20&apos;
System info: os.name: &apos;Windows 10&apos;, os.arch: &apos;amd64&apos;, os.version: &apos;10.0&apos;, java.version: &apos;17.0.5&apos;
Driver info: org.openqa.selenium.edge.EdgeDriver
Command: [2712315ea7abdb7d912c4e8806ea5ef5, findElement {using=link text, value=Your Store}]
Capabilities {acceptInsecureCerts: false, browserName: msedge, browserVersion: 114.0.1823.79, ms:edgeOptions: {debuggerAddress: localhost:64527}, msedge: {msedgedriverVersion: 114.0.1823.79 (c0c722a9579e..., userDataDir: C:\Users\Zuber\AppData\Loca...}, networkConnectionEnabled: false, pageLoadStrategy: normal, platformName: WINDOWS, proxy: Proxy(), se:cdp: ws://localhost:64527/devtoo..., se:cdpVersion: 114.0.1823.79, setWindowRect: true, strictFileInteractability: false, timeouts: {implicit: 0, pageLoad: 300000, script: 30000}, unhandledPromptBehavior: dismiss and notify, webauthn:extension:credBlob: true, webauthn:extension:largeBlob: true, webauthn:extension:minPinLength: true, webauthn:extension:prf: true, webauthn:virtualAuthenticators: true}
Session ID: 2712315ea7abdb7d912c4e8806ea5ef5
	at org.openqa.selenium.remote.codec.w3c.W3CHttpResponseCodec.createException(W3CHttpResponseCodec.java:200)
	at org.openqa.selenium.remote.codec.w3c.W3CHttpResponseCodec.decode(W3CHttpResponseCodec.java:133)
	at org.openqa.selenium.remote.codec.w3c.W3CHttpResponseCodec.decode(W3CHttpResponseCodec.java:53)
	at org.openqa.selenium.remote.HttpCommandExecutor.execute(HttpCommandExecutor.java:184)
	at org.openqa.selenium.remote.service.DriverCommandExecutor.invokeExecute(DriverCommandExecutor.java:167)
	at org.openqa.selenium.remote.service.DriverCommandExecutor.execute(DriverCommandExecutor.java:142)
	at org.openqa.selenium.remote.RemoteWebDriver.execute(RemoteWebDriver.java:541)
	at org.openqa.selenium.remote.ElementLocation$ElementFinder$2.findElement(ElementLocation.java:162)
	at org.openqa.selenium.remote.ElementLocation.findElement(ElementLocation.java:60)
	at org.openqa.selenium.remote.RemoteWebDriver.findElement(RemoteWebDriver.java:365)
	at org.openqa.selenium.remote.RemoteWebDriver.findElement(RemoteWebDriver.java:357)
	at org.openqa.selenium.support.pagefactory.DefaultElementLocator.findElement(DefaultElementLocator.java:70)
	at org.openqa.selenium.support.pagefactory.internal.LocatingElementHandler.invoke(LocatingElementHandler.java:39)
	at jdk.proxy2/jdk.proxy2.$Proxy26.getText(Unknown Source)
	at com.tutorialsninja.qa.pageObjects.HomePageObjects.yourStoreActualText(HomePageObjects.java:57)
	at com.tutorialsninja.qa.testCases.TestLogout.verifyLoggingOutFromApplicationFromMyAccountDropdown(TestLogout.java:47)
	at java.base/java.util.ArrayList.forEach(ArrayList.java:1511)
... Removed 32 stack frames</div></td></tr></table><p class="totop"><a href="#summary">back to summary</a></p>
<h3 id="m8">com.tutorialsninja.qa.testCases.TestRegister#verifyRegisteringAnAccountByInvalidPhonenumbers</h3><table class="result"><tr class="param"><th>Parameter #1</th></tr><tr class="param stripe"><td>abcde</td></tr><tr><th>Exception</th></tr><tr><td><div class="stacktrace">java.lang.AssertionError: expected [true] but found [false]
	at com.tutorialsninja.qa.testCases.TestRegister.verifyRegisteringAnAccountByInvalidPhonenumbers(TestRegister.java:196)
	at java.base/java.util.ArrayList.forEach(ArrayList.java:1511)
... Removed 31 stack frames</div></td></tr></table><p class="totop"><a href="#summary">back to summary</a></p>
<h3 id="m9">com.tutorialsninja.qa.testCases.TestRegister#verifyRegisteringAnAccountByInvalidPhonenumbers</h3><table class="result"><tr class="param"><th>Parameter #1</th></tr><tr class="param stripe"><td>111</td></tr><tr><th>Exception</th></tr><tr><td><div class="stacktrace">java.lang.AssertionError: expected [true] but found [false]
	at com.tutorialsninja.qa.testCases.TestRegister.verifyRegisteringAnAccountByInvalidPhonenumbers(TestRegister.java:196)
	at java.base/java.util.ArrayList.forEach(ArrayList.java:1511)
... Removed 31 stack frames</div></td></tr></table><p class="totop"><a href="#summary">back to summary</a></p>
<h3 id="m10">com.tutorialsninja.qa.testCases.TestRegister#verifyRegisteringAnAccountByProvidingSpacesInTheFields</h3><table class="result"><tr><th>Exception</th></tr><tr><td><div class="stacktrace">java.lang.AssertionError: expected [Telephone must be between 3 and 32 characters!] but found [Password]
	at com.tutorialsninja.qa.testCases.TestRegister.verifyRegisteringAnAccountByProvidingSpacesInTheFields(TestRegister.java:224)
	at java.base/java.util.ArrayList.forEach(ArrayList.java:1511)
... Removed 33 stack frames</div></td></tr></table><p class="totop"><a href="#summary">back to summary</a></p>
<h3 id="m11">com.tutorialsninja.qa.testCases.TestRegister#verifyRegisteringAnAccountToCheckPageFollowingComplexityStandardsPassword</h3><table class="result"><tr><th>Exception</th></tr><tr><td><div class="stacktrace">org.openqa.selenium.NoSuchElementException: no such element: Unable to locate element: {&quot;method&quot;:&quot;xpath&quot;,&quot;selector&quot;:&quot;//input[@id=&apos;input-password&apos;]/following::div[1]&quot;}
  (Session info: MicrosoftEdge=114.0.1823.79)
For documentation on this error, please visit: https://selenium.dev/exceptions/#no_such_element
Build info: version: &apos;4.6.0&apos;, revision: &apos;79f1c02ae20&apos;
System info: os.name: &apos;Windows 10&apos;, os.arch: &apos;amd64&apos;, os.version: &apos;10.0&apos;, java.version: &apos;17.0.5&apos;
Driver info: org.openqa.selenium.edge.EdgeDriver
Command: [bf14d8117e6f6faf51b667a3ad996b8a, findElement {using=xpath, value=//input[@id=&apos;input-password&apos;]/following::div[1]}]
Capabilities {acceptInsecureCerts: false, browserName: msedge, browserVersion: 114.0.1823.79, ms:edgeOptions: {debuggerAddress: localhost:63397}, msedge: {msedgedriverVersion: 114.0.1823.79 (c0c722a9579e..., userDataDir: C:\Users\Zuber\AppData\Loca...}, networkConnectionEnabled: false, pageLoadStrategy: normal, platformName: WINDOWS, proxy: Proxy(), se:cdp: ws://localhost:63397/devtoo..., se:cdpVersion: 114.0.1823.79, setWindowRect: true, strictFileInteractability: false, timeouts: {implicit: 0, pageLoad: 300000, script: 30000}, unhandledPromptBehavior: dismiss and notify, webauthn:extension:credBlob: true, webauthn:extension:largeBlob: true, webauthn:extension:minPinLength: true, webauthn:extension:prf: true, webauthn:virtualAuthenticators: true}
Session ID: bf14d8117e6f6faf51b667a3ad996b8a
	at org.openqa.selenium.remote.codec.w3c.W3CHttpResponseCodec.createException(W3CHttpResponseCodec.java:200)
	at org.openqa.selenium.remote.codec.w3c.W3CHttpResponseCodec.decode(W3CHttpResponseCodec.java:133)
	at org.openqa.selenium.remote.codec.w3c.W3CHttpResponseCodec.decode(W3CHttpResponseCodec.java:53)
	at org.openqa.selenium.remote.HttpCommandExecutor.execute(HttpCommandExecutor.java:184)
	at org.openqa.selenium.remote.service.DriverCommandExecutor.invokeExecute(DriverCommandExecutor.java:167)
	at org.openqa.selenium.remote.service.DriverCommandExecutor.execute(DriverCommandExecutor.java:142)
	at org.openqa.selenium.remote.RemoteWebDriver.execute(RemoteWebDriver.java:541)
	at org.openqa.selenium.remote.ElementLocation$ElementFinder$2.findElement(ElementLocation.java:162)
	at org.openqa.selenium.remote.ElementLocation.findElement(ElementLocation.java:60)
	at org.openqa.selenium.remote.RemoteWebDriver.findElement(RemoteWebDriver.java:365)
	at org.openqa.selenium.remote.RemoteWebDriver.findElement(RemoteWebDriver.java:357)
	at org.openqa.selenium.support.pagefactory.DefaultElementLocator.findElement(DefaultElementLocator.java:70)
	at org.openqa.selenium.support.pagefactory.internal.LocatingElementHandler.invoke(LocatingElementHandler.java:39)
	at jdk.proxy2/jdk.proxy2.$Proxy26.getText(Unknown Source)
	at com.tutorialsninja.qa.pageObjects.RegisterPageObjects.passwordActualWarningMessage(RegisterPageObjects.java:88)
	at com.tutorialsninja.qa.testCases.TestRegister.verifyRegisteringAnAccountToCheckPageFollowingComplexityStandardsPassword(TestRegister.java:245)
	at java.base/java.util.ArrayList.forEach(ArrayList.java:1511)
... Removed 32 stack frames</div></td></tr></table><p class="totop"><a href="#summary">back to summary</a></p>
<h3 id="m12">com.tutorialsninja.qa.testCases.TestRegister#verifyRegisteringAnAccountWhetherLeadingandTrailingSpacesTrimmed</h3><table class="result"><tr><th>Exception</th></tr><tr><td><div class="stacktrace">java.lang.AssertionError: did not expect [    test    ] but found [    test    ]
	at com.tutorialsninja.qa.testCases.TestRegister.verifyRegisteringAnAccountWhetherLeadingandTrailingSpacesTrimmed(TestRegister.java:263)
	at java.base/java.util.ArrayList.forEach(ArrayList.java:1511)
... Removed 32 stack frames</div></td></tr></table><p class="totop"><a href="#summary">back to summary</a></p>
<h3 id="m13">com.tutorialsninja.qa.testCases.TestForgetPassword#verifyForgetPasswordCheckLoggingIntoApplicationWithOldPasswordAfterResettingPasswordIntitiatedProcess</h3><table class="result"><tr><th class="invisible"/></tr></table><p class="totop"><a href="#summary">back to summary</a></p>
<h3 id="m14">com.tutorialsninja.qa.testCases.TestForgetPassword#verifyForgetPasswordWithNonRegisteredAccount</h3><table class="result"><tr><th class="invisible"/></tr></table><p class="totop"><a href="#summary">back to summary</a></p>
<h3 id="m15">com.tutorialsninja.qa.testCases.TestLogin#verifyLoginToApplicationAfterChangingPassword</h3><table class="result"><tr><th class="invisible"/></tr></table><p class="totop"><a href="#summary">back to summary</a></p>
<h3 id="m16">com.tutorialsninja.qa.testCases.TestLogin#verifyLoginToApplicationAfterChangingPasswordAndChangingBackToOriginalPassword</h3><table class="result"><tr><th class="invisible"/></tr></table><p class="totop"><a href="#summary">back to summary</a></p>
<h3 id="m17">com.tutorialsninja.qa.testCases.TestLogin#verifyLoginToApplicationByCopyingPasswordFiledText</h3><table class="result"><tr><th class="invisible"/></tr></table><p class="totop"><a href="#summary">back to summary</a></p>
<h3 id="m18">com.tutorialsninja.qa.testCases.TestLogin#verifyLoginToApplicationCheckForgettenPasswordLinkIsPresnetAndClickable</h3><table class="result"><tr><th class="invisible"/></tr></table><p class="totop"><a href="#summary">back to summary</a></p>
<h3 id="m19">com.tutorialsninja.qa.testCases.TestLogin#verifyLoginToApplicationCheckUserIsAbleToNavigateToOtherPages</h3><table class="result"><tr><th class="invisible"/></tr></table><p class="totop"><a href="#summary">back to summary</a></p>
<h3 id="m20">com.tutorialsninja.qa.testCases.TestLogin#verifyLoginToApplicationWithInvalidCredential</h3><table class="result"><tr><th class="invisible"/></tr></table><p class="totop"><a href="#summary">back to summary</a></p>
<h3 id="m21">com.tutorialsninja.qa.testCases.TestLogin#verifyLoginToApplicationWithMultipleTimeUnsuccessfulLoginAttempt</h3><table class="result"><tr><th class="invisible"/></tr></table><p class="totop"><a href="#summary">back to summary</a></p>
<h3 id="m22">com.tutorialsninja.qa.testCases.TestLogin#verifyLoginToApplicationWithMultipleTimeUnsuccessfulLoginAttempt</h3><table class="result"><tr><th class="invisible"/></tr></table><p class="totop"><a href="#summary">back to summary</a></p>
<h3 id="m23">com.tutorialsninja.qa.testCases.TestLogin#verifyLoginToApplicationWithMultipleTimeUnsuccessfulLoginAttempt</h3><table class="result"><tr><th class="invisible"/></tr></table><p class="totop"><a href="#summary">back to summary</a></p>
<h3 id="m24">com.tutorialsninja.qa.testCases.TestLogin#verifyLoginToApplicationWithMultipleTimeUnsuccessfulLoginAttempt</h3><table class="result"><tr><th class="invisible"/></tr></table><p class="totop"><a href="#summary">back to summary</a></p>
<h3 id="m25">com.tutorialsninja.qa.testCases.TestLogin#verifyLoginToApplicationWithMultipleTimeUnsuccessfulLoginAttempt</h3><table class="result"><tr><th class="invisible"/></tr></table><p class="totop"><a href="#summary">back to summary</a></p>
<h3 id="m26">com.tutorialsninja.qa.testCases.TestLogin#verifyLoginToApplicationWithMultipleTimeUnsuccessfulLoginAttempt</h3><table class="result"><tr><th class="invisible"/></tr></table><p class="totop"><a href="#summary">back to summary</a></p>
<h3 id="m27">com.tutorialsninja.qa.testCases.TestLogin#verifyLoginToApplicationWithMultipleTimeUnsuccessfulLoginAttempt</h3><table class="result"><tr><th class="invisible"/></tr></table><p class="totop"><a href="#summary">back to summary</a></p>
<h3 id="m28">com.tutorialsninja.qa.testCases.TestLogin#verifyLoginToApplicationWithMultipleTimeUnsuccessfulLoginAttempt</h3><table class="result"><tr><th class="invisible"/></tr></table><p class="totop"><a href="#summary">back to summary</a></p>
<h3 id="m29">com.tutorialsninja.qa.testCases.TestLogin#verifyLoginToApplicationWithMultipleTimeUnsuccessfulLoginAttempt</h3><table class="result"><tr><th class="invisible"/></tr></table><p class="totop"><a href="#summary">back to summary</a></p>
<h3 id="m30">com.tutorialsninja.qa.testCases.TestLogin#verifyLoginToApplicationWithMultipleTimeUnsuccessfulLoginAttempt</h3><table class="result"><tr><th class="invisible"/></tr></table><p class="totop"><a href="#summary">back to summary</a></p>
<h3 id="m31">com.tutorialsninja.qa.testCases.TestLogin#verifyLoginToApplicationWithValidCredential</h3><table class="result"><tr><th class="invisible"/></tr></table><p class="totop"><a href="#summary">back to summary</a></p>
<h3 id="m32">com.tutorialsninja.qa.testCases.TestLogin#verifyLoginToApplicationWithValidPasswordAndInvalidUserName</h3><table class="result"><tr><th class="invisible"/></tr></table><p class="totop"><a href="#summary">back to summary</a></p>
<h3 id="m33">com.tutorialsninja.qa.testCases.TestLogin#verifyLoginToApplicationWithValidUserNameInvalidPassword</h3><table class="result"><tr><th class="invisible"/></tr></table><p class="totop"><a href="#summary">back to summary</a></p>
<h3 id="m34">com.tutorialsninja.qa.testCases.TestLogin#verifyLoginToApplicationWithoutProvidingAnyCredentials</h3><table class="result"><tr><th class="invisible"/></tr></table><p class="totop"><a href="#summary">back to summary</a></p>
<h3 id="m35">com.tutorialsninja.qa.testCases.TestLogout#verifyLoggingOutFromApplicationAfterLogoutFromOneAccountImmediatelyLoginFromAnotherAccount</h3><table class="result"><tr><th class="invisible"/></tr></table><p class="totop"><a href="#summary">back to summary</a></p>
<h3 id="m36">com.tutorialsninja.qa.testCases.TestLogout#verifyLoggingOutFromApplicationLogoutOptionShouldNotDisplayBeforeLoginUnderRightColumn</h3><table class="result"><tr><th class="invisible"/></tr></table><p class="totop"><a href="#summary">back to summary</a></p>
<h3 id="m37">com.tutorialsninja.qa.testCases.TestLogout#verifyLoggingOutFromApplicationLogoutOptionShouldNotDisplayedBeforeLoginToAccountInAccountDrodown</h3><table class="result"><tr><th class="invisible"/></tr></table><p class="totop"><a href="#summary">back to summary</a></p>
<h3 id="m38">com.tutorialsninja.qa.testCases.TestRegister#verifyRegisteringAnAccountByFillingPasswordAndWithoutFillingConfirmPassword</h3><table class="result"><tr><th class="invisible"/></tr></table><p class="totop"><a href="#summary">back to summary</a></p>
<h3 id="m39">com.tutorialsninja.qa.testCases.TestRegister#verifyRegisteringAnAccountByInvalidEmails</h3><table class="result"><tr class="param"><th>Parameter #1</th><th>Parameter #2</th></tr><tr class="param stripe"><td>test</td><td>12345</td></tr></table><p class="totop"><a href="#summary">back to summary</a></p>
<h3 id="m40">com.tutorialsninja.qa.testCases.TestRegister#verifyRegisteringAnAccountByInvalidEmails</h3><table class="result"><tr class="param"><th>Parameter #1</th><th>Parameter #2</th></tr><tr class="param stripe"><td>test@gmail.</td><td>12345</td></tr></table><p class="totop"><a href="#summary">back to summary</a></p>
<h3 id="m41">com.tutorialsninja.qa.testCases.TestRegister#verifyRegisteringAnAccountByInvalidEmails</h3><table class="result"><tr class="param"><th>Parameter #1</th><th>Parameter #2</th></tr><tr class="param stripe"><td>test@</td><td>12345</td></tr></table><p class="totop"><a href="#summary">back to summary</a></p>
<h3 id="m42">com.tutorialsninja.qa.testCases.TestRegister#verifyRegisteringAnAccountByProvidingAllField</h3><table class="result"><tr><th class="invisible"/></tr></table><p class="totop"><a href="#summary">back to summary</a></p>
<h3 id="m43">com.tutorialsninja.qa.testCases.TestRegister#verifyRegisteringAnAccountByProvidingDifferentPasswordInPasswordAndConfirmPassword</h3><table class="result"><tr><th class="invisible"/></tr></table><p class="totop"><a href="#summary">back to summary</a></p>
<h3 id="m44">com.tutorialsninja.qa.testCases.TestRegister#verifyRegisteringAnAccountByProvidingExistingAccount</h3><table class="result"><tr><th class="invisible"/></tr></table><p class="totop"><a href="#summary">back to summary</a></p>
<h3 id="m45">com.tutorialsninja.qa.testCases.TestRegister#verifyRegisteringAnAccountByProvidingMandatoryField</h3><table class="result"><tr><th class="invisible"/></tr></table><p class="totop"><a href="#summary">back to summary</a></p>
<h3 id="m46">com.tutorialsninja.qa.testCases.TestRegister#verifyRegisteringAnAccountBySelectingNewsletterNO</h3><table class="result"><tr><th class="invisible"/></tr></table><p class="totop"><a href="#summary">back to summary</a></p>
<h3 id="m47">com.tutorialsninja.qa.testCases.TestRegister#verifyRegisteringAnAccountBySelectingNewsletterNOYES</h3><table class="result"><tr><th class="invisible"/></tr></table><p class="totop"><a href="#summary">back to summary</a></p>
<h3 id="m48">com.tutorialsninja.qa.testCases.TestRegister#verifyRegisteringAnAccountCheckPrivacyPolicyCheckboxIsNotSelectedByDefault</h3><table class="result"><tr><th class="invisible"/></tr></table><p class="totop"><a href="#summary">back to summary</a></p>
<h3 id="m49">com.tutorialsninja.qa.testCases.TestRegister#verifyRegisteringAnAccountWithoutSelectingPrivacyPolicyCheckbox</h3><table class="result"><tr><th class="invisible"/></tr></table><p class="totop"><a href="#summary">back to summary</a></p>
<h3 id="m50">com.tutorialsninja.qa.testCases.TestRegister#verifyRegisteringNotificationMessagesForMandatoryFieldBYNotProvidingFileds</h3><table class="result"><tr><th class="invisible"/></tr></table><p class="totop"><a href="#summary">back to summary</a></p>
<h3 id="m51">com.tutorialsninja.qa.testCases.TestSearch#verifySearchingForProductAfterLoginToApplication</h3><table class="result"><tr><th class="invisible"/></tr></table><p class="totop"><a href="#summary">back to summary</a></p>
<h3 id="m52">com.tutorialsninja.qa.testCases.TestSearch#verifySearchingUsingTextFromProductDescription</h3><table class="result"><tr><th class="invisible"/></tr></table><p class="totop"><a href="#summary">back to summary</a></p>
<h3 id="m53">com.tutorialsninja.qa.testCases.TestSearch#verifySearchingWithExistingProductName</h3><table class="result"><tr><th class="invisible"/></tr></table><p class="totop"><a href="#summary">back to summary</a></p>
<h3 id="m54">com.tutorialsninja.qa.testCases.TestSearch#verifySearchingWithNonExistingProductName</h3><table class="result"><tr><th class="invisible"/></tr></table><p class="totop"><a href="#summary">back to summary</a></p>
<h3 id="m55">com.tutorialsninja.qa.testCases.TestSearch#verifySearchingWithSearchingCriteria</h3><table class="result"><tr><th class="invisible"/></tr></table><p class="totop"><a href="#summary">back to summary</a></p>
<h3 id="m56">com.tutorialsninja.qa.testCases.TestSearch#verifySearchingWithotProvidingAnyProductName</h3><table class="result"><tr><th class="invisible"/></tr></table><p class="totop"><a href="#summary">back to summary</a></p>
</body>
</html>
