<?xml version="1.0" encoding="UTF-8"?>
<testng-results ignored="0" total="57" passed="44" failed="13" skipped="0">
  <reporter-output>
  </reporter-output>
  <suite started-at="2023-07-12T16:10:47 IST" name="Automation Test Suite" finished-at="2023-07-12T16:19:16 IST" duration-ms="508495">
    <groups>
      <group name="smoke">
        <method signature="TestForgetPassword.verifyForgetPasswordUserAbleToRestorePassword()[pri:1, instance:com.tutorialsninja.qa.testCases.TestForgetPassword@2538bc06]" name="verifyForgetPasswordUserAbleToRestorePassword" class="com.tutorialsninja.qa.testCases.TestForgetPassword"/>
        <method signature="TestLogin.verifyLoginToApplicationWithValidCredential()[pri:1, instance:com.tutorialsninja.qa.testCases.TestLogin@fa4c865]" name="verifyLoginToApplicationWithValidCredential" class="com.tutorialsninja.qa.testCases.TestLogin"/>
        <method signature="TestLogout.verifyLoggingOutFromApplicationFromMyAccountDropdown()[pri:1, instance:com.tutorialsninja.qa.testCases.TestLogout@3bd82cf5]" name="verifyLoggingOutFromApplicationFromMyAccountDropdown" class="com.tutorialsninja.qa.testCases.TestLogout"/>
        <method signature="TestRegister.verifyRegisteringAnAccountByProvidingMandatoryField()[pri:1, instance:com.tutorialsninja.qa.testCases.TestRegister@3857f613]" name="verifyRegisteringAnAccountByProvidingMandatoryField" class="com.tutorialsninja.qa.testCases.TestRegister"/>
      </group> <!-- smoke -->
    </groups>
    <test started-at="2023-07-12T16:10:47 IST" name="Automation Test cases" finished-at="2023-07-12T16:19:16 IST" duration-ms="508495">
      <class name="com.tutorialsninja.qa.testCases.TestLogin">
        <test-method is-config="true" signature="initilization()[pri:0, instance:com.tutorialsninja.qa.testCases.TestLogin@fa4c865]" started-at="2023-07-12T16:13:33 IST" name="initilization" finished-at="2023-07-12T16:13:37 IST" duration-ms="4460" status="PASS">
          <reporter-output>
          </reporter-output>
        </test-method> <!-- initilization -->
        <test-method signature="verifyLoginToApplicationWithValidCredential()[pri:1, instance:com.tutorialsninja.qa.testCases.TestLogin@fa4c865]" started-at="2023-07-12T16:13:37 IST" name="verifyLoginToApplicationWithValidCredential" finished-at="2023-07-12T16:13:39 IST" duration-ms="1709" status="PASS">
          <reporter-output>
          </reporter-output>
        </test-method> <!-- verifyLoginToApplicationWithValidCredential -->
        <test-method is-config="true" signature="tearDown()[pri:0, instance:com.tutorialsninja.qa.testCases.TestLogin@fa4c865]" started-at="2023-07-12T16:13:39 IST" name="tearDown" finished-at="2023-07-12T16:13:39 IST" duration-ms="319" status="PASS">
          <reporter-output>
          </reporter-output>
        </test-method> <!-- tearDown -->
        <test-method is-config="true" signature="initilization()[pri:0, instance:com.tutorialsninja.qa.testCases.TestLogin@fa4c865]" started-at="2023-07-12T16:13:39 IST" name="initilization" finished-at="2023-07-12T16:13:44 IST" duration-ms="4701" status="PASS">
          <reporter-output>
          </reporter-output>
        </test-method> <!-- initilization -->
        <test-method signature="verifyLoginToApplicationWithInvalidCredential()[pri:2, instance:com.tutorialsninja.qa.testCases.TestLogin@fa4c865]" started-at="2023-07-12T16:13:44 IST" name="verifyLoginToApplicationWithInvalidCredential" finished-at="2023-07-12T16:13:46 IST" duration-ms="1674" status="PASS">
          <reporter-output>
          </reporter-output>
        </test-method> <!-- verifyLoginToApplicationWithInvalidCredential -->
        <test-method is-config="true" signature="tearDown()[pri:0, instance:com.tutorialsninja.qa.testCases.TestLogin@fa4c865]" started-at="2023-07-12T16:13:46 IST" name="tearDown" finished-at="2023-07-12T16:13:46 IST" duration-ms="228" status="PASS">
          <reporter-output>
          </reporter-output>
        </test-method> <!-- tearDown -->
        <test-method is-config="true" signature="initilization()[pri:0, instance:com.tutorialsninja.qa.testCases.TestLogin@fa4c865]" started-at="2023-07-12T16:13:46 IST" name="initilization" finished-at="2023-07-12T16:13:51 IST" duration-ms="5198" status="PASS">
          <reporter-output>
          </reporter-output>
        </test-method> <!-- initilization -->
        <test-method signature="verifyLoginToApplicationWithValidPasswordAndInvalidUserName()[pri:3, instance:com.tutorialsninja.qa.testCases.TestLogin@fa4c865]" started-at="2023-07-12T16:13:51 IST" name="verifyLoginToApplicationWithValidPasswordAndInvalidUserName" finished-at="2023-07-12T16:13:53 IST" duration-ms="1741" status="PASS">
          <reporter-output>
          </reporter-output>
        </test-method> <!-- verifyLoginToApplicationWithValidPasswordAndInvalidUserName -->
        <test-method is-config="true" signature="tearDown()[pri:0, instance:com.tutorialsninja.qa.testCases.TestLogin@fa4c865]" started-at="2023-07-12T16:13:53 IST" name="tearDown" finished-at="2023-07-12T16:13:53 IST" duration-ms="233" status="PASS">
          <reporter-output>
          </reporter-output>
        </test-method> <!-- tearDown -->
        <test-method is-config="true" signature="initilization()[pri:0, instance:com.tutorialsninja.qa.testCases.TestLogin@fa4c865]" started-at="2023-07-12T16:13:53 IST" name="initilization" finished-at="2023-07-12T16:13:58 IST" duration-ms="4766" status="PASS">
          <reporter-output>
          </reporter-output>
        </test-method> <!-- initilization -->
        <test-method signature="verifyLoginToApplicationWithValidUserNameInvalidPassword()[pri:4, instance:com.tutorialsninja.qa.testCases.TestLogin@fa4c865]" started-at="2023-07-12T16:13:58 IST" name="verifyLoginToApplicationWithValidUserNameInvalidPassword" finished-at="2023-07-12T16:14:00 IST" duration-ms="1784" status="PASS">
          <reporter-output>
          </reporter-output>
        </test-method> <!-- verifyLoginToApplicationWithValidUserNameInvalidPassword -->
        <test-method is-config="true" signature="tearDown()[pri:0, instance:com.tutorialsninja.qa.testCases.TestLogin@fa4c865]" started-at="2023-07-12T16:14:00 IST" name="tearDown" finished-at="2023-07-12T16:14:00 IST" duration-ms="247" status="PASS">
          <reporter-output>
          </reporter-output>
        </test-method> <!-- tearDown -->
        <test-method is-config="true" signature="initilization()[pri:0, instance:com.tutorialsninja.qa.testCases.TestLogin@fa4c865]" started-at="2023-07-12T16:14:00 IST" name="initilization" finished-at="2023-07-12T16:14:05 IST" duration-ms="5182" status="PASS">
          <reporter-output>
          </reporter-output>
        </test-method> <!-- initilization -->
        <test-method signature="verifyLoginToApplicationWithoutProvidingAnyCredentials()[pri:5, instance:com.tutorialsninja.qa.testCases.TestLogin@fa4c865]" started-at="2023-07-12T16:14:05 IST" name="verifyLoginToApplicationWithoutProvidingAnyCredentials" finished-at="2023-07-12T16:14:07 IST" duration-ms="1558" status="PASS">
          <reporter-output>
          </reporter-output>
        </test-method> <!-- verifyLoginToApplicationWithoutProvidingAnyCredentials -->
        <test-method is-config="true" signature="tearDown()[pri:0, instance:com.tutorialsninja.qa.testCases.TestLogin@fa4c865]" started-at="2023-07-12T16:14:07 IST" name="tearDown" finished-at="2023-07-12T16:14:07 IST" duration-ms="240" status="PASS">
          <reporter-output>
          </reporter-output>
        </test-method> <!-- tearDown -->
        <test-method is-config="true" signature="initilization()[pri:0, instance:com.tutorialsninja.qa.testCases.TestLogin@fa4c865]" started-at="2023-07-12T16:14:07 IST" name="initilization" finished-at="2023-07-12T16:14:12 IST" duration-ms="4849" status="PASS">
          <reporter-output>
          </reporter-output>
        </test-method> <!-- initilization -->
        <test-method signature="verifyLoginToApplicationCheckForgettenPasswordLinkIsPresnetAndClickable()[pri:6, instance:com.tutorialsninja.qa.testCases.TestLogin@fa4c865]" started-at="2023-07-12T16:14:12 IST" name="verifyLoginToApplicationCheckForgettenPasswordLinkIsPresnetAndClickable" finished-at="2023-07-12T16:14:13 IST" duration-ms="1498" status="PASS">
          <reporter-output>
          </reporter-output>
        </test-method> <!-- verifyLoginToApplicationCheckForgettenPasswordLinkIsPresnetAndClickable -->
        <test-method is-config="true" signature="tearDown()[pri:0, instance:com.tutorialsninja.qa.testCases.TestLogin@fa4c865]" started-at="2023-07-12T16:14:13 IST" name="tearDown" finished-at="2023-07-12T16:14:13 IST" duration-ms="229" status="PASS">
          <reporter-output>
          </reporter-output>
        </test-method> <!-- tearDown -->
        <test-method is-config="true" signature="initilization()[pri:0, instance:com.tutorialsninja.qa.testCases.TestLogin@fa4c865]" started-at="2023-07-12T16:14:13 IST" name="initilization" finished-at="2023-07-12T16:14:18 IST" duration-ms="4866" status="PASS">
          <reporter-output>
          </reporter-output>
        </test-method> <!-- initilization -->
        <test-method signature="verifyLoginToApplicationWithValidCredentialBrowsingBackUsingBrowserBackButton()[pri:9, instance:com.tutorialsninja.qa.testCases.TestLogin@fa4c865]" started-at="2023-07-12T16:14:18 IST" name="verifyLoginToApplicationWithValidCredentialBrowsingBackUsingBrowserBackButton" finished-at="2023-07-12T16:14:31 IST" duration-ms="12469" status="FAIL">
          <exception class="org.openqa.selenium.NoSuchElementException">
            <message>
              <![CDATA[no such element: Unable to locate element: {"method":"xpath","selector":"(//div[@class='well'])[2]/h2"}
  (Session info: MicrosoftEdge=114.0.1823.79)
For documentation on this error, please visit: https://selenium.dev/exceptions/#no_such_element
Build info: version: '4.6.0', revision: '79f1c02ae20'
System info: os.name: 'Windows 10', os.arch: 'amd64', os.version: '10.0', java.version: '17.0.5'
Driver info: org.openqa.selenium.edge.EdgeDriver
Command: [731cea919ca2ee07826c56b333a01916, findElement {using=xpath, value=(//div[@class='well'])[2]/h2}]
Capabilities {acceptInsecureCerts: false, browserName: msedge, browserVersion: 114.0.1823.79, ms:edgeOptions: {debuggerAddress: localhost:63829}, msedge: {msedgedriverVersion: 114.0.1823.79 (c0c722a9579e..., userDataDir: C:\Users\Zuber\AppData\Loca...}, networkConnectionEnabled: false, pageLoadStrategy: normal, platformName: WINDOWS, proxy: Proxy(), se:cdp: ws://localhost:63829/devtoo..., se:cdpVersion: 114.0.1823.79, setWindowRect: true, strictFileInteractability: false, timeouts: {implicit: 0, pageLoad: 300000, script: 30000}, unhandledPromptBehavior: dismiss and notify, webauthn:extension:credBlob: true, webauthn:extension:largeBlob: true, webauthn:extension:minPinLength: true, webauthn:extension:prf: true, webauthn:virtualAuthenticators: true}
Session ID: 731cea919ca2ee07826c56b333a01916]]>
            </message>
            <full-stacktrace>
              <![CDATA[org.openqa.selenium.NoSuchElementException: no such element: Unable to locate element: {"method":"xpath","selector":"(//div[@class='well'])[2]/h2"}
  (Session info: MicrosoftEdge=114.0.1823.79)
For documentation on this error, please visit: https://selenium.dev/exceptions/#no_such_element
Build info: version: '4.6.0', revision: '79f1c02ae20'
System info: os.name: 'Windows 10', os.arch: 'amd64', os.version: '10.0', java.version: '17.0.5'
Driver info: org.openqa.selenium.edge.EdgeDriver
Command: [731cea919ca2ee07826c56b333a01916, findElement {using=xpath, value=(//div[@class='well'])[2]/h2}]
Capabilities {acceptInsecureCerts: false, browserName: msedge, browserVersion: 114.0.1823.79, ms:edgeOptions: {debuggerAddress: localhost:63829}, msedge: {msedgedriverVersion: 114.0.1823.79 (c0c722a9579e..., userDataDir: C:\Users\Zuber\AppData\Loca...}, networkConnectionEnabled: false, pageLoadStrategy: normal, platformName: WINDOWS, proxy: Proxy(), se:cdp: ws://localhost:63829/devtoo..., se:cdpVersion: 114.0.1823.79, setWindowRect: true, strictFileInteractability: false, timeouts: {implicit: 0, pageLoad: 300000, script: 30000}, unhandledPromptBehavior: dismiss and notify, webauthn:extension:credBlob: true, webauthn:extension:largeBlob: true, webauthn:extension:minPinLength: true, webauthn:extension:prf: true, webauthn:virtualAuthenticators: true}
Session ID: 731cea919ca2ee07826c56b333a01916
at java.base/jdk.internal.reflect.NativeConstructorAccessorImpl.newInstance0(Native Method)
at java.base/jdk.internal.reflect.NativeConstructorAccessorImpl.newInstance(NativeConstructorAccessorImpl.java:77)
at java.base/jdk.internal.reflect.DelegatingConstructorAccessorImpl.newInstance(DelegatingConstructorAccessorImpl.java:45)
at java.base/java.lang.reflect.Constructor.newInstanceWithCaller(Constructor.java:499)
at java.base/java.lang.reflect.Constructor.newInstance(Constructor.java:480)
at org.openqa.selenium.remote.codec.w3c.W3CHttpResponseCodec.createException(W3CHttpResponseCodec.java:200)
at org.openqa.selenium.remote.codec.w3c.W3CHttpResponseCodec.decode(W3CHttpResponseCodec.java:133)
at org.openqa.selenium.remote.codec.w3c.W3CHttpResponseCodec.decode(W3CHttpResponseCodec.java:53)
at org.openqa.selenium.remote.HttpCommandExecutor.execute(HttpCommandExecutor.java:184)
at org.openqa.selenium.remote.service.DriverCommandExecutor.invokeExecute(DriverCommandExecutor.java:167)
at org.openqa.selenium.remote.service.DriverCommandExecutor.execute(DriverCommandExecutor.java:142)
at org.openqa.selenium.remote.RemoteWebDriver.execute(RemoteWebDriver.java:541)
at org.openqa.selenium.remote.ElementLocation$ElementFinder$2.findElement(ElementLocation.java:162)
at org.openqa.selenium.remote.ElementLocation.findElement(ElementLocation.java:60)
at org.openqa.selenium.remote.RemoteWebDriver.findElement(RemoteWebDriver.java:365)
at org.openqa.selenium.remote.RemoteWebDriver.findElement(RemoteWebDriver.java:357)
at org.openqa.selenium.support.pagefactory.DefaultElementLocator.findElement(DefaultElementLocator.java:70)
at org.openqa.selenium.support.pagefactory.internal.LocatingElementHandler.invoke(LocatingElementHandler.java:39)
at jdk.proxy2/jdk.proxy2.$Proxy26.getText(Unknown Source)
at com.tutorialsninja.qa.pageObjects.LoginPageObjects.returningCustomerActualText(LoginPageObjects.java:107)
at com.tutorialsninja.qa.testCases.TestLogin.verifyLoginToApplicationWithValidCredentialBrowsingBackUsingBrowserBackButton(TestLogin.java:117)
at java.base/jdk.internal.reflect.NativeMethodAccessorImpl.invoke0(Native Method)
at java.base/jdk.internal.reflect.NativeMethodAccessorImpl.invoke(NativeMethodAccessorImpl.java:77)
at java.base/jdk.internal.reflect.DelegatingMethodAccessorImpl.invoke(DelegatingMethodAccessorImpl.java:43)
at java.base/java.lang.reflect.Method.invoke(Method.java:568)
at org.testng.internal.invokers.MethodInvocationHelper.invokeMethod(MethodInvocationHelper.java:139)
at org.testng.internal.invokers.TestInvoker.invokeMethod(TestInvoker.java:677)
at org.testng.internal.invokers.TestInvoker.invokeTestMethod(TestInvoker.java:221)
at org.testng.internal.invokers.MethodRunner.runInSequence(MethodRunner.java:50)
at org.testng.internal.invokers.TestInvoker$MethodInvocationAgent.invoke(TestInvoker.java:962)
at org.testng.internal.invokers.TestInvoker.invokeTestMethods(TestInvoker.java:194)
at org.testng.internal.invokers.TestMethodWorker.invokeTestMethods(TestMethodWorker.java:148)
at org.testng.internal.invokers.TestMethodWorker.run(TestMethodWorker.java:128)
at java.base/java.util.ArrayList.forEach(ArrayList.java:1511)
at org.testng.TestRunner.privateRun(TestRunner.java:806)
at org.testng.TestRunner.run(TestRunner.java:601)
at org.testng.SuiteRunner.runTest(SuiteRunner.java:433)
at org.testng.SuiteRunner.runSequentially(SuiteRunner.java:427)
at org.testng.SuiteRunner.privateRun(SuiteRunner.java:387)
at org.testng.SuiteRunner.run(SuiteRunner.java:330)
at org.testng.SuiteRunnerWorker.runSuite(SuiteRunnerWorker.java:52)
at org.testng.SuiteRunnerWorker.run(SuiteRunnerWorker.java:95)
at org.testng.TestNG.runSuitesSequentially(TestNG.java:1256)
at org.testng.TestNG.runSuitesLocally(TestNG.java:1176)
at org.testng.TestNG.runSuites(TestNG.java:1099)
at org.testng.TestNG.run(TestNG.java:1067)
at org.testng.remote.AbstractRemoteTestNG.run(AbstractRemoteTestNG.java:115)
at org.testng.remote.RemoteTestNG.initAndRun(RemoteTestNG.java:251)
at org.testng.remote.RemoteTestNG.main(RemoteTestNG.java:77)
]]>
            </full-stacktrace>
          </exception> <!-- org.openqa.selenium.NoSuchElementException -->
          <reporter-output>
          </reporter-output>
        </test-method> <!-- verifyLoginToApplicationWithValidCredentialBrowsingBackUsingBrowserBackButton -->
        <test-method is-config="true" signature="tearDown()[pri:0, instance:com.tutorialsninja.qa.testCases.TestLogin@fa4c865]" started-at="2023-07-12T16:14:31 IST" name="tearDown" finished-at="2023-07-12T16:14:31 IST" duration-ms="245" status="PASS">
          <reporter-output>
          </reporter-output>
        </test-method> <!-- tearDown -->
        <test-method is-config="true" signature="initilization()[pri:0, instance:com.tutorialsninja.qa.testCases.TestLogin@fa4c865]" started-at="2023-07-12T16:14:31 IST" name="initilization" finished-at="2023-07-12T16:14:36 IST" duration-ms="5205" status="PASS">
          <reporter-output>
          </reporter-output>
        </test-method> <!-- initilization -->
        <test-method signature="verifyLoginToApplicationaLoginAfterThatLogoutAndBrowserBackUsingBrowserButtton()[pri:10, instance:com.tutorialsninja.qa.testCases.TestLogin@fa4c865]" started-at="2023-07-12T16:14:36 IST" name="verifyLoginToApplicationaLoginAfterThatLogoutAndBrowserBackUsingBrowserButtton" finished-at="2023-07-12T16:14:39 IST" duration-ms="2466" status="FAIL">
          <exception class="java.lang.AssertionError">
            <message>
              <![CDATA[expected [Account Logout] but found [My Account]]]>
            </message>
            <full-stacktrace>
              <![CDATA[java.lang.AssertionError: expected [Account Logout] but found [My Account]
at org.testng.Assert.fail(Assert.java:110)
at org.testng.Assert.failNotEquals(Assert.java:1413)
at org.testng.Assert.assertEqualsImpl(Assert.java:149)
at org.testng.Assert.assertEquals(Assert.java:131)
at org.testng.Assert.assertEquals(Assert.java:655)
at org.testng.Assert.assertEquals(Assert.java:665)
at com.tutorialsninja.qa.testCases.TestLogin.verifyLoginToApplicationaLoginAfterThatLogoutAndBrowserBackUsingBrowserButtton(TestLogin.java:137)
at java.base/jdk.internal.reflect.NativeMethodAccessorImpl.invoke0(Native Method)
at java.base/jdk.internal.reflect.NativeMethodAccessorImpl.invoke(NativeMethodAccessorImpl.java:77)
at java.base/jdk.internal.reflect.DelegatingMethodAccessorImpl.invoke(DelegatingMethodAccessorImpl.java:43)
at java.base/java.lang.reflect.Method.invoke(Method.java:568)
at org.testng.internal.invokers.MethodInvocationHelper.invokeMethod(MethodInvocationHelper.java:139)
at org.testng.internal.invokers.TestInvoker.invokeMethod(TestInvoker.java:677)
at org.testng.internal.invokers.TestInvoker.invokeTestMethod(TestInvoker.java:221)
at org.testng.internal.invokers.MethodRunner.runInSequence(MethodRunner.java:50)
at org.testng.internal.invokers.TestInvoker$MethodInvocationAgent.invoke(TestInvoker.java:962)
at org.testng.internal.invokers.TestInvoker.invokeTestMethods(TestInvoker.java:194)
at org.testng.internal.invokers.TestMethodWorker.invokeTestMethods(TestMethodWorker.java:148)
at org.testng.internal.invokers.TestMethodWorker.run(TestMethodWorker.java:128)
at java.base/java.util.ArrayList.forEach(ArrayList.java:1511)
at org.testng.TestRunner.privateRun(TestRunner.java:806)
at org.testng.TestRunner.run(TestRunner.java:601)
at org.testng.SuiteRunner.runTest(SuiteRunner.java:433)
at org.testng.SuiteRunner.runSequentially(SuiteRunner.java:427)
at org.testng.SuiteRunner.privateRun(SuiteRunner.java:387)
at org.testng.SuiteRunner.run(SuiteRunner.java:330)
at org.testng.SuiteRunnerWorker.runSuite(SuiteRunnerWorker.java:52)
at org.testng.SuiteRunnerWorker.run(SuiteRunnerWorker.java:95)
at org.testng.TestNG.runSuitesSequentially(TestNG.java:1256)
at org.testng.TestNG.runSuitesLocally(TestNG.java:1176)
at org.testng.TestNG.runSuites(TestNG.java:1099)
at org.testng.TestNG.run(TestNG.java:1067)
at org.testng.remote.AbstractRemoteTestNG.run(AbstractRemoteTestNG.java:115)
at org.testng.remote.RemoteTestNG.initAndRun(RemoteTestNG.java:251)
at org.testng.remote.RemoteTestNG.main(RemoteTestNG.java:77)
]]>
            </full-stacktrace>
          </exception> <!-- java.lang.AssertionError -->
          <reporter-output>
          </reporter-output>
        </test-method> <!-- verifyLoginToApplicationaLoginAfterThatLogoutAndBrowserBackUsingBrowserButtton -->
        <test-method is-config="true" signature="tearDown()[pri:0, instance:com.tutorialsninja.qa.testCases.TestLogin@fa4c865]" started-at="2023-07-12T16:14:39 IST" name="tearDown" finished-at="2023-07-12T16:14:39 IST" duration-ms="207" status="PASS">
          <reporter-output>
          </reporter-output>
        </test-method> <!-- tearDown -->
        <test-method is-config="true" signature="initilization()[pri:0, instance:com.tutorialsninja.qa.testCases.TestLogin@fa4c865]" started-at="2023-07-12T16:14:39 IST" name="initilization" finished-at="2023-07-12T16:14:44 IST" duration-ms="5011" status="PASS">
          <reporter-output>
          </reporter-output>
        </test-method> <!-- initilization -->
        <test-method signature="verifyLoginToApplicationWithMultipleTimeUnsuccessfulLoginAttempt()[pri:11, instance:com.tutorialsninja.qa.testCases.TestLogin@fa4c865]" started-at="2023-07-12T16:14:44 IST" name="verifyLoginToApplicationWithMultipleTimeUnsuccessfulLoginAttempt" finished-at="2023-07-12T16:14:46 IST" duration-ms="1507" status="PASS">
          <reporter-output>
          </reporter-output>
        </test-method> <!-- verifyLoginToApplicationWithMultipleTimeUnsuccessfulLoginAttempt -->
        <test-method is-config="true" signature="tearDown()[pri:0, instance:com.tutorialsninja.qa.testCases.TestLogin@fa4c865]" started-at="2023-07-12T16:14:46 IST" name="tearDown" finished-at="2023-07-12T16:14:46 IST" duration-ms="259" status="PASS">
          <reporter-output>
          </reporter-output>
        </test-method> <!-- tearDown -->
        <test-method is-config="true" signature="initilization()[pri:0, instance:com.tutorialsninja.qa.testCases.TestLogin@fa4c865]" started-at="2023-07-12T16:14:46 IST" name="initilization" finished-at="2023-07-12T16:14:52 IST" duration-ms="5570" status="PASS">
          <reporter-output>
          </reporter-output>
        </test-method> <!-- initilization -->
        <test-method signature="verifyLoginToApplicationWithMultipleTimeUnsuccessfulLoginAttempt()[pri:11, instance:com.tutorialsninja.qa.testCases.TestLogin@fa4c865]" started-at="2023-07-12T16:14:52 IST" name="verifyLoginToApplicationWithMultipleTimeUnsuccessfulLoginAttempt" finished-at="2023-07-12T16:15:02 IST" duration-ms="10862" status="PASS">
          <reporter-output>
          </reporter-output>
        </test-method> <!-- verifyLoginToApplicationWithMultipleTimeUnsuccessfulLoginAttempt -->
        <test-method is-config="true" signature="tearDown()[pri:0, instance:com.tutorialsninja.qa.testCases.TestLogin@fa4c865]" started-at="2023-07-12T16:15:02 IST" name="tearDown" finished-at="2023-07-12T16:15:03 IST" duration-ms="568" status="PASS">
          <reporter-output>
          </reporter-output>
        </test-method> <!-- tearDown -->
        <test-method is-config="true" signature="initilization()[pri:0, instance:com.tutorialsninja.qa.testCases.TestLogin@fa4c865]" started-at="2023-07-12T16:15:03 IST" name="initilization" finished-at="2023-07-12T16:15:08 IST" duration-ms="4716" status="PASS">
          <reporter-output>
          </reporter-output>
        </test-method> <!-- initilization -->
        <test-method signature="verifyLoginToApplicationWithMultipleTimeUnsuccessfulLoginAttempt()[pri:11, instance:com.tutorialsninja.qa.testCases.TestLogin@fa4c865]" started-at="2023-07-12T16:15:08 IST" name="verifyLoginToApplicationWithMultipleTimeUnsuccessfulLoginAttempt" finished-at="2023-07-12T16:15:09 IST" duration-ms="1700" status="PASS">
          <reporter-output>
          </reporter-output>
        </test-method> <!-- verifyLoginToApplicationWithMultipleTimeUnsuccessfulLoginAttempt -->
        <test-method is-config="true" signature="tearDown()[pri:0, instance:com.tutorialsninja.qa.testCases.TestLogin@fa4c865]" started-at="2023-07-12T16:15:09 IST" name="tearDown" finished-at="2023-07-12T16:15:10 IST" duration-ms="235" status="PASS">
          <reporter-output>
          </reporter-output>
        </test-method> <!-- tearDown -->
        <test-method is-config="true" signature="initilization()[pri:0, instance:com.tutorialsninja.qa.testCases.TestLogin@fa4c865]" started-at="2023-07-12T16:15:10 IST" name="initilization" finished-at="2023-07-12T16:15:14 IST" duration-ms="4734" status="PASS">
          <reporter-output>
          </reporter-output>
        </test-method> <!-- initilization -->
        <test-method signature="verifyLoginToApplicationWithMultipleTimeUnsuccessfulLoginAttempt()[pri:11, instance:com.tutorialsninja.qa.testCases.TestLogin@fa4c865]" started-at="2023-07-12T16:15:14 IST" name="verifyLoginToApplicationWithMultipleTimeUnsuccessfulLoginAttempt" finished-at="2023-07-12T16:15:16 IST" duration-ms="1639" status="PASS">
          <reporter-output>
          </reporter-output>
        </test-method> <!-- verifyLoginToApplicationWithMultipleTimeUnsuccessfulLoginAttempt -->
        <test-method is-config="true" signature="tearDown()[pri:0, instance:com.tutorialsninja.qa.testCases.TestLogin@fa4c865]" started-at="2023-07-12T16:15:16 IST" name="tearDown" finished-at="2023-07-12T16:15:16 IST" duration-ms="199" status="PASS">
          <reporter-output>
          </reporter-output>
        </test-method> <!-- tearDown -->
        <test-method is-config="true" signature="initilization()[pri:0, instance:com.tutorialsninja.qa.testCases.TestLogin@fa4c865]" started-at="2023-07-12T16:15:16 IST" name="initilization" finished-at="2023-07-12T16:15:22 IST" duration-ms="5322" status="PASS">
          <reporter-output>
          </reporter-output>
        </test-method> <!-- initilization -->
        <test-method signature="verifyLoginToApplicationWithMultipleTimeUnsuccessfulLoginAttempt()[pri:11, instance:com.tutorialsninja.qa.testCases.TestLogin@fa4c865]" started-at="2023-07-12T16:15:22 IST" name="verifyLoginToApplicationWithMultipleTimeUnsuccessfulLoginAttempt" finished-at="2023-07-12T16:15:23 IST" duration-ms="1438" status="PASS">
          <reporter-output>
          </reporter-output>
        </test-method> <!-- verifyLoginToApplicationWithMultipleTimeUnsuccessfulLoginAttempt -->
        <test-method is-config="true" signature="tearDown()[pri:0, instance:com.tutorialsninja.qa.testCases.TestLogin@fa4c865]" started-at="2023-07-12T16:15:23 IST" name="tearDown" finished-at="2023-07-12T16:15:23 IST" duration-ms="213" status="PASS">
          <reporter-output>
          </reporter-output>
        </test-method> <!-- tearDown -->
        <test-method is-config="true" signature="initilization()[pri:0, instance:com.tutorialsninja.qa.testCases.TestLogin@fa4c865]" started-at="2023-07-12T16:15:23 IST" name="initilization" finished-at="2023-07-12T16:15:28 IST" duration-ms="4682" status="PASS">
          <reporter-output>
          </reporter-output>
        </test-method> <!-- initilization -->
        <test-method signature="verifyLoginToApplicationWithMultipleTimeUnsuccessfulLoginAttempt()[pri:11, instance:com.tutorialsninja.qa.testCases.TestLogin@fa4c865]" started-at="2023-07-12T16:15:28 IST" name="verifyLoginToApplicationWithMultipleTimeUnsuccessfulLoginAttempt" finished-at="2023-07-12T16:15:30 IST" duration-ms="1667" status="PASS">
          <reporter-output>
          </reporter-output>
        </test-method> <!-- verifyLoginToApplicationWithMultipleTimeUnsuccessfulLoginAttempt -->
        <test-method is-config="true" signature="tearDown()[pri:0, instance:com.tutorialsninja.qa.testCases.TestLogin@fa4c865]" started-at="2023-07-12T16:15:30 IST" name="tearDown" finished-at="2023-07-12T16:15:30 IST" duration-ms="226" status="PASS">
          <reporter-output>
          </reporter-output>
        </test-method> <!-- tearDown -->
        <test-method is-config="true" signature="initilization()[pri:0, instance:com.tutorialsninja.qa.testCases.TestLogin@fa4c865]" started-at="2023-07-12T16:15:30 IST" name="initilization" finished-at="2023-07-12T16:15:35 IST" duration-ms="4987" status="PASS">
          <reporter-output>
          </reporter-output>
        </test-method> <!-- initilization -->
        <test-method signature="verifyLoginToApplicationWithMultipleTimeUnsuccessfulLoginAttempt()[pri:11, instance:com.tutorialsninja.qa.testCases.TestLogin@fa4c865]" started-at="2023-07-12T16:15:35 IST" name="verifyLoginToApplicationWithMultipleTimeUnsuccessfulLoginAttempt" finished-at="2023-07-12T16:15:36 IST" duration-ms="1493" status="PASS">
          <reporter-output>
          </reporter-output>
        </test-method> <!-- verifyLoginToApplicationWithMultipleTimeUnsuccessfulLoginAttempt -->
        <test-method is-config="true" signature="tearDown()[pri:0, instance:com.tutorialsninja.qa.testCases.TestLogin@fa4c865]" started-at="2023-07-12T16:15:36 IST" name="tearDown" finished-at="2023-07-12T16:15:36 IST" duration-ms="236" status="PASS">
          <reporter-output>
          </reporter-output>
        </test-method> <!-- tearDown -->
        <test-method is-config="true" signature="initilization()[pri:0, instance:com.tutorialsninja.qa.testCases.TestLogin@fa4c865]" started-at="2023-07-12T16:15:36 IST" name="initilization" finished-at="2023-07-12T16:15:41 IST" duration-ms="4826" status="PASS">
          <reporter-output>
          </reporter-output>
        </test-method> <!-- initilization -->
        <test-method signature="verifyLoginToApplicationWithMultipleTimeUnsuccessfulLoginAttempt()[pri:11, instance:com.tutorialsninja.qa.testCases.TestLogin@fa4c865]" started-at="2023-07-12T16:15:41 IST" name="verifyLoginToApplicationWithMultipleTimeUnsuccessfulLoginAttempt" finished-at="2023-07-12T16:15:43 IST" duration-ms="1673" status="PASS">
          <reporter-output>
          </reporter-output>
        </test-method> <!-- verifyLoginToApplicationWithMultipleTimeUnsuccessfulLoginAttempt -->
        <test-method is-config="true" signature="tearDown()[pri:0, instance:com.tutorialsninja.qa.testCases.TestLogin@fa4c865]" started-at="2023-07-12T16:15:43 IST" name="tearDown" finished-at="2023-07-12T16:15:43 IST" duration-ms="193" status="PASS">
          <reporter-output>
          </reporter-output>
        </test-method> <!-- tearDown -->
        <test-method is-config="true" signature="initilization()[pri:0, instance:com.tutorialsninja.qa.testCases.TestLogin@fa4c865]" started-at="2023-07-12T16:15:43 IST" name="initilization" finished-at="2023-07-12T16:15:48 IST" duration-ms="5002" status="PASS">
          <reporter-output>
          </reporter-output>
        </test-method> <!-- initilization -->
        <test-method signature="verifyLoginToApplicationWithMultipleTimeUnsuccessfulLoginAttempt()[pri:11, instance:com.tutorialsninja.qa.testCases.TestLogin@fa4c865]" started-at="2023-07-12T16:15:48 IST" name="verifyLoginToApplicationWithMultipleTimeUnsuccessfulLoginAttempt" finished-at="2023-07-12T16:15:50 IST" duration-ms="1724" status="PASS">
          <reporter-output>
          </reporter-output>
        </test-method> <!-- verifyLoginToApplicationWithMultipleTimeUnsuccessfulLoginAttempt -->
        <test-method is-config="true" signature="tearDown()[pri:0, instance:com.tutorialsninja.qa.testCases.TestLogin@fa4c865]" started-at="2023-07-12T16:15:50 IST" name="tearDown" finished-at="2023-07-12T16:15:50 IST" duration-ms="252" status="PASS">
          <reporter-output>
          </reporter-output>
        </test-method> <!-- tearDown -->
        <test-method is-config="true" signature="initilization()[pri:0, instance:com.tutorialsninja.qa.testCases.TestLogin@fa4c865]" started-at="2023-07-12T16:15:50 IST" name="initilization" finished-at="2023-07-12T16:15:55 IST" duration-ms="4890" status="PASS">
          <reporter-output>
          </reporter-output>
        </test-method> <!-- initilization -->
        <test-method signature="verifyLoginToApplicationWithMultipleTimeUnsuccessfulLoginAttempt()[pri:11, instance:com.tutorialsninja.qa.testCases.TestLogin@fa4c865]" started-at="2023-07-12T16:15:55 IST" name="verifyLoginToApplicationWithMultipleTimeUnsuccessfulLoginAttempt" finished-at="2023-07-12T16:15:57 IST" duration-ms="1644" status="PASS">
          <reporter-output>
          </reporter-output>
        </test-method> <!-- verifyLoginToApplicationWithMultipleTimeUnsuccessfulLoginAttempt -->
        <test-method is-config="true" signature="tearDown()[pri:0, instance:com.tutorialsninja.qa.testCases.TestLogin@fa4c865]" started-at="2023-07-12T16:15:57 IST" name="tearDown" finished-at="2023-07-12T16:15:57 IST" duration-ms="224" status="PASS">
          <reporter-output>
          </reporter-output>
        </test-method> <!-- tearDown -->
        <test-method is-config="true" signature="initilization()[pri:0, instance:com.tutorialsninja.qa.testCases.TestLogin@fa4c865]" started-at="2023-07-12T16:15:57 IST" name="initilization" finished-at="2023-07-12T16:16:02 IST" duration-ms="4952" status="PASS">
          <reporter-output>
          </reporter-output>
        </test-method> <!-- initilization -->
        <test-method signature="verifyLoginToApplicationByCopyingPasswordFiledText()[pri:12, instance:com.tutorialsninja.qa.testCases.TestLogin@fa4c865]" started-at="2023-07-12T16:16:02 IST" name="verifyLoginToApplicationByCopyingPasswordFiledText" finished-at="2023-07-12T16:16:04 IST" duration-ms="1998" status="PASS">
          <reporter-output>
          </reporter-output>
        </test-method> <!-- verifyLoginToApplicationByCopyingPasswordFiledText -->
        <test-method is-config="true" signature="tearDown()[pri:0, instance:com.tutorialsninja.qa.testCases.TestLogin@fa4c865]" started-at="2023-07-12T16:16:04 IST" name="tearDown" finished-at="2023-07-12T16:16:04 IST" duration-ms="315" status="PASS">
          <reporter-output>
          </reporter-output>
        </test-method> <!-- tearDown -->
        <test-method is-config="true" signature="initilization()[pri:0, instance:com.tutorialsninja.qa.testCases.TestLogin@fa4c865]" started-at="2023-07-12T16:16:04 IST" name="initilization" finished-at="2023-07-12T16:16:09 IST" duration-ms="5112" status="PASS">
          <reporter-output>
          </reporter-output>
        </test-method> <!-- initilization -->
        <test-method signature="verifyLoginToApplicationCheckPasswordIsNotVisibleInPageSource()[pri:13, instance:com.tutorialsninja.qa.testCases.TestLogin@fa4c865]" started-at="2023-07-12T16:16:09 IST" name="verifyLoginToApplicationCheckPasswordIsNotVisibleInPageSource" finished-at="2023-07-12T16:16:11 IST" duration-ms="1751" status="FAIL">
          <exception class="java.lang.AssertionError">
            <message>
              <![CDATA[did not expect [xyzabc123   ] but found [xyzabc123   ]]]>
            </message>
            <full-stacktrace>
              <![CDATA[java.lang.AssertionError: did not expect [xyzabc123   ] but found [xyzabc123   ]
at org.testng.Assert.fail(Assert.java:110)
at org.testng.Assert.failEquals(Assert.java:1417)
at org.testng.Assert.assertNotEqualsImpl(Assert.java:156)
at org.testng.Assert.assertNotEquals(Assert.java:2033)
at org.testng.Assert.assertNotEquals(Assert.java:2055)
at com.tutorialsninja.qa.testCases.TestLogin.verifyLoginToApplicationCheckPasswordIsNotVisibleInPageSource(TestLogin.java:179)
at java.base/jdk.internal.reflect.NativeMethodAccessorImpl.invoke0(Native Method)
at java.base/jdk.internal.reflect.NativeMethodAccessorImpl.invoke(NativeMethodAccessorImpl.java:77)
at java.base/jdk.internal.reflect.DelegatingMethodAccessorImpl.invoke(DelegatingMethodAccessorImpl.java:43)
at java.base/java.lang.reflect.Method.invoke(Method.java:568)
at org.testng.internal.invokers.MethodInvocationHelper.invokeMethod(MethodInvocationHelper.java:139)
at org.testng.internal.invokers.TestInvoker.invokeMethod(TestInvoker.java:677)
at org.testng.internal.invokers.TestInvoker.invokeTestMethod(TestInvoker.java:221)
at org.testng.internal.invokers.MethodRunner.runInSequence(MethodRunner.java:50)
at org.testng.internal.invokers.TestInvoker$MethodInvocationAgent.invoke(TestInvoker.java:962)
at org.testng.internal.invokers.TestInvoker.invokeTestMethods(TestInvoker.java:194)
at org.testng.internal.invokers.TestMethodWorker.invokeTestMethods(TestMethodWorker.java:148)
at org.testng.internal.invokers.TestMethodWorker.run(TestMethodWorker.java:128)
at java.base/java.util.ArrayList.forEach(ArrayList.java:1511)
at org.testng.TestRunner.privateRun(TestRunner.java:806)
at org.testng.TestRunner.run(TestRunner.java:601)
at org.testng.SuiteRunner.runTest(SuiteRunner.java:433)
at org.testng.SuiteRunner.runSequentially(SuiteRunner.java:427)
at org.testng.SuiteRunner.privateRun(SuiteRunner.java:387)
at org.testng.SuiteRunner.run(SuiteRunner.java:330)
at org.testng.SuiteRunnerWorker.runSuite(SuiteRunnerWorker.java:52)
at org.testng.SuiteRunnerWorker.run(SuiteRunnerWorker.java:95)
at org.testng.TestNG.runSuitesSequentially(TestNG.java:1256)
at org.testng.TestNG.runSuitesLocally(TestNG.java:1176)
at org.testng.TestNG.runSuites(TestNG.java:1099)
at org.testng.TestNG.run(TestNG.java:1067)
at org.testng.remote.AbstractRemoteTestNG.run(AbstractRemoteTestNG.java:115)
at org.testng.remote.RemoteTestNG.initAndRun(RemoteTestNG.java:251)
at org.testng.remote.RemoteTestNG.main(RemoteTestNG.java:77)
]]>
            </full-stacktrace>
          </exception> <!-- java.lang.AssertionError -->
          <reporter-output>
          </reporter-output>
        </test-method> <!-- verifyLoginToApplicationCheckPasswordIsNotVisibleInPageSource -->
        <test-method is-config="true" signature="tearDown()[pri:0, instance:com.tutorialsninja.qa.testCases.TestLogin@fa4c865]" started-at="2023-07-12T16:16:11 IST" name="tearDown" finished-at="2023-07-12T16:16:11 IST" duration-ms="208" status="PASS">
          <reporter-output>
          </reporter-output>
        </test-method> <!-- tearDown -->
        <test-method is-config="true" signature="initilization()[pri:0, instance:com.tutorialsninja.qa.testCases.TestLogin@fa4c865]" started-at="2023-07-12T16:16:11 IST" name="initilization" finished-at="2023-07-12T16:16:16 IST" duration-ms="4845" status="PASS">
          <reporter-output>
          </reporter-output>
        </test-method> <!-- initilization -->
        <test-method signature="verifyLoginToApplicationAfterChangingPassword()[pri:14, instance:com.tutorialsninja.qa.testCases.TestLogin@fa4c865]" started-at="2023-07-12T16:16:16 IST" name="verifyLoginToApplicationAfterChangingPassword" finished-at="2023-07-12T16:16:21 IST" duration-ms="5126" status="PASS">
          <reporter-output>
          </reporter-output>
        </test-method> <!-- verifyLoginToApplicationAfterChangingPassword -->
        <test-method is-config="true" signature="tearDown()[pri:0, instance:com.tutorialsninja.qa.testCases.TestLogin@fa4c865]" started-at="2023-07-12T16:16:21 IST" name="tearDown" finished-at="2023-07-12T16:16:22 IST" duration-ms="233" status="PASS">
          <reporter-output>
          </reporter-output>
        </test-method> <!-- tearDown -->
        <test-method is-config="true" signature="initilization()[pri:0, instance:com.tutorialsninja.qa.testCases.TestLogin@fa4c865]" started-at="2023-07-12T16:16:22 IST" name="initilization" finished-at="2023-07-12T16:16:27 IST" duration-ms="5013" status="PASS">
          <reporter-output>
          </reporter-output>
        </test-method> <!-- initilization -->
        <test-method signature="verifyLoginToApplicationCheckUserIsAbleToNavigateToOtherPages()[pri:15, instance:com.tutorialsninja.qa.testCases.TestLogin@fa4c865]" started-at="2023-07-12T16:16:27 IST" name="verifyLoginToApplicationCheckUserIsAbleToNavigateToOtherPages" finished-at="2023-07-12T16:16:29 IST" duration-ms="2055" status="PASS">
          <reporter-output>
          </reporter-output>
        </test-method> <!-- verifyLoginToApplicationCheckUserIsAbleToNavigateToOtherPages -->
        <test-method is-config="true" signature="tearDown()[pri:0, instance:com.tutorialsninja.qa.testCases.TestLogin@fa4c865]" started-at="2023-07-12T16:16:29 IST" name="tearDown" finished-at="2023-07-12T16:16:29 IST" duration-ms="238" status="PASS">
          <reporter-output>
          </reporter-output>
        </test-method> <!-- tearDown -->
        <test-method is-config="true" signature="initilization()[pri:0, instance:com.tutorialsninja.qa.testCases.TestLogin@fa4c865]" started-at="2023-07-12T16:16:29 IST" name="initilization" finished-at="2023-07-12T16:16:34 IST" duration-ms="4909" status="PASS">
          <reporter-output>
          </reporter-output>
        </test-method> <!-- initilization -->
        <test-method signature="verifyLoginToApplicationAfterChangingPasswordAndChangingBackToOriginalPassword()[pri:16, instance:com.tutorialsninja.qa.testCases.TestLogin@fa4c865]" started-at="2023-07-12T16:16:34 IST" name="verifyLoginToApplicationAfterChangingPasswordAndChangingBackToOriginalPassword" finished-at="2023-07-12T16:16:39 IST" depends-on-methods="com.tutorialsninja.qa.testCases.TestLogin.verifyLoginToApplicationAfterChangingPassword" duration-ms="5036" status="PASS">
          <reporter-output>
          </reporter-output>
        </test-method> <!-- verifyLoginToApplicationAfterChangingPasswordAndChangingBackToOriginalPassword -->
        <test-method is-config="true" signature="tearDown()[pri:0, instance:com.tutorialsninja.qa.testCases.TestLogin@fa4c865]" started-at="2023-07-12T16:16:39 IST" name="tearDown" finished-at="2023-07-12T16:16:39 IST" duration-ms="209" status="PASS">
          <reporter-output>
          </reporter-output>
        </test-method> <!-- tearDown -->
      </class> <!-- com.tutorialsninja.qa.testCases.TestLogin -->
      <class name="com.tutorialsninja.qa.testCases.TestForgetPassword">
        <test-method is-config="true" signature="initlization()[pri:0, instance:com.tutorialsninja.qa.testCases.TestForgetPassword@2538bc06]" started-at="2023-07-12T16:18:07 IST" name="initlization" finished-at="2023-07-12T16:18:12 IST" duration-ms="5302" status="PASS">
          <reporter-output>
          </reporter-output>
        </test-method> <!-- initlization -->
        <test-method signature="verifyForgetPasswordUserAbleToRestorePassword()[pri:1, instance:com.tutorialsninja.qa.testCases.TestForgetPassword@2538bc06]" started-at="2023-07-12T16:18:12 IST" name="verifyForgetPasswordUserAbleToRestorePassword" finished-at="2023-07-12T16:18:14 IST" duration-ms="2256" status="FAIL">
          <exception class="java.lang.AssertionError">
            <message>
              <![CDATA[expected [true] but found [false]]]>
            </message>
            <full-stacktrace>
              <![CDATA[java.lang.AssertionError: expected [true] but found [false]
at org.testng.Assert.fail(Assert.java:110)
at org.testng.Assert.failNotEquals(Assert.java:1413)
at org.testng.Assert.assertTrue(Assert.java:56)
at org.testng.Assert.assertTrue(Assert.java:66)
at com.tutorialsninja.qa.testCases.TestForgetPassword.verifyForgetPasswordUserAbleToRestorePassword(TestForgetPassword.java:77)
at java.base/jdk.internal.reflect.NativeMethodAccessorImpl.invoke0(Native Method)
at java.base/jdk.internal.reflect.NativeMethodAccessorImpl.invoke(NativeMethodAccessorImpl.java:77)
at java.base/jdk.internal.reflect.DelegatingMethodAccessorImpl.invoke(DelegatingMethodAccessorImpl.java:43)
at java.base/java.lang.reflect.Method.invoke(Method.java:568)
at org.testng.internal.invokers.MethodInvocationHelper.invokeMethod(MethodInvocationHelper.java:139)
at org.testng.internal.invokers.TestInvoker.invokeMethod(TestInvoker.java:677)
at org.testng.internal.invokers.TestInvoker.invokeTestMethod(TestInvoker.java:221)
at org.testng.internal.invokers.MethodRunner.runInSequence(MethodRunner.java:50)
at org.testng.internal.invokers.TestInvoker$MethodInvocationAgent.invoke(TestInvoker.java:962)
at org.testng.internal.invokers.TestInvoker.invokeTestMethods(TestInvoker.java:194)
at org.testng.internal.invokers.TestMethodWorker.invokeTestMethods(TestMethodWorker.java:148)
at org.testng.internal.invokers.TestMethodWorker.run(TestMethodWorker.java:128)
at java.base/java.util.ArrayList.forEach(ArrayList.java:1511)
at org.testng.TestRunner.privateRun(TestRunner.java:806)
at org.testng.TestRunner.run(TestRunner.java:601)
at org.testng.SuiteRunner.runTest(SuiteRunner.java:433)
at org.testng.SuiteRunner.runSequentially(SuiteRunner.java:427)
at org.testng.SuiteRunner.privateRun(SuiteRunner.java:387)
at org.testng.SuiteRunner.run(SuiteRunner.java:330)
at org.testng.SuiteRunnerWorker.runSuite(SuiteRunnerWorker.java:52)
at org.testng.SuiteRunnerWorker.run(SuiteRunnerWorker.java:95)
at org.testng.TestNG.runSuitesSequentially(TestNG.java:1256)
at org.testng.TestNG.runSuitesLocally(TestNG.java:1176)
at org.testng.TestNG.runSuites(TestNG.java:1099)
at org.testng.TestNG.run(TestNG.java:1067)
at org.testng.remote.AbstractRemoteTestNG.run(AbstractRemoteTestNG.java:115)
at org.testng.remote.RemoteTestNG.initAndRun(RemoteTestNG.java:251)
at org.testng.remote.RemoteTestNG.main(RemoteTestNG.java:77)
]]>
            </full-stacktrace>
          </exception> <!-- java.lang.AssertionError -->
          <reporter-output>
          </reporter-output>
        </test-method> <!-- verifyForgetPasswordUserAbleToRestorePassword -->
        <test-method is-config="true" signature="tearDown()[pri:0, instance:com.tutorialsninja.qa.testCases.TestForgetPassword@2538bc06]" started-at="2023-07-12T16:18:15 IST" name="tearDown" finished-at="2023-07-12T16:18:15 IST" duration-ms="205" status="PASS">
          <reporter-output>
          </reporter-output>
        </test-method> <!-- tearDown -->
        <test-method is-config="true" signature="initlization()[pri:0, instance:com.tutorialsninja.qa.testCases.TestForgetPassword@2538bc06]" started-at="2023-07-12T16:18:15 IST" name="initlization" finished-at="2023-07-12T16:18:21 IST" duration-ms="6040" status="PASS">
          <reporter-output>
          </reporter-output>
        </test-method> <!-- initlization -->
        <test-method signature="verifyForgetPasswordCheckLoggingIntoApplicationWithOldPasswordAfterResettingPasswordIntitiatedProcess()[pri:2, instance:com.tutorialsninja.qa.testCases.TestForgetPassword@2538bc06]" started-at="2023-07-12T16:18:21 IST" name="verifyForgetPasswordCheckLoggingIntoApplicationWithOldPasswordAfterResettingPasswordIntitiatedProcess" finished-at="2023-07-12T16:18:23 IST" duration-ms="2059" status="PASS">
          <reporter-output>
          </reporter-output>
        </test-method> <!-- verifyForgetPasswordCheckLoggingIntoApplicationWithOldPasswordAfterResettingPasswordIntitiatedProcess -->
        <test-method is-config="true" signature="tearDown()[pri:0, instance:com.tutorialsninja.qa.testCases.TestForgetPassword@2538bc06]" started-at="2023-07-12T16:18:23 IST" name="tearDown" finished-at="2023-07-12T16:18:23 IST" duration-ms="249" status="PASS">
          <reporter-output>
          </reporter-output>
        </test-method> <!-- tearDown -->
        <test-method is-config="true" signature="initlization()[pri:0, instance:com.tutorialsninja.qa.testCases.TestForgetPassword@2538bc06]" started-at="2023-07-12T16:18:23 IST" name="initlization" finished-at="2023-07-12T16:18:29 IST" duration-ms="5613" status="PASS">
          <reporter-output>
          </reporter-output>
        </test-method> <!-- initlization -->
        <test-method signature="verifyForgetPasswordWithNonRegisteredAccount()[pri:3, instance:com.tutorialsninja.qa.testCases.TestForgetPassword@2538bc06]" started-at="2023-07-12T16:18:29 IST" name="verifyForgetPasswordWithNonRegisteredAccount" finished-at="2023-07-12T16:18:31 IST" duration-ms="1715" status="PASS">
          <reporter-output>
          </reporter-output>
        </test-method> <!-- verifyForgetPasswordWithNonRegisteredAccount -->
        <test-method is-config="true" signature="tearDown()[pri:0, instance:com.tutorialsninja.qa.testCases.TestForgetPassword@2538bc06]" started-at="2023-07-12T16:18:31 IST" name="tearDown" finished-at="2023-07-12T16:18:31 IST" duration-ms="241" status="PASS">
          <reporter-output>
          </reporter-output>
        </test-method> <!-- tearDown -->
        <test-method is-config="true" signature="initlization()[pri:0, instance:com.tutorialsninja.qa.testCases.TestForgetPassword@2538bc06]" started-at="2023-07-12T16:18:31 IST" name="initlization" finished-at="2023-07-12T16:18:37 IST" duration-ms="5956" status="PASS">
          <reporter-output>
          </reporter-output>
        </test-method> <!-- initlization -->
        <test-method signature="verifyForgetPasswordWithoutProvidingEmailAddress()[pri:4, instance:com.tutorialsninja.qa.testCases.TestForgetPassword@2538bc06]" started-at="2023-07-12T16:18:37 IST" name="verifyForgetPasswordWithoutProvidingEmailAddress" finished-at="2023-07-12T16:18:38 IST" duration-ms="829" status="FAIL">
          <exception class="java.lang.AssertionError">
            <message>
              <![CDATA[E-Mail must be between 4 and 20 characters!' should be displayed for 'E-Mail Address' field expected [true] but found [false]]]>
            </message>
            <full-stacktrace>
              <![CDATA[java.lang.AssertionError: E-Mail must be between 4 and 20 characters!' should be displayed for 'E-Mail Address' field expected [true] but found [false]
at org.testng.Assert.fail(Assert.java:110)
at org.testng.Assert.failNotEquals(Assert.java:1413)
at org.testng.Assert.assertTrue(Assert.java:56)
at com.tutorialsninja.qa.testCases.TestForgetPassword.verifyForgetPasswordWithoutProvidingEmailAddress(TestForgetPassword.java:119)
at java.base/jdk.internal.reflect.NativeMethodAccessorImpl.invoke0(Native Method)
at java.base/jdk.internal.reflect.NativeMethodAccessorImpl.invoke(NativeMethodAccessorImpl.java:77)
at java.base/jdk.internal.reflect.DelegatingMethodAccessorImpl.invoke(DelegatingMethodAccessorImpl.java:43)
at java.base/java.lang.reflect.Method.invoke(Method.java:568)
at org.testng.internal.invokers.MethodInvocationHelper.invokeMethod(MethodInvocationHelper.java:139)
at org.testng.internal.invokers.TestInvoker.invokeMethod(TestInvoker.java:677)
at org.testng.internal.invokers.TestInvoker.invokeTestMethod(TestInvoker.java:221)
at org.testng.internal.invokers.MethodRunner.runInSequence(MethodRunner.java:50)
at org.testng.internal.invokers.TestInvoker$MethodInvocationAgent.invoke(TestInvoker.java:962)
at org.testng.internal.invokers.TestInvoker.invokeTestMethods(TestInvoker.java:194)
at org.testng.internal.invokers.TestMethodWorker.invokeTestMethods(TestMethodWorker.java:148)
at org.testng.internal.invokers.TestMethodWorker.run(TestMethodWorker.java:128)
at java.base/java.util.ArrayList.forEach(ArrayList.java:1511)
at org.testng.TestRunner.privateRun(TestRunner.java:806)
at org.testng.TestRunner.run(TestRunner.java:601)
at org.testng.SuiteRunner.runTest(SuiteRunner.java:433)
at org.testng.SuiteRunner.runSequentially(SuiteRunner.java:427)
at org.testng.SuiteRunner.privateRun(SuiteRunner.java:387)
at org.testng.SuiteRunner.run(SuiteRunner.java:330)
at org.testng.SuiteRunnerWorker.runSuite(SuiteRunnerWorker.java:52)
at org.testng.SuiteRunnerWorker.run(SuiteRunnerWorker.java:95)
at org.testng.TestNG.runSuitesSequentially(TestNG.java:1256)
at org.testng.TestNG.runSuitesLocally(TestNG.java:1176)
at org.testng.TestNG.runSuites(TestNG.java:1099)
at org.testng.TestNG.run(TestNG.java:1067)
at org.testng.remote.AbstractRemoteTestNG.run(AbstractRemoteTestNG.java:115)
at org.testng.remote.RemoteTestNG.initAndRun(RemoteTestNG.java:251)
at org.testng.remote.RemoteTestNG.main(RemoteTestNG.java:77)
]]>
            </full-stacktrace>
          </exception> <!-- java.lang.AssertionError -->
          <reporter-output>
          </reporter-output>
        </test-method> <!-- verifyForgetPasswordWithoutProvidingEmailAddress -->
        <test-method is-config="true" signature="tearDown()[pri:0, instance:com.tutorialsninja.qa.testCases.TestForgetPassword@2538bc06]" started-at="2023-07-12T16:18:38 IST" name="tearDown" finished-at="2023-07-12T16:18:38 IST" duration-ms="247" status="PASS">
          <reporter-output>
          </reporter-output>
        </test-method> <!-- tearDown -->
      </class> <!-- com.tutorialsninja.qa.testCases.TestForgetPassword -->
      <class name="com.tutorialsninja.qa.testCases.TestLogout">
        <test-method is-config="true" signature="initilization()[pri:0, instance:com.tutorialsninja.qa.testCases.TestLogout@3bd82cf5]" started-at="2023-07-12T16:16:39 IST" name="initilization" finished-at="2023-07-12T16:16:45 IST" duration-ms="5398" status="PASS">
          <reporter-output>
          </reporter-output>
        </test-method> <!-- initilization -->
        <test-method signature="verifyLoggingOutFromApplicationFromMyAccountDropdown()[pri:1, instance:com.tutorialsninja.qa.testCases.TestLogout@3bd82cf5]" started-at="2023-07-12T16:16:45 IST" name="verifyLoggingOutFromApplicationFromMyAccountDropdown" finished-at="2023-07-12T16:16:56 IST" duration-ms="11787" status="FAIL">
          <exception class="org.openqa.selenium.NoSuchElementException">
            <message>
              <![CDATA[no such element: Unable to locate element: {"method":"link text","selector":"Your Store"}
  (Session info: MicrosoftEdge=114.0.1823.79)
For documentation on this error, please visit: https://selenium.dev/exceptions/#no_such_element
Build info: version: '4.6.0', revision: '79f1c02ae20'
System info: os.name: 'Windows 10', os.arch: 'amd64', os.version: '10.0', java.version: '17.0.5'
Driver info: org.openqa.selenium.edge.EdgeDriver
Command: [2712315ea7abdb7d912c4e8806ea5ef5, findElement {using=link text, value=Your Store}]
Capabilities {acceptInsecureCerts: false, browserName: msedge, browserVersion: 114.0.1823.79, ms:edgeOptions: {debuggerAddress: localhost:64527}, msedge: {msedgedriverVersion: 114.0.1823.79 (c0c722a9579e..., userDataDir: C:\Users\Zuber\AppData\Loca...}, networkConnectionEnabled: false, pageLoadStrategy: normal, platformName: WINDOWS, proxy: Proxy(), se:cdp: ws://localhost:64527/devtoo..., se:cdpVersion: 114.0.1823.79, setWindowRect: true, strictFileInteractability: false, timeouts: {implicit: 0, pageLoad: 300000, script: 30000}, unhandledPromptBehavior: dismiss and notify, webauthn:extension:credBlob: true, webauthn:extension:largeBlob: true, webauthn:extension:minPinLength: true, webauthn:extension:prf: true, webauthn:virtualAuthenticators: true}
Session ID: 2712315ea7abdb7d912c4e8806ea5ef5]]>
            </message>
            <full-stacktrace>
              <![CDATA[org.openqa.selenium.NoSuchElementException: no such element: Unable to locate element: {"method":"link text","selector":"Your Store"}
  (Session info: MicrosoftEdge=114.0.1823.79)
For documentation on this error, please visit: https://selenium.dev/exceptions/#no_such_element
Build info: version: '4.6.0', revision: '79f1c02ae20'
System info: os.name: 'Windows 10', os.arch: 'amd64', os.version: '10.0', java.version: '17.0.5'
Driver info: org.openqa.selenium.edge.EdgeDriver
Command: [2712315ea7abdb7d912c4e8806ea5ef5, findElement {using=link text, value=Your Store}]
Capabilities {acceptInsecureCerts: false, browserName: msedge, browserVersion: 114.0.1823.79, ms:edgeOptions: {debuggerAddress: localhost:64527}, msedge: {msedgedriverVersion: 114.0.1823.79 (c0c722a9579e..., userDataDir: C:\Users\Zuber\AppData\Loca...}, networkConnectionEnabled: false, pageLoadStrategy: normal, platformName: WINDOWS, proxy: Proxy(), se:cdp: ws://localhost:64527/devtoo..., se:cdpVersion: 114.0.1823.79, setWindowRect: true, strictFileInteractability: false, timeouts: {implicit: 0, pageLoad: 300000, script: 30000}, unhandledPromptBehavior: dismiss and notify, webauthn:extension:credBlob: true, webauthn:extension:largeBlob: true, webauthn:extension:minPinLength: true, webauthn:extension:prf: true, webauthn:virtualAuthenticators: true}
Session ID: 2712315ea7abdb7d912c4e8806ea5ef5
at java.base/jdk.internal.reflect.NativeConstructorAccessorImpl.newInstance0(Native Method)
at java.base/jdk.internal.reflect.NativeConstructorAccessorImpl.newInstance(NativeConstructorAccessorImpl.java:77)
at java.base/jdk.internal.reflect.DelegatingConstructorAccessorImpl.newInstance(DelegatingConstructorAccessorImpl.java:45)
at java.base/java.lang.reflect.Constructor.newInstanceWithCaller(Constructor.java:499)
at java.base/java.lang.reflect.Constructor.newInstance(Constructor.java:480)
at org.openqa.selenium.remote.codec.w3c.W3CHttpResponseCodec.createException(W3CHttpResponseCodec.java:200)
at org.openqa.selenium.remote.codec.w3c.W3CHttpResponseCodec.decode(W3CHttpResponseCodec.java:133)
at org.openqa.selenium.remote.codec.w3c.W3CHttpResponseCodec.decode(W3CHttpResponseCodec.java:53)
at org.openqa.selenium.remote.HttpCommandExecutor.execute(HttpCommandExecutor.java:184)
at org.openqa.selenium.remote.service.DriverCommandExecutor.invokeExecute(DriverCommandExecutor.java:167)
at org.openqa.selenium.remote.service.DriverCommandExecutor.execute(DriverCommandExecutor.java:142)
at org.openqa.selenium.remote.RemoteWebDriver.execute(RemoteWebDriver.java:541)
at org.openqa.selenium.remote.ElementLocation$ElementFinder$2.findElement(ElementLocation.java:162)
at org.openqa.selenium.remote.ElementLocation.findElement(ElementLocation.java:60)
at org.openqa.selenium.remote.RemoteWebDriver.findElement(RemoteWebDriver.java:365)
at org.openqa.selenium.remote.RemoteWebDriver.findElement(RemoteWebDriver.java:357)
at org.openqa.selenium.support.pagefactory.DefaultElementLocator.findElement(DefaultElementLocator.java:70)
at org.openqa.selenium.support.pagefactory.internal.LocatingElementHandler.invoke(LocatingElementHandler.java:39)
at jdk.proxy2/jdk.proxy2.$Proxy26.getText(Unknown Source)
at com.tutorialsninja.qa.pageObjects.HomePageObjects.yourStoreActualText(HomePageObjects.java:57)
at com.tutorialsninja.qa.testCases.TestLogout.verifyLoggingOutFromApplicationFromMyAccountDropdown(TestLogout.java:47)
at java.base/jdk.internal.reflect.NativeMethodAccessorImpl.invoke0(Native Method)
at java.base/jdk.internal.reflect.NativeMethodAccessorImpl.invoke(NativeMethodAccessorImpl.java:77)
at java.base/jdk.internal.reflect.DelegatingMethodAccessorImpl.invoke(DelegatingMethodAccessorImpl.java:43)
at java.base/java.lang.reflect.Method.invoke(Method.java:568)
at org.testng.internal.invokers.MethodInvocationHelper.invokeMethod(MethodInvocationHelper.java:139)
at org.testng.internal.invokers.TestInvoker.invokeMethod(TestInvoker.java:677)
at org.testng.internal.invokers.TestInvoker.invokeTestMethod(TestInvoker.java:221)
at org.testng.internal.invokers.MethodRunner.runInSequence(MethodRunner.java:50)
at org.testng.internal.invokers.TestInvoker$MethodInvocationAgent.invoke(TestInvoker.java:962)
at org.testng.internal.invokers.TestInvoker.invokeTestMethods(TestInvoker.java:194)
at org.testng.internal.invokers.TestMethodWorker.invokeTestMethods(TestMethodWorker.java:148)
at org.testng.internal.invokers.TestMethodWorker.run(TestMethodWorker.java:128)
at java.base/java.util.ArrayList.forEach(ArrayList.java:1511)
at org.testng.TestRunner.privateRun(TestRunner.java:806)
at org.testng.TestRunner.run(TestRunner.java:601)
at org.testng.SuiteRunner.runTest(SuiteRunner.java:433)
at org.testng.SuiteRunner.runSequentially(SuiteRunner.java:427)
at org.testng.SuiteRunner.privateRun(SuiteRunner.java:387)
at org.testng.SuiteRunner.run(SuiteRunner.java:330)
at org.testng.SuiteRunnerWorker.runSuite(SuiteRunnerWorker.java:52)
at org.testng.SuiteRunnerWorker.run(SuiteRunnerWorker.java:95)
at org.testng.TestNG.runSuitesSequentially(TestNG.java:1256)
at org.testng.TestNG.runSuitesLocally(TestNG.java:1176)
at org.testng.TestNG.runSuites(TestNG.java:1099)
at org.testng.TestNG.run(TestNG.java:1067)
at org.testng.remote.AbstractRemoteTestNG.run(AbstractRemoteTestNG.java:115)
at org.testng.remote.RemoteTestNG.initAndRun(RemoteTestNG.java:251)
at org.testng.remote.RemoteTestNG.main(RemoteTestNG.java:77)
]]>
            </full-stacktrace>
          </exception> <!-- org.openqa.selenium.NoSuchElementException -->
          <reporter-output>
          </reporter-output>
        </test-method> <!-- verifyLoggingOutFromApplicationFromMyAccountDropdown -->
        <test-method is-config="true" signature="tearDown()[pri:0, instance:com.tutorialsninja.qa.testCases.TestLogout@3bd82cf5]" started-at="2023-07-12T16:16:57 IST" name="tearDown" finished-at="2023-07-12T16:16:57 IST" duration-ms="227" status="PASS">
          <reporter-output>
          </reporter-output>
        </test-method> <!-- tearDown -->
        <test-method is-config="true" signature="initilization()[pri:0, instance:com.tutorialsninja.qa.testCases.TestLogout@3bd82cf5]" started-at="2023-07-12T16:16:57 IST" name="initilization" finished-at="2023-07-12T16:17:02 IST" duration-ms="5683" status="PASS">
          <reporter-output>
          </reporter-output>
        </test-method> <!-- initilization -->
        <test-method signature="verifyLoggingOutFromApplicationFromLogoutOptionOnPage()[pri:2, instance:com.tutorialsninja.qa.testCases.TestLogout@3bd82cf5]" started-at="2023-07-12T16:17:02 IST" name="verifyLoggingOutFromApplicationFromLogoutOptionOnPage" finished-at="2023-07-12T16:17:14 IST" duration-ms="11966" status="FAIL">
          <exception class="org.openqa.selenium.NoSuchElementException">
            <message>
              <![CDATA[no such element: Unable to locate element: {"method":"link text","selector":"Your Store"}
  (Session info: MicrosoftEdge=114.0.1823.79)
For documentation on this error, please visit: https://selenium.dev/exceptions/#no_such_element
Build info: version: '4.6.0', revision: '79f1c02ae20'
System info: os.name: 'Windows 10', os.arch: 'amd64', os.version: '10.0', java.version: '17.0.5'
Driver info: org.openqa.selenium.edge.EdgeDriver
Command: [d7a3105d1994dccc326282167563e033, findElement {using=link text, value=Your Store}]
Capabilities {acceptInsecureCerts: false, browserName: msedge, browserVersion: 114.0.1823.79, ms:edgeOptions: {debuggerAddress: localhost:64569}, msedge: {msedgedriverVersion: 114.0.1823.79 (c0c722a9579e..., userDataDir: C:\Users\Zuber\AppData\Loca...}, networkConnectionEnabled: false, pageLoadStrategy: normal, platformName: WINDOWS, proxy: Proxy(), se:cdp: ws://localhost:64569/devtoo..., se:cdpVersion: 114.0.1823.79, setWindowRect: true, strictFileInteractability: false, timeouts: {implicit: 0, pageLoad: 300000, script: 30000}, unhandledPromptBehavior: dismiss and notify, webauthn:extension:credBlob: true, webauthn:extension:largeBlob: true, webauthn:extension:minPinLength: true, webauthn:extension:prf: true, webauthn:virtualAuthenticators: true}
Session ID: d7a3105d1994dccc326282167563e033]]>
            </message>
            <full-stacktrace>
              <![CDATA[org.openqa.selenium.NoSuchElementException: no such element: Unable to locate element: {"method":"link text","selector":"Your Store"}
  (Session info: MicrosoftEdge=114.0.1823.79)
For documentation on this error, please visit: https://selenium.dev/exceptions/#no_such_element
Build info: version: '4.6.0', revision: '79f1c02ae20'
System info: os.name: 'Windows 10', os.arch: 'amd64', os.version: '10.0', java.version: '17.0.5'
Driver info: org.openqa.selenium.edge.EdgeDriver
Command: [d7a3105d1994dccc326282167563e033, findElement {using=link text, value=Your Store}]
Capabilities {acceptInsecureCerts: false, browserName: msedge, browserVersion: 114.0.1823.79, ms:edgeOptions: {debuggerAddress: localhost:64569}, msedge: {msedgedriverVersion: 114.0.1823.79 (c0c722a9579e..., userDataDir: C:\Users\Zuber\AppData\Loca...}, networkConnectionEnabled: false, pageLoadStrategy: normal, platformName: WINDOWS, proxy: Proxy(), se:cdp: ws://localhost:64569/devtoo..., se:cdpVersion: 114.0.1823.79, setWindowRect: true, strictFileInteractability: false, timeouts: {implicit: 0, pageLoad: 300000, script: 30000}, unhandledPromptBehavior: dismiss and notify, webauthn:extension:credBlob: true, webauthn:extension:largeBlob: true, webauthn:extension:minPinLength: true, webauthn:extension:prf: true, webauthn:virtualAuthenticators: true}
Session ID: d7a3105d1994dccc326282167563e033
at java.base/jdk.internal.reflect.NativeConstructorAccessorImpl.newInstance0(Native Method)
at java.base/jdk.internal.reflect.NativeConstructorAccessorImpl.newInstance(NativeConstructorAccessorImpl.java:77)
at java.base/jdk.internal.reflect.DelegatingConstructorAccessorImpl.newInstance(DelegatingConstructorAccessorImpl.java:45)
at java.base/java.lang.reflect.Constructor.newInstanceWithCaller(Constructor.java:499)
at java.base/java.lang.reflect.Constructor.newInstance(Constructor.java:480)
at org.openqa.selenium.remote.codec.w3c.W3CHttpResponseCodec.createException(W3CHttpResponseCodec.java:200)
at org.openqa.selenium.remote.codec.w3c.W3CHttpResponseCodec.decode(W3CHttpResponseCodec.java:133)
at org.openqa.selenium.remote.codec.w3c.W3CHttpResponseCodec.decode(W3CHttpResponseCodec.java:53)
at org.openqa.selenium.remote.HttpCommandExecutor.execute(HttpCommandExecutor.java:184)
at org.openqa.selenium.remote.service.DriverCommandExecutor.invokeExecute(DriverCommandExecutor.java:167)
at org.openqa.selenium.remote.service.DriverCommandExecutor.execute(DriverCommandExecutor.java:142)
at org.openqa.selenium.remote.RemoteWebDriver.execute(RemoteWebDriver.java:541)
at org.openqa.selenium.remote.ElementLocation$ElementFinder$2.findElement(ElementLocation.java:162)
at org.openqa.selenium.remote.ElementLocation.findElement(ElementLocation.java:60)
at org.openqa.selenium.remote.RemoteWebDriver.findElement(RemoteWebDriver.java:365)
at org.openqa.selenium.remote.RemoteWebDriver.findElement(RemoteWebDriver.java:357)
at org.openqa.selenium.support.pagefactory.DefaultElementLocator.findElement(DefaultElementLocator.java:70)
at org.openqa.selenium.support.pagefactory.internal.LocatingElementHandler.invoke(LocatingElementHandler.java:39)
at jdk.proxy2/jdk.proxy2.$Proxy26.getText(Unknown Source)
at com.tutorialsninja.qa.pageObjects.HomePageObjects.yourStoreActualText(HomePageObjects.java:57)
at com.tutorialsninja.qa.testCases.TestLogout.verifyLoggingOutFromApplicationFromLogoutOptionOnPage(TestLogout.java:57)
at java.base/jdk.internal.reflect.NativeMethodAccessorImpl.invoke0(Native Method)
at java.base/jdk.internal.reflect.NativeMethodAccessorImpl.invoke(NativeMethodAccessorImpl.java:77)
at java.base/jdk.internal.reflect.DelegatingMethodAccessorImpl.invoke(DelegatingMethodAccessorImpl.java:43)
at java.base/java.lang.reflect.Method.invoke(Method.java:568)
at org.testng.internal.invokers.MethodInvocationHelper.invokeMethod(MethodInvocationHelper.java:139)
at org.testng.internal.invokers.TestInvoker.invokeMethod(TestInvoker.java:677)
at org.testng.internal.invokers.TestInvoker.invokeTestMethod(TestInvoker.java:221)
at org.testng.internal.invokers.MethodRunner.runInSequence(MethodRunner.java:50)
at org.testng.internal.invokers.TestInvoker$MethodInvocationAgent.invoke(TestInvoker.java:962)
at org.testng.internal.invokers.TestInvoker.invokeTestMethods(TestInvoker.java:194)
at org.testng.internal.invokers.TestMethodWorker.invokeTestMethods(TestMethodWorker.java:148)
at org.testng.internal.invokers.TestMethodWorker.run(TestMethodWorker.java:128)
at java.base/java.util.ArrayList.forEach(ArrayList.java:1511)
at org.testng.TestRunner.privateRun(TestRunner.java:806)
at org.testng.TestRunner.run(TestRunner.java:601)
at org.testng.SuiteRunner.runTest(SuiteRunner.java:433)
at org.testng.SuiteRunner.runSequentially(SuiteRunner.java:427)
at org.testng.SuiteRunner.privateRun(SuiteRunner.java:387)
at org.testng.SuiteRunner.run(SuiteRunner.java:330)
at org.testng.SuiteRunnerWorker.runSuite(SuiteRunnerWorker.java:52)
at org.testng.SuiteRunnerWorker.run(SuiteRunnerWorker.java:95)
at org.testng.TestNG.runSuitesSequentially(TestNG.java:1256)
at org.testng.TestNG.runSuitesLocally(TestNG.java:1176)
at org.testng.TestNG.runSuites(TestNG.java:1099)
at org.testng.TestNG.run(TestNG.java:1067)
at org.testng.remote.AbstractRemoteTestNG.run(AbstractRemoteTestNG.java:115)
at org.testng.remote.RemoteTestNG.initAndRun(RemoteTestNG.java:251)
at org.testng.remote.RemoteTestNG.main(RemoteTestNG.java:77)
]]>
            </full-stacktrace>
          </exception> <!-- org.openqa.selenium.NoSuchElementException -->
          <reporter-output>
          </reporter-output>
        </test-method> <!-- verifyLoggingOutFromApplicationFromLogoutOptionOnPage -->
        <test-method is-config="true" signature="tearDown()[pri:0, instance:com.tutorialsninja.qa.testCases.TestLogout@3bd82cf5]" started-at="2023-07-12T16:17:15 IST" name="tearDown" finished-at="2023-07-12T16:17:15 IST" duration-ms="215" status="PASS">
          <reporter-output>
          </reporter-output>
        </test-method> <!-- tearDown -->
        <test-method is-config="true" signature="initilization()[pri:0, instance:com.tutorialsninja.qa.testCases.TestLogout@3bd82cf5]" started-at="2023-07-12T16:17:15 IST" name="initilization" finished-at="2023-07-12T16:17:21 IST" duration-ms="6327" status="PASS">
          <reporter-output>
          </reporter-output>
        </test-method> <!-- initilization -->
        <test-method signature="verifyLoggingOutFromApplicationAndBrowsingBack()[pri:3, instance:com.tutorialsninja.qa.testCases.TestLogout@3bd82cf5]" started-at="2023-07-12T16:17:21 IST" name="verifyLoggingOutFromApplicationAndBrowsingBack" finished-at="2023-07-12T16:17:23 IST" duration-ms="1559" status="FAIL">
          <exception class="java.lang.AssertionError">
            <message>
              <![CDATA[expected [Account Logout] but found [My Account]]]>
            </message>
            <full-stacktrace>
              <![CDATA[java.lang.AssertionError: expected [Account Logout] but found [My Account]
at org.testng.Assert.fail(Assert.java:110)
at org.testng.Assert.failNotEquals(Assert.java:1413)
at org.testng.Assert.assertEqualsImpl(Assert.java:149)
at org.testng.Assert.assertEquals(Assert.java:131)
at org.testng.Assert.assertEquals(Assert.java:655)
at org.testng.Assert.assertEquals(Assert.java:665)
at com.tutorialsninja.qa.testCases.TestLogout.verifyLoggingOutFromApplicationAndBrowsingBack(TestLogout.java:68)
at java.base/jdk.internal.reflect.NativeMethodAccessorImpl.invoke0(Native Method)
at java.base/jdk.internal.reflect.NativeMethodAccessorImpl.invoke(NativeMethodAccessorImpl.java:77)
at java.base/jdk.internal.reflect.DelegatingMethodAccessorImpl.invoke(DelegatingMethodAccessorImpl.java:43)
at java.base/java.lang.reflect.Method.invoke(Method.java:568)
at org.testng.internal.invokers.MethodInvocationHelper.invokeMethod(MethodInvocationHelper.java:139)
at org.testng.internal.invokers.TestInvoker.invokeMethod(TestInvoker.java:677)
at org.testng.internal.invokers.TestInvoker.invokeTestMethod(TestInvoker.java:221)
at org.testng.internal.invokers.MethodRunner.runInSequence(MethodRunner.java:50)
at org.testng.internal.invokers.TestInvoker$MethodInvocationAgent.invoke(TestInvoker.java:962)
at org.testng.internal.invokers.TestInvoker.invokeTestMethods(TestInvoker.java:194)
at org.testng.internal.invokers.TestMethodWorker.invokeTestMethods(TestMethodWorker.java:148)
at org.testng.internal.invokers.TestMethodWorker.run(TestMethodWorker.java:128)
at java.base/java.util.ArrayList.forEach(ArrayList.java:1511)
at org.testng.TestRunner.privateRun(TestRunner.java:806)
at org.testng.TestRunner.run(TestRunner.java:601)
at org.testng.SuiteRunner.runTest(SuiteRunner.java:433)
at org.testng.SuiteRunner.runSequentially(SuiteRunner.java:427)
at org.testng.SuiteRunner.privateRun(SuiteRunner.java:387)
at org.testng.SuiteRunner.run(SuiteRunner.java:330)
at org.testng.SuiteRunnerWorker.runSuite(SuiteRunnerWorker.java:52)
at org.testng.SuiteRunnerWorker.run(SuiteRunnerWorker.java:95)
at org.testng.TestNG.runSuitesSequentially(TestNG.java:1256)
at org.testng.TestNG.runSuitesLocally(TestNG.java:1176)
at org.testng.TestNG.runSuites(TestNG.java:1099)
at org.testng.TestNG.run(TestNG.java:1067)
at org.testng.remote.AbstractRemoteTestNG.run(AbstractRemoteTestNG.java:115)
at org.testng.remote.RemoteTestNG.initAndRun(RemoteTestNG.java:251)
at org.testng.remote.RemoteTestNG.main(RemoteTestNG.java:77)
]]>
            </full-stacktrace>
          </exception> <!-- java.lang.AssertionError -->
          <reporter-output>
          </reporter-output>
        </test-method> <!-- verifyLoggingOutFromApplicationAndBrowsingBack -->
        <test-method is-config="true" signature="tearDown()[pri:0, instance:com.tutorialsninja.qa.testCases.TestLogout@3bd82cf5]" started-at="2023-07-12T16:17:23 IST" name="tearDown" finished-at="2023-07-12T16:17:23 IST" duration-ms="208" status="PASS">
          <reporter-output>
          </reporter-output>
        </test-method> <!-- tearDown -->
        <test-method is-config="true" signature="initilization()[pri:0, instance:com.tutorialsninja.qa.testCases.TestLogout@3bd82cf5]" started-at="2023-07-12T16:17:23 IST" name="initilization" finished-at="2023-07-12T16:17:32 IST" duration-ms="8902" status="PASS">
          <reporter-output>
          </reporter-output>
        </test-method> <!-- initilization -->
        <test-method signature="verifyLoggingOutFromApplicationLogoutOptionShouldNotDisplayedBeforeLoginToAccountInAccountDrodown()[pri:4, instance:com.tutorialsninja.qa.testCases.TestLogout@3bd82cf5]" started-at="2023-07-12T16:17:32 IST" name="verifyLoggingOutFromApplicationLogoutOptionShouldNotDisplayedBeforeLoginToAccountInAccountDrodown" finished-at="2023-07-12T16:17:42 IST" duration-ms="10182" status="PASS">
          <reporter-output>
          </reporter-output>
        </test-method> <!-- verifyLoggingOutFromApplicationLogoutOptionShouldNotDisplayedBeforeLoginToAccountInAccountDrodown -->
        <test-method is-config="true" signature="tearDown()[pri:0, instance:com.tutorialsninja.qa.testCases.TestLogout@3bd82cf5]" started-at="2023-07-12T16:17:42 IST" name="tearDown" finished-at="2023-07-12T16:17:42 IST" duration-ms="232" status="PASS">
          <reporter-output>
          </reporter-output>
        </test-method> <!-- tearDown -->
        <test-method is-config="true" signature="initilization()[pri:0, instance:com.tutorialsninja.qa.testCases.TestLogout@3bd82cf5]" started-at="2023-07-12T16:17:42 IST" name="initilization" finished-at="2023-07-12T16:17:48 IST" duration-ms="5649" status="PASS">
          <reporter-output>
          </reporter-output>
        </test-method> <!-- initilization -->
        <test-method signature="verifyLoggingOutFromApplicationLogoutOptionShouldNotDisplayBeforeLoginUnderRightColumn()[pri:5, instance:com.tutorialsninja.qa.testCases.TestLogout@3bd82cf5]" started-at="2023-07-12T16:17:48 IST" name="verifyLoggingOutFromApplicationLogoutOptionShouldNotDisplayBeforeLoginUnderRightColumn" finished-at="2023-07-12T16:17:58 IST" duration-ms="10017" status="PASS">
          <reporter-output>
          </reporter-output>
        </test-method> <!-- verifyLoggingOutFromApplicationLogoutOptionShouldNotDisplayBeforeLoginUnderRightColumn -->
        <test-method is-config="true" signature="tearDown()[pri:0, instance:com.tutorialsninja.qa.testCases.TestLogout@3bd82cf5]" started-at="2023-07-12T16:17:58 IST" name="tearDown" finished-at="2023-07-12T16:17:58 IST" duration-ms="234" status="PASS">
          <reporter-output>
          </reporter-output>
        </test-method> <!-- tearDown -->
        <test-method is-config="true" signature="initilization()[pri:0, instance:com.tutorialsninja.qa.testCases.TestLogout@3bd82cf5]" started-at="2023-07-12T16:17:58 IST" name="initilization" finished-at="2023-07-12T16:18:04 IST" duration-ms="5455" status="PASS">
          <reporter-output>
          </reporter-output>
        </test-method> <!-- initilization -->
        <test-method signature="verifyLoggingOutFromApplicationAfterLogoutFromOneAccountImmediatelyLoginFromAnotherAccount()[pri:6, instance:com.tutorialsninja.qa.testCases.TestLogout@3bd82cf5]" started-at="2023-07-12T16:18:04 IST" name="verifyLoggingOutFromApplicationAfterLogoutFromOneAccountImmediatelyLoginFromAnotherAccount" finished-at="2023-07-12T16:18:07 IST" duration-ms="2808" status="PASS">
          <reporter-output>
          </reporter-output>
        </test-method> <!-- verifyLoggingOutFromApplicationAfterLogoutFromOneAccountImmediatelyLoginFromAnotherAccount -->
        <test-method is-config="true" signature="tearDown()[pri:0, instance:com.tutorialsninja.qa.testCases.TestLogout@3bd82cf5]" started-at="2023-07-12T16:18:07 IST" name="tearDown" finished-at="2023-07-12T16:18:07 IST" duration-ms="308" status="PASS">
          <reporter-output>
          </reporter-output>
        </test-method> <!-- tearDown -->
      </class> <!-- com.tutorialsninja.qa.testCases.TestLogout -->
      <class name="com.tutorialsninja.qa.testCases.TestSearch">
        <test-method is-config="true" signature="initilization()[pri:0, instance:com.tutorialsninja.qa.testCases.TestSearch@61f6d381]" started-at="2023-07-12T16:18:38 IST" name="initilization" finished-at="2023-07-12T16:18:43 IST" duration-ms="5062" status="PASS">
          <reporter-output>
          </reporter-output>
        </test-method> <!-- initilization -->
        <test-method signature="verifySearchingWithExistingProductName()[pri:1, instance:com.tutorialsninja.qa.testCases.TestSearch@61f6d381]" started-at="2023-07-12T16:18:43 IST" name="verifySearchingWithExistingProductName" finished-at="2023-07-12T16:18:44 IST" duration-ms="903" status="PASS">
          <reporter-output>
          </reporter-output>
        </test-method> <!-- verifySearchingWithExistingProductName -->
        <test-method is-config="true" signature="tearDown()[pri:0, instance:com.tutorialsninja.qa.testCases.TestSearch@61f6d381]" started-at="2023-07-12T16:18:44 IST" name="tearDown" finished-at="2023-07-12T16:18:44 IST" duration-ms="240" status="PASS">
          <reporter-output>
          </reporter-output>
        </test-method> <!-- tearDown -->
        <test-method is-config="true" signature="initilization()[pri:0, instance:com.tutorialsninja.qa.testCases.TestSearch@61f6d381]" started-at="2023-07-12T16:18:44 IST" name="initilization" finished-at="2023-07-12T16:18:49 IST" duration-ms="4487" status="PASS">
          <reporter-output>
          </reporter-output>
        </test-method> <!-- initilization -->
        <test-method signature="verifySearchingWithNonExistingProductName()[pri:2, instance:com.tutorialsninja.qa.testCases.TestSearch@61f6d381]" started-at="2023-07-12T16:18:49 IST" name="verifySearchingWithNonExistingProductName" finished-at="2023-07-12T16:18:50 IST" duration-ms="1117" status="PASS">
          <reporter-output>
          </reporter-output>
        </test-method> <!-- verifySearchingWithNonExistingProductName -->
        <test-method is-config="true" signature="tearDown()[pri:0, instance:com.tutorialsninja.qa.testCases.TestSearch@61f6d381]" started-at="2023-07-12T16:18:50 IST" name="tearDown" finished-at="2023-07-12T16:18:50 IST" duration-ms="290" status="PASS">
          <reporter-output>
          </reporter-output>
        </test-method> <!-- tearDown -->
        <test-method is-config="true" signature="initilization()[pri:0, instance:com.tutorialsninja.qa.testCases.TestSearch@61f6d381]" started-at="2023-07-12T16:18:50 IST" name="initilization" finished-at="2023-07-12T16:18:55 IST" duration-ms="4890" status="PASS">
          <reporter-output>
          </reporter-output>
        </test-method> <!-- initilization -->
        <test-method signature="verifySearchingWithotProvidingAnyProductName()[pri:3, instance:com.tutorialsninja.qa.testCases.TestSearch@61f6d381]" started-at="2023-07-12T16:18:55 IST" name="verifySearchingWithotProvidingAnyProductName" finished-at="2023-07-12T16:18:56 IST" duration-ms="606" status="PASS">
          <reporter-output>
          </reporter-output>
        </test-method> <!-- verifySearchingWithotProvidingAnyProductName -->
        <test-method is-config="true" signature="tearDown()[pri:0, instance:com.tutorialsninja.qa.testCases.TestSearch@61f6d381]" started-at="2023-07-12T16:18:56 IST" name="tearDown" finished-at="2023-07-12T16:18:56 IST" duration-ms="220" status="PASS">
          <reporter-output>
          </reporter-output>
        </test-method> <!-- tearDown -->
        <test-method is-config="true" signature="initilization()[pri:0, instance:com.tutorialsninja.qa.testCases.TestSearch@61f6d381]" started-at="2023-07-12T16:18:56 IST" name="initilization" finished-at="2023-07-12T16:19:01 IST" duration-ms="4974" status="PASS">
          <reporter-output>
          </reporter-output>
        </test-method> <!-- initilization -->
        <test-method signature="verifySearchingForProductAfterLoginToApplication()[pri:4, instance:com.tutorialsninja.qa.testCases.TestSearch@61f6d381]" started-at="2023-07-12T16:19:01 IST" name="verifySearchingForProductAfterLoginToApplication" finished-at="2023-07-12T16:19:03 IST" duration-ms="2193" status="PASS">
          <reporter-output>
          </reporter-output>
        </test-method> <!-- verifySearchingForProductAfterLoginToApplication -->
        <test-method is-config="true" signature="tearDown()[pri:0, instance:com.tutorialsninja.qa.testCases.TestSearch@61f6d381]" started-at="2023-07-12T16:19:03 IST" name="tearDown" finished-at="2023-07-12T16:19:03 IST" duration-ms="245" status="PASS">
          <reporter-output>
          </reporter-output>
        </test-method> <!-- tearDown -->
        <test-method is-config="true" signature="initilization()[pri:0, instance:com.tutorialsninja.qa.testCases.TestSearch@61f6d381]" started-at="2023-07-12T16:19:03 IST" name="initilization" finished-at="2023-07-12T16:19:08 IST" duration-ms="4854" status="PASS">
          <reporter-output>
          </reporter-output>
        </test-method> <!-- initilization -->
        <test-method signature="verifySearchingWithSearchingCriteria()[pri:5, instance:com.tutorialsninja.qa.testCases.TestSearch@61f6d381]" started-at="2023-07-12T16:19:08 IST" name="verifySearchingWithSearchingCriteria" finished-at="2023-07-12T16:19:09 IST" duration-ms="1235" status="PASS">
          <reporter-output>
          </reporter-output>
        </test-method> <!-- verifySearchingWithSearchingCriteria -->
        <test-method is-config="true" signature="tearDown()[pri:0, instance:com.tutorialsninja.qa.testCases.TestSearch@61f6d381]" started-at="2023-07-12T16:19:09 IST" name="tearDown" finished-at="2023-07-12T16:19:10 IST" duration-ms="199" status="PASS">
          <reporter-output>
          </reporter-output>
        </test-method> <!-- tearDown -->
        <test-method is-config="true" signature="initilization()[pri:0, instance:com.tutorialsninja.qa.testCases.TestSearch@61f6d381]" started-at="2023-07-12T16:19:10 IST" name="initilization" finished-at="2023-07-12T16:19:14 IST" duration-ms="4747" status="PASS">
          <reporter-output>
          </reporter-output>
        </test-method> <!-- initilization -->
        <test-method signature="verifySearchingUsingTextFromProductDescription()[pri:6, instance:com.tutorialsninja.qa.testCases.TestSearch@61f6d381]" started-at="2023-07-12T16:19:14 IST" name="verifySearchingUsingTextFromProductDescription" finished-at="2023-07-12T16:19:16 IST" duration-ms="1298" status="PASS">
          <reporter-output>
          </reporter-output>
        </test-method> <!-- verifySearchingUsingTextFromProductDescription -->
        <test-method is-config="true" signature="tearDown()[pri:0, instance:com.tutorialsninja.qa.testCases.TestSearch@61f6d381]" started-at="2023-07-12T16:19:16 IST" name="tearDown" finished-at="2023-07-12T16:19:16 IST" duration-ms="237" status="PASS">
          <reporter-output>
          </reporter-output>
        </test-method> <!-- tearDown -->
      </class> <!-- com.tutorialsninja.qa.testCases.TestSearch -->
      <class name="com.tutorialsninja.qa.testCases.TestRegister">
        <test-method is-config="true" signature="initilization()[pri:0, instance:com.tutorialsninja.qa.testCases.TestRegister@3857f613]" started-at="2023-07-12T16:10:48 IST" name="initilization" finished-at="2023-07-12T16:10:56 IST" duration-ms="7659" status="PASS">
          <reporter-output>
          </reporter-output>
        </test-method> <!-- initilization -->
        <test-method signature="verifyRegisteringAnAccountByProvidingMandatoryField()[pri:1, instance:com.tutorialsninja.qa.testCases.TestRegister@3857f613]" started-at="2023-07-12T16:10:56 IST" name="verifyRegisteringAnAccountByProvidingMandatoryField" finished-at="2023-07-12T16:10:59 IST" duration-ms="3194" status="PASS">
          <reporter-output>
          </reporter-output>
        </test-method> <!-- verifyRegisteringAnAccountByProvidingMandatoryField -->
        <test-method is-config="true" signature="tearDown()[pri:0, instance:com.tutorialsninja.qa.testCases.TestRegister@3857f613]" started-at="2023-07-12T16:10:59 IST" name="tearDown" finished-at="2023-07-12T16:10:59 IST" duration-ms="292" status="PASS">
          <reporter-output>
          </reporter-output>
        </test-method> <!-- tearDown -->
        <test-method is-config="true" signature="initilization()[pri:0, instance:com.tutorialsninja.qa.testCases.TestRegister@3857f613]" started-at="2023-07-12T16:10:59 IST" name="initilization" finished-at="2023-07-12T16:11:05 IST" duration-ms="5383" status="PASS">
          <reporter-output>
          </reporter-output>
        </test-method> <!-- initilization -->
        <test-method signature="verifyRegisteringAnAccountByProvidingAllField()[pri:2, instance:com.tutorialsninja.qa.testCases.TestRegister@3857f613]" started-at="2023-07-12T16:11:05 IST" name="verifyRegisteringAnAccountByProvidingAllField" finished-at="2023-07-12T16:11:08 IST" duration-ms="3338" status="PASS">
          <reporter-output>
          </reporter-output>
        </test-method> <!-- verifyRegisteringAnAccountByProvidingAllField -->
        <test-method is-config="true" signature="tearDown()[pri:0, instance:com.tutorialsninja.qa.testCases.TestRegister@3857f613]" started-at="2023-07-12T16:11:08 IST" name="tearDown" finished-at="2023-07-12T16:11:08 IST" duration-ms="265" status="PASS">
          <reporter-output>
          </reporter-output>
        </test-method> <!-- tearDown -->
        <test-method is-config="true" signature="initilization()[pri:0, instance:com.tutorialsninja.qa.testCases.TestRegister@3857f613]" started-at="2023-07-12T16:11:08 IST" name="initilization" finished-at="2023-07-12T16:11:13 IST" duration-ms="5239" status="PASS">
          <reporter-output>
          </reporter-output>
        </test-method> <!-- initilization -->
        <test-method signature="verifyRegisteringNotificationMessagesForMandatoryFieldBYNotProvidingFileds()[pri:3, instance:com.tutorialsninja.qa.testCases.TestRegister@3857f613]" started-at="2023-07-12T16:11:13 IST" name="verifyRegisteringNotificationMessagesForMandatoryFieldBYNotProvidingFileds" finished-at="2023-07-12T16:11:15 IST" duration-ms="1637" status="PASS">
          <reporter-output>
          </reporter-output>
        </test-method> <!-- verifyRegisteringNotificationMessagesForMandatoryFieldBYNotProvidingFileds -->
        <test-method is-config="true" signature="tearDown()[pri:0, instance:com.tutorialsninja.qa.testCases.TestRegister@3857f613]" started-at="2023-07-12T16:11:15 IST" name="tearDown" finished-at="2023-07-12T16:11:15 IST" duration-ms="216" status="PASS">
          <reporter-output>
          </reporter-output>
        </test-method> <!-- tearDown -->
        <test-method is-config="true" signature="initilization()[pri:0, instance:com.tutorialsninja.qa.testCases.TestRegister@3857f613]" started-at="2023-07-12T16:11:15 IST" name="initilization" finished-at="2023-07-12T16:11:21 IST" duration-ms="5646" status="PASS">
          <reporter-output>
          </reporter-output>
        </test-method> <!-- initilization -->
        <test-method signature="verifyRegisteringAnAccountBySelectingNewsletterNO()[pri:4, instance:com.tutorialsninja.qa.testCases.TestRegister@3857f613]" started-at="2023-07-12T16:11:21 IST" name="verifyRegisteringAnAccountBySelectingNewsletterNO" finished-at="2023-07-12T16:11:25 IST" duration-ms="3715" status="PASS">
          <reporter-output>
          </reporter-output>
        </test-method> <!-- verifyRegisteringAnAccountBySelectingNewsletterNO -->
        <test-method is-config="true" signature="tearDown()[pri:0, instance:com.tutorialsninja.qa.testCases.TestRegister@3857f613]" started-at="2023-07-12T16:11:25 IST" name="tearDown" finished-at="2023-07-12T16:11:25 IST" duration-ms="697" status="PASS">
          <reporter-output>
          </reporter-output>
        </test-method> <!-- tearDown -->
        <test-method is-config="true" signature="initilization()[pri:0, instance:com.tutorialsninja.qa.testCases.TestRegister@3857f613]" started-at="2023-07-12T16:11:25 IST" name="initilization" finished-at="2023-07-12T16:11:31 IST" duration-ms="5674" status="PASS">
          <reporter-output>
          </reporter-output>
        </test-method> <!-- initilization -->
        <test-method signature="verifyRegisteringAnAccountBySelectingNewsletterNOYES()[pri:5, instance:com.tutorialsninja.qa.testCases.TestRegister@3857f613]" started-at="2023-07-12T16:11:31 IST" name="verifyRegisteringAnAccountBySelectingNewsletterNOYES" finished-at="2023-07-12T16:11:38 IST" duration-ms="7191" status="PASS">
          <reporter-output>
          </reporter-output>
        </test-method> <!-- verifyRegisteringAnAccountBySelectingNewsletterNOYES -->
        <test-method is-config="true" signature="tearDown()[pri:0, instance:com.tutorialsninja.qa.testCases.TestRegister@3857f613]" started-at="2023-07-12T16:11:38 IST" name="tearDown" finished-at="2023-07-12T16:11:39 IST" duration-ms="428" status="PASS">
          <reporter-output>
          </reporter-output>
        </test-method> <!-- tearDown -->
        <test-method is-config="true" signature="initilization()[pri:0, instance:com.tutorialsninja.qa.testCases.TestRegister@3857f613]" started-at="2023-07-12T16:11:39 IST" name="initilization" finished-at="2023-07-12T16:11:45 IST" duration-ms="6203" status="PASS">
          <reporter-output>
          </reporter-output>
        </test-method> <!-- initilization -->
        <test-method signature="verifyRegisteringAnAccountByProvidingDifferentPasswordInPasswordAndConfirmPassword()[pri:6, instance:com.tutorialsninja.qa.testCases.TestRegister@3857f613]" started-at="2023-07-12T16:11:45 IST" name="verifyRegisteringAnAccountByProvidingDifferentPasswordInPasswordAndConfirmPassword" finished-at="2023-07-12T16:11:48 IST" duration-ms="3564" status="PASS">
          <reporter-output>
          </reporter-output>
        </test-method> <!-- verifyRegisteringAnAccountByProvidingDifferentPasswordInPasswordAndConfirmPassword -->
        <test-method is-config="true" signature="tearDown()[pri:0, instance:com.tutorialsninja.qa.testCases.TestRegister@3857f613]" started-at="2023-07-12T16:11:48 IST" name="tearDown" finished-at="2023-07-12T16:11:48 IST" duration-ms="144" status="PASS">
          <reporter-output>
          </reporter-output>
        </test-method> <!-- tearDown -->
        <test-method is-config="true" signature="initilization()[pri:0, instance:com.tutorialsninja.qa.testCases.TestRegister@3857f613]" started-at="2023-07-12T16:11:48 IST" name="initilization" finished-at="2023-07-12T16:11:53 IST" duration-ms="4949" status="PASS">
          <reporter-output>
          </reporter-output>
        </test-method> <!-- initilization -->
        <test-method signature="verifyRegisteringAnAccountByProvidingExistingAccount()[pri:7, instance:com.tutorialsninja.qa.testCases.TestRegister@3857f613]" started-at="2023-07-12T16:11:53 IST" name="verifyRegisteringAnAccountByProvidingExistingAccount" finished-at="2023-07-12T16:11:56 IST" duration-ms="2456" status="PASS">
          <reporter-output>
          </reporter-output>
        </test-method> <!-- verifyRegisteringAnAccountByProvidingExistingAccount -->
        <test-method is-config="true" signature="tearDown()[pri:0, instance:com.tutorialsninja.qa.testCases.TestRegister@3857f613]" started-at="2023-07-12T16:11:56 IST" name="tearDown" finished-at="2023-07-12T16:11:56 IST" duration-ms="241" status="PASS">
          <reporter-output>
          </reporter-output>
        </test-method> <!-- tearDown -->
        <test-method is-config="true" signature="initilization()[pri:0, instance:com.tutorialsninja.qa.testCases.TestRegister@3857f613]" started-at="2023-07-12T16:11:57 IST" name="initilization" finished-at="2023-07-12T16:12:03 IST" duration-ms="5169" status="PASS">
          <reporter-output>
          </reporter-output>
        </test-method> <!-- initilization -->
        <test-method signature="verifyRegisteringAnAccountByInvalidEmails(java.lang.String,java.lang.String)[pri:8, instance:com.tutorialsninja.qa.testCases.TestRegister@3857f613]" started-at="2023-07-12T16:12:03 IST" name="verifyRegisteringAnAccountByInvalidEmails" data-provider="getData" finished-at="2023-07-12T16:12:05 IST" duration-ms="2640" status="PASS">
          <params>
            <param index="0">
              <value>
                <![CDATA[test]]>
              </value>
            </param>
            <param index="1">
              <value>
                <![CDATA[12345]]>
              </value>
            </param>
          </params>
          <reporter-output>
          </reporter-output>
        </test-method> <!-- verifyRegisteringAnAccountByInvalidEmails -->
        <test-method is-config="true" signature="tearDown()[pri:0, instance:com.tutorialsninja.qa.testCases.TestRegister@3857f613]" started-at="2023-07-12T16:12:05 IST" name="tearDown" finished-at="2023-07-12T16:12:05 IST" duration-ms="237" status="PASS">
          <reporter-output>
          </reporter-output>
        </test-method> <!-- tearDown -->
        <test-method is-config="true" signature="initilization()[pri:0, instance:com.tutorialsninja.qa.testCases.TestRegister@3857f613]" started-at="2023-07-12T16:12:05 IST" name="initilization" finished-at="2023-07-12T16:12:10 IST" duration-ms="4860" status="PASS">
          <reporter-output>
          </reporter-output>
        </test-method> <!-- initilization -->
        <test-method signature="verifyRegisteringAnAccountByInvalidEmails(java.lang.String,java.lang.String)[pri:8, instance:com.tutorialsninja.qa.testCases.TestRegister@3857f613]" started-at="2023-07-12T16:12:10 IST" name="verifyRegisteringAnAccountByInvalidEmails" data-provider="getData" finished-at="2023-07-12T16:12:13 IST" duration-ms="2357" status="PASS">
          <params>
            <param index="0">
              <value>
                <![CDATA[test@]]>
              </value>
            </param>
            <param index="1">
              <value>
                <![CDATA[12345]]>
              </value>
            </param>
          </params>
          <reporter-output>
          </reporter-output>
        </test-method> <!-- verifyRegisteringAnAccountByInvalidEmails -->
        <test-method is-config="true" signature="tearDown()[pri:0, instance:com.tutorialsninja.qa.testCases.TestRegister@3857f613]" started-at="2023-07-12T16:12:13 IST" name="tearDown" finished-at="2023-07-12T16:12:13 IST" duration-ms="204" status="PASS">
          <reporter-output>
          </reporter-output>
        </test-method> <!-- tearDown -->
        <test-method is-config="true" signature="initilization()[pri:0, instance:com.tutorialsninja.qa.testCases.TestRegister@3857f613]" started-at="2023-07-12T16:12:13 IST" name="initilization" finished-at="2023-07-12T16:12:18 IST" duration-ms="5090" status="PASS">
          <reporter-output>
          </reporter-output>
        </test-method> <!-- initilization -->
        <test-method signature="verifyRegisteringAnAccountByInvalidEmails(java.lang.String,java.lang.String)[pri:8, instance:com.tutorialsninja.qa.testCases.TestRegister@3857f613]" started-at="2023-07-12T16:12:18 IST" name="verifyRegisteringAnAccountByInvalidEmails" data-provider="getData" finished-at="2023-07-12T16:12:20 IST" duration-ms="2482" status="PASS">
          <params>
            <param index="0">
              <value>
                <![CDATA[test@gmail.]]>
              </value>
            </param>
            <param index="1">
              <value>
                <![CDATA[12345]]>
              </value>
            </param>
          </params>
          <reporter-output>
          </reporter-output>
        </test-method> <!-- verifyRegisteringAnAccountByInvalidEmails -->
        <test-method is-config="true" signature="tearDown()[pri:0, instance:com.tutorialsninja.qa.testCases.TestRegister@3857f613]" started-at="2023-07-12T16:12:20 IST" name="tearDown" finished-at="2023-07-12T16:12:21 IST" duration-ms="177" status="PASS">
          <reporter-output>
          </reporter-output>
        </test-method> <!-- tearDown -->
        <test-method is-config="true" signature="initilization()[pri:0, instance:com.tutorialsninja.qa.testCases.TestRegister@3857f613]" started-at="2023-07-12T16:12:21 IST" name="initilization" finished-at="2023-07-12T16:12:26 IST" duration-ms="5118" status="PASS">
          <reporter-output>
          </reporter-output>
        </test-method> <!-- initilization -->
        <test-method signature="verifyRegisteringAnAccountByInvalidPhonenumbers(java.lang.String)[pri:9, instance:com.tutorialsninja.qa.testCases.TestRegister@3857f613]" started-at="2023-07-12T16:12:26 IST" name="verifyRegisteringAnAccountByInvalidPhonenumbers" data-provider="getTelephoneData" finished-at="2023-07-12T16:12:28 IST" duration-ms="2549" status="FAIL">
          <params>
            <param index="0">
              <value>
                <![CDATA[111]]>
              </value>
            </param>
          </params>
          <exception class="java.lang.AssertionError">
            <message>
              <![CDATA[expected [true] but found [false]]]>
            </message>
            <full-stacktrace>
              <![CDATA[java.lang.AssertionError: expected [true] but found [false]
at org.testng.Assert.fail(Assert.java:110)
at org.testng.Assert.failNotEquals(Assert.java:1413)
at org.testng.Assert.assertTrue(Assert.java:56)
at org.testng.Assert.assertTrue(Assert.java:66)
at com.tutorialsninja.qa.testCases.TestRegister.verifyRegisteringAnAccountByInvalidPhonenumbers(TestRegister.java:196)
at java.base/jdk.internal.reflect.NativeMethodAccessorImpl.invoke0(Native Method)
at java.base/jdk.internal.reflect.NativeMethodAccessorImpl.invoke(NativeMethodAccessorImpl.java:77)
at java.base/jdk.internal.reflect.DelegatingMethodAccessorImpl.invoke(DelegatingMethodAccessorImpl.java:43)
at java.base/java.lang.reflect.Method.invoke(Method.java:568)
at org.testng.internal.invokers.MethodInvocationHelper.invokeMethod(MethodInvocationHelper.java:139)
at org.testng.internal.invokers.TestInvoker.invokeMethod(TestInvoker.java:677)
at org.testng.internal.invokers.TestInvoker.invokeTestMethod(TestInvoker.java:221)
at org.testng.internal.invokers.MethodRunner.runInSequence(MethodRunner.java:50)
at org.testng.internal.invokers.TestInvoker$MethodInvocationAgent.invoke(TestInvoker.java:962)
at org.testng.internal.invokers.TestInvoker.invokeTestMethods(TestInvoker.java:194)
at org.testng.internal.invokers.TestMethodWorker.invokeTestMethods(TestMethodWorker.java:148)
at org.testng.internal.invokers.TestMethodWorker.run(TestMethodWorker.java:128)
at java.base/java.util.ArrayList.forEach(ArrayList.java:1511)
at org.testng.TestRunner.privateRun(TestRunner.java:806)
at org.testng.TestRunner.run(TestRunner.java:601)
at org.testng.SuiteRunner.runTest(SuiteRunner.java:433)
at org.testng.SuiteRunner.runSequentially(SuiteRunner.java:427)
at org.testng.SuiteRunner.privateRun(SuiteRunner.java:387)
at org.testng.SuiteRunner.run(SuiteRunner.java:330)
at org.testng.SuiteRunnerWorker.runSuite(SuiteRunnerWorker.java:52)
at org.testng.SuiteRunnerWorker.run(SuiteRunnerWorker.java:95)
at org.testng.TestNG.runSuitesSequentially(TestNG.java:1256)
at org.testng.TestNG.runSuitesLocally(TestNG.java:1176)
at org.testng.TestNG.runSuites(TestNG.java:1099)
at org.testng.TestNG.run(TestNG.java:1067)
at org.testng.remote.AbstractRemoteTestNG.run(AbstractRemoteTestNG.java:115)
at org.testng.remote.RemoteTestNG.initAndRun(RemoteTestNG.java:251)
at org.testng.remote.RemoteTestNG.main(RemoteTestNG.java:77)
]]>
            </full-stacktrace>
          </exception> <!-- java.lang.AssertionError -->
          <reporter-output>
          </reporter-output>
        </test-method> <!-- verifyRegisteringAnAccountByInvalidPhonenumbers -->
        <test-method is-config="true" signature="tearDown()[pri:0, instance:com.tutorialsninja.qa.testCases.TestRegister@3857f613]" started-at="2023-07-12T16:12:28 IST" name="tearDown" finished-at="2023-07-12T16:12:29 IST" duration-ms="294" status="PASS">
          <reporter-output>
          </reporter-output>
        </test-method> <!-- tearDown -->
        <test-method is-config="true" signature="initilization()[pri:0, instance:com.tutorialsninja.qa.testCases.TestRegister@3857f613]" started-at="2023-07-12T16:12:29 IST" name="initilization" finished-at="2023-07-12T16:12:34 IST" duration-ms="4917" status="PASS">
          <reporter-output>
          </reporter-output>
        </test-method> <!-- initilization -->
        <test-method signature="verifyRegisteringAnAccountByInvalidPhonenumbers(java.lang.String)[pri:9, instance:com.tutorialsninja.qa.testCases.TestRegister@3857f613]" started-at="2023-07-12T16:12:34 IST" name="verifyRegisteringAnAccountByInvalidPhonenumbers" data-provider="getTelephoneData" finished-at="2023-07-12T16:12:36 IST" duration-ms="2747" status="FAIL">
          <params>
            <param index="0">
              <value>
                <![CDATA[abcde]]>
              </value>
            </param>
          </params>
          <exception class="java.lang.AssertionError">
            <message>
              <![CDATA[expected [true] but found [false]]]>
            </message>
            <full-stacktrace>
              <![CDATA[java.lang.AssertionError: expected [true] but found [false]
at org.testng.Assert.fail(Assert.java:110)
at org.testng.Assert.failNotEquals(Assert.java:1413)
at org.testng.Assert.assertTrue(Assert.java:56)
at org.testng.Assert.assertTrue(Assert.java:66)
at com.tutorialsninja.qa.testCases.TestRegister.verifyRegisteringAnAccountByInvalidPhonenumbers(TestRegister.java:196)
at java.base/jdk.internal.reflect.NativeMethodAccessorImpl.invoke0(Native Method)
at java.base/jdk.internal.reflect.NativeMethodAccessorImpl.invoke(NativeMethodAccessorImpl.java:77)
at java.base/jdk.internal.reflect.DelegatingMethodAccessorImpl.invoke(DelegatingMethodAccessorImpl.java:43)
at java.base/java.lang.reflect.Method.invoke(Method.java:568)
at org.testng.internal.invokers.MethodInvocationHelper.invokeMethod(MethodInvocationHelper.java:139)
at org.testng.internal.invokers.TestInvoker.invokeMethod(TestInvoker.java:677)
at org.testng.internal.invokers.TestInvoker.invokeTestMethod(TestInvoker.java:221)
at org.testng.internal.invokers.MethodRunner.runInSequence(MethodRunner.java:50)
at org.testng.internal.invokers.TestInvoker$MethodInvocationAgent.invoke(TestInvoker.java:962)
at org.testng.internal.invokers.TestInvoker.invokeTestMethods(TestInvoker.java:194)
at org.testng.internal.invokers.TestMethodWorker.invokeTestMethods(TestMethodWorker.java:148)
at org.testng.internal.invokers.TestMethodWorker.run(TestMethodWorker.java:128)
at java.base/java.util.ArrayList.forEach(ArrayList.java:1511)
at org.testng.TestRunner.privateRun(TestRunner.java:806)
at org.testng.TestRunner.run(TestRunner.java:601)
at org.testng.SuiteRunner.runTest(SuiteRunner.java:433)
at org.testng.SuiteRunner.runSequentially(SuiteRunner.java:427)
at org.testng.SuiteRunner.privateRun(SuiteRunner.java:387)
at org.testng.SuiteRunner.run(SuiteRunner.java:330)
at org.testng.SuiteRunnerWorker.runSuite(SuiteRunnerWorker.java:52)
at org.testng.SuiteRunnerWorker.run(SuiteRunnerWorker.java:95)
at org.testng.TestNG.runSuitesSequentially(TestNG.java:1256)
at org.testng.TestNG.runSuitesLocally(TestNG.java:1176)
at org.testng.TestNG.runSuites(TestNG.java:1099)
at org.testng.TestNG.run(TestNG.java:1067)
at org.testng.remote.AbstractRemoteTestNG.run(AbstractRemoteTestNG.java:115)
at org.testng.remote.RemoteTestNG.initAndRun(RemoteTestNG.java:251)
at org.testng.remote.RemoteTestNG.main(RemoteTestNG.java:77)
]]>
            </full-stacktrace>
          </exception> <!-- java.lang.AssertionError -->
          <reporter-output>
          </reporter-output>
        </test-method> <!-- verifyRegisteringAnAccountByInvalidPhonenumbers -->
        <test-method is-config="true" signature="tearDown()[pri:0, instance:com.tutorialsninja.qa.testCases.TestRegister@3857f613]" started-at="2023-07-12T16:12:37 IST" name="tearDown" finished-at="2023-07-12T16:12:37 IST" duration-ms="207" status="PASS">
          <reporter-output>
          </reporter-output>
        </test-method> <!-- tearDown -->
        <test-method is-config="true" signature="initilization()[pri:0, instance:com.tutorialsninja.qa.testCases.TestRegister@3857f613]" started-at="2023-07-12T16:12:37 IST" name="initilization" finished-at="2023-07-12T16:12:42 IST" duration-ms="4944" status="PASS">
          <reporter-output>
          </reporter-output>
        </test-method> <!-- initilization -->
        <test-method signature="verifyRegisteringAnAccountByProvidingSpacesInTheFields()[pri:10, instance:com.tutorialsninja.qa.testCases.TestRegister@3857f613]" started-at="2023-07-12T16:12:42 IST" name="verifyRegisteringAnAccountByProvidingSpacesInTheFields" finished-at="2023-07-12T16:12:44 IST" duration-ms="2544" status="FAIL">
          <exception class="java.lang.AssertionError">
            <message>
              <![CDATA[expected [Telephone must be between 3 and 32 characters!] but found [Password]]]>
            </message>
            <full-stacktrace>
              <![CDATA[java.lang.AssertionError: expected [Telephone must be between 3 and 32 characters!] but found [Password]
at org.testng.Assert.fail(Assert.java:110)
at org.testng.Assert.failNotEquals(Assert.java:1413)
at org.testng.Assert.assertEqualsImpl(Assert.java:149)
at org.testng.Assert.assertEquals(Assert.java:131)
at org.testng.Assert.assertEquals(Assert.java:655)
at org.testng.Assert.assertEquals(Assert.java:665)
at com.tutorialsninja.qa.testCases.TestRegister.verifyRegisteringAnAccountByProvidingSpacesInTheFields(TestRegister.java:224)
at java.base/jdk.internal.reflect.NativeMethodAccessorImpl.invoke0(Native Method)
at java.base/jdk.internal.reflect.NativeMethodAccessorImpl.invoke(NativeMethodAccessorImpl.java:77)
at java.base/jdk.internal.reflect.DelegatingMethodAccessorImpl.invoke(DelegatingMethodAccessorImpl.java:43)
at java.base/java.lang.reflect.Method.invoke(Method.java:568)
at org.testng.internal.invokers.MethodInvocationHelper.invokeMethod(MethodInvocationHelper.java:139)
at org.testng.internal.invokers.TestInvoker.invokeMethod(TestInvoker.java:677)
at org.testng.internal.invokers.TestInvoker.invokeTestMethod(TestInvoker.java:221)
at org.testng.internal.invokers.MethodRunner.runInSequence(MethodRunner.java:50)
at org.testng.internal.invokers.TestInvoker$MethodInvocationAgent.invoke(TestInvoker.java:962)
at org.testng.internal.invokers.TestInvoker.invokeTestMethods(TestInvoker.java:194)
at org.testng.internal.invokers.TestMethodWorker.invokeTestMethods(TestMethodWorker.java:148)
at org.testng.internal.invokers.TestMethodWorker.run(TestMethodWorker.java:128)
at java.base/java.util.ArrayList.forEach(ArrayList.java:1511)
at org.testng.TestRunner.privateRun(TestRunner.java:806)
at org.testng.TestRunner.run(TestRunner.java:601)
at org.testng.SuiteRunner.runTest(SuiteRunner.java:433)
at org.testng.SuiteRunner.runSequentially(SuiteRunner.java:427)
at org.testng.SuiteRunner.privateRun(SuiteRunner.java:387)
at org.testng.SuiteRunner.run(SuiteRunner.java:330)
at org.testng.SuiteRunnerWorker.runSuite(SuiteRunnerWorker.java:52)
at org.testng.SuiteRunnerWorker.run(SuiteRunnerWorker.java:95)
at org.testng.TestNG.runSuitesSequentially(TestNG.java:1256)
at org.testng.TestNG.runSuitesLocally(TestNG.java:1176)
at org.testng.TestNG.runSuites(TestNG.java:1099)
at org.testng.TestNG.run(TestNG.java:1067)
at org.testng.remote.AbstractRemoteTestNG.run(AbstractRemoteTestNG.java:115)
at org.testng.remote.RemoteTestNG.initAndRun(RemoteTestNG.java:251)
at org.testng.remote.RemoteTestNG.main(RemoteTestNG.java:77)
]]>
            </full-stacktrace>
          </exception> <!-- java.lang.AssertionError -->
          <reporter-output>
          </reporter-output>
        </test-method> <!-- verifyRegisteringAnAccountByProvidingSpacesInTheFields -->
        <test-method is-config="true" signature="tearDown()[pri:0, instance:com.tutorialsninja.qa.testCases.TestRegister@3857f613]" started-at="2023-07-12T16:12:44 IST" name="tearDown" finished-at="2023-07-12T16:12:45 IST" duration-ms="193" status="PASS">
          <reporter-output>
          </reporter-output>
        </test-method> <!-- tearDown -->
        <test-method is-config="true" signature="initilization()[pri:0, instance:com.tutorialsninja.qa.testCases.TestRegister@3857f613]" started-at="2023-07-12T16:12:45 IST" name="initilization" finished-at="2023-07-12T16:12:50 IST" duration-ms="5074" status="PASS">
          <reporter-output>
          </reporter-output>
        </test-method> <!-- initilization -->
        <test-method signature="verifyRegisteringAnAccountToCheckPageFollowingComplexityStandardsPassword()[pri:11, instance:com.tutorialsninja.qa.testCases.TestRegister@3857f613]" started-at="2023-07-12T16:12:50 IST" name="verifyRegisteringAnAccountToCheckPageFollowingComplexityStandardsPassword" finished-at="2023-07-12T16:13:02 IST" duration-ms="12652" status="FAIL">
          <exception class="org.openqa.selenium.NoSuchElementException">
            <message>
              <![CDATA[no such element: Unable to locate element: {"method":"xpath","selector":"//input[@id='input-password']/following::div[1]"}
  (Session info: MicrosoftEdge=114.0.1823.79)
For documentation on this error, please visit: https://selenium.dev/exceptions/#no_such_element
Build info: version: '4.6.0', revision: '79f1c02ae20'
System info: os.name: 'Windows 10', os.arch: 'amd64', os.version: '10.0', java.version: '17.0.5'
Driver info: org.openqa.selenium.edge.EdgeDriver
Command: [bf14d8117e6f6faf51b667a3ad996b8a, findElement {using=xpath, value=//input[@id='input-password']/following::div[1]}]
Capabilities {acceptInsecureCerts: false, browserName: msedge, browserVersion: 114.0.1823.79, ms:edgeOptions: {debuggerAddress: localhost:63397}, msedge: {msedgedriverVersion: 114.0.1823.79 (c0c722a9579e..., userDataDir: C:\Users\Zuber\AppData\Loca...}, networkConnectionEnabled: false, pageLoadStrategy: normal, platformName: WINDOWS, proxy: Proxy(), se:cdp: ws://localhost:63397/devtoo..., se:cdpVersion: 114.0.1823.79, setWindowRect: true, strictFileInteractability: false, timeouts: {implicit: 0, pageLoad: 300000, script: 30000}, unhandledPromptBehavior: dismiss and notify, webauthn:extension:credBlob: true, webauthn:extension:largeBlob: true, webauthn:extension:minPinLength: true, webauthn:extension:prf: true, webauthn:virtualAuthenticators: true}
Session ID: bf14d8117e6f6faf51b667a3ad996b8a]]>
            </message>
            <full-stacktrace>
              <![CDATA[org.openqa.selenium.NoSuchElementException: no such element: Unable to locate element: {"method":"xpath","selector":"//input[@id='input-password']/following::div[1]"}
  (Session info: MicrosoftEdge=114.0.1823.79)
For documentation on this error, please visit: https://selenium.dev/exceptions/#no_such_element
Build info: version: '4.6.0', revision: '79f1c02ae20'
System info: os.name: 'Windows 10', os.arch: 'amd64', os.version: '10.0', java.version: '17.0.5'
Driver info: org.openqa.selenium.edge.EdgeDriver
Command: [bf14d8117e6f6faf51b667a3ad996b8a, findElement {using=xpath, value=//input[@id='input-password']/following::div[1]}]
Capabilities {acceptInsecureCerts: false, browserName: msedge, browserVersion: 114.0.1823.79, ms:edgeOptions: {debuggerAddress: localhost:63397}, msedge: {msedgedriverVersion: 114.0.1823.79 (c0c722a9579e..., userDataDir: C:\Users\Zuber\AppData\Loca...}, networkConnectionEnabled: false, pageLoadStrategy: normal, platformName: WINDOWS, proxy: Proxy(), se:cdp: ws://localhost:63397/devtoo..., se:cdpVersion: 114.0.1823.79, setWindowRect: true, strictFileInteractability: false, timeouts: {implicit: 0, pageLoad: 300000, script: 30000}, unhandledPromptBehavior: dismiss and notify, webauthn:extension:credBlob: true, webauthn:extension:largeBlob: true, webauthn:extension:minPinLength: true, webauthn:extension:prf: true, webauthn:virtualAuthenticators: true}
Session ID: bf14d8117e6f6faf51b667a3ad996b8a
at java.base/jdk.internal.reflect.NativeConstructorAccessorImpl.newInstance0(Native Method)
at java.base/jdk.internal.reflect.NativeConstructorAccessorImpl.newInstance(NativeConstructorAccessorImpl.java:77)
at java.base/jdk.internal.reflect.DelegatingConstructorAccessorImpl.newInstance(DelegatingConstructorAccessorImpl.java:45)
at java.base/java.lang.reflect.Constructor.newInstanceWithCaller(Constructor.java:499)
at java.base/java.lang.reflect.Constructor.newInstance(Constructor.java:480)
at org.openqa.selenium.remote.codec.w3c.W3CHttpResponseCodec.createException(W3CHttpResponseCodec.java:200)
at org.openqa.selenium.remote.codec.w3c.W3CHttpResponseCodec.decode(W3CHttpResponseCodec.java:133)
at org.openqa.selenium.remote.codec.w3c.W3CHttpResponseCodec.decode(W3CHttpResponseCodec.java:53)
at org.openqa.selenium.remote.HttpCommandExecutor.execute(HttpCommandExecutor.java:184)
at org.openqa.selenium.remote.service.DriverCommandExecutor.invokeExecute(DriverCommandExecutor.java:167)
at org.openqa.selenium.remote.service.DriverCommandExecutor.execute(DriverCommandExecutor.java:142)
at org.openqa.selenium.remote.RemoteWebDriver.execute(RemoteWebDriver.java:541)
at org.openqa.selenium.remote.ElementLocation$ElementFinder$2.findElement(ElementLocation.java:162)
at org.openqa.selenium.remote.ElementLocation.findElement(ElementLocation.java:60)
at org.openqa.selenium.remote.RemoteWebDriver.findElement(RemoteWebDriver.java:365)
at org.openqa.selenium.remote.RemoteWebDriver.findElement(RemoteWebDriver.java:357)
at org.openqa.selenium.support.pagefactory.DefaultElementLocator.findElement(DefaultElementLocator.java:70)
at org.openqa.selenium.support.pagefactory.internal.LocatingElementHandler.invoke(LocatingElementHandler.java:39)
at jdk.proxy2/jdk.proxy2.$Proxy26.getText(Unknown Source)
at com.tutorialsninja.qa.pageObjects.RegisterPageObjects.passwordActualWarningMessage(RegisterPageObjects.java:88)
at com.tutorialsninja.qa.testCases.TestRegister.verifyRegisteringAnAccountToCheckPageFollowingComplexityStandardsPassword(TestRegister.java:245)
at java.base/jdk.internal.reflect.NativeMethodAccessorImpl.invoke0(Native Method)
at java.base/jdk.internal.reflect.NativeMethodAccessorImpl.invoke(NativeMethodAccessorImpl.java:77)
at java.base/jdk.internal.reflect.DelegatingMethodAccessorImpl.invoke(DelegatingMethodAccessorImpl.java:43)
at java.base/java.lang.reflect.Method.invoke(Method.java:568)
at org.testng.internal.invokers.MethodInvocationHelper.invokeMethod(MethodInvocationHelper.java:139)
at org.testng.internal.invokers.TestInvoker.invokeMethod(TestInvoker.java:677)
at org.testng.internal.invokers.TestInvoker.invokeTestMethod(TestInvoker.java:221)
at org.testng.internal.invokers.MethodRunner.runInSequence(MethodRunner.java:50)
at org.testng.internal.invokers.TestInvoker$MethodInvocationAgent.invoke(TestInvoker.java:962)
at org.testng.internal.invokers.TestInvoker.invokeTestMethods(TestInvoker.java:194)
at org.testng.internal.invokers.TestMethodWorker.invokeTestMethods(TestMethodWorker.java:148)
at org.testng.internal.invokers.TestMethodWorker.run(TestMethodWorker.java:128)
at java.base/java.util.ArrayList.forEach(ArrayList.java:1511)
at org.testng.TestRunner.privateRun(TestRunner.java:806)
at org.testng.TestRunner.run(TestRunner.java:601)
at org.testng.SuiteRunner.runTest(SuiteRunner.java:433)
at org.testng.SuiteRunner.runSequentially(SuiteRunner.java:427)
at org.testng.SuiteRunner.privateRun(SuiteRunner.java:387)
at org.testng.SuiteRunner.run(SuiteRunner.java:330)
at org.testng.SuiteRunnerWorker.runSuite(SuiteRunnerWorker.java:52)
at org.testng.SuiteRunnerWorker.run(SuiteRunnerWorker.java:95)
at org.testng.TestNG.runSuitesSequentially(TestNG.java:1256)
at org.testng.TestNG.runSuitesLocally(TestNG.java:1176)
at org.testng.TestNG.runSuites(TestNG.java:1099)
at org.testng.TestNG.run(TestNG.java:1067)
at org.testng.remote.AbstractRemoteTestNG.run(AbstractRemoteTestNG.java:115)
at org.testng.remote.RemoteTestNG.initAndRun(RemoteTestNG.java:251)
at org.testng.remote.RemoteTestNG.main(RemoteTestNG.java:77)
]]>
            </full-stacktrace>
          </exception> <!-- org.openqa.selenium.NoSuchElementException -->
          <reporter-output>
          </reporter-output>
        </test-method> <!-- verifyRegisteringAnAccountToCheckPageFollowingComplexityStandardsPassword -->
        <test-method is-config="true" signature="tearDown()[pri:0, instance:com.tutorialsninja.qa.testCases.TestRegister@3857f613]" started-at="2023-07-12T16:13:03 IST" name="tearDown" finished-at="2023-07-12T16:13:03 IST" duration-ms="386" status="PASS">
          <reporter-output>
          </reporter-output>
        </test-method> <!-- tearDown -->
        <test-method is-config="true" signature="initilization()[pri:0, instance:com.tutorialsninja.qa.testCases.TestRegister@3857f613]" started-at="2023-07-12T16:13:03 IST" name="initilization" finished-at="2023-07-12T16:13:08 IST" duration-ms="4813" status="PASS">
          <reporter-output>
          </reporter-output>
        </test-method> <!-- initilization -->
        <test-method signature="verifyRegisteringAnAccountWhetherLeadingandTrailingSpacesTrimmed()[pri:12, instance:com.tutorialsninja.qa.testCases.TestRegister@3857f613]" started-at="2023-07-12T16:13:08 IST" name="verifyRegisteringAnAccountWhetherLeadingandTrailingSpacesTrimmed" finished-at="2023-07-12T16:13:11 IST" duration-ms="2994" status="FAIL">
          <exception class="java.lang.AssertionError">
            <message>
              <![CDATA[did not expect [    test    ] but found [    test    ]]]>
            </message>
            <full-stacktrace>
              <![CDATA[java.lang.AssertionError: did not expect [    test    ] but found [    test    ]
at org.testng.Assert.fail(Assert.java:110)
at org.testng.Assert.failEquals(Assert.java:1417)
at org.testng.Assert.assertNotEqualsImpl(Assert.java:156)
at org.testng.Assert.assertNotEquals(Assert.java:2033)
at org.testng.Assert.assertNotEquals(Assert.java:2055)
at com.tutorialsninja.qa.testCases.TestRegister.verifyRegisteringAnAccountWhetherLeadingandTrailingSpacesTrimmed(TestRegister.java:263)
at java.base/jdk.internal.reflect.NativeMethodAccessorImpl.invoke0(Native Method)
at java.base/jdk.internal.reflect.NativeMethodAccessorImpl.invoke(NativeMethodAccessorImpl.java:77)
at java.base/jdk.internal.reflect.DelegatingMethodAccessorImpl.invoke(DelegatingMethodAccessorImpl.java:43)
at java.base/java.lang.reflect.Method.invoke(Method.java:568)
at org.testng.internal.invokers.MethodInvocationHelper.invokeMethod(MethodInvocationHelper.java:139)
at org.testng.internal.invokers.TestInvoker.invokeMethod(TestInvoker.java:677)
at org.testng.internal.invokers.TestInvoker.invokeTestMethod(TestInvoker.java:221)
at org.testng.internal.invokers.MethodRunner.runInSequence(MethodRunner.java:50)
at org.testng.internal.invokers.TestInvoker$MethodInvocationAgent.invoke(TestInvoker.java:962)
at org.testng.internal.invokers.TestInvoker.invokeTestMethods(TestInvoker.java:194)
at org.testng.internal.invokers.TestMethodWorker.invokeTestMethods(TestMethodWorker.java:148)
at org.testng.internal.invokers.TestMethodWorker.run(TestMethodWorker.java:128)
at java.base/java.util.ArrayList.forEach(ArrayList.java:1511)
at org.testng.TestRunner.privateRun(TestRunner.java:806)
at org.testng.TestRunner.run(TestRunner.java:601)
at org.testng.SuiteRunner.runTest(SuiteRunner.java:433)
at org.testng.SuiteRunner.runSequentially(SuiteRunner.java:427)
at org.testng.SuiteRunner.privateRun(SuiteRunner.java:387)
at org.testng.SuiteRunner.run(SuiteRunner.java:330)
at org.testng.SuiteRunnerWorker.runSuite(SuiteRunnerWorker.java:52)
at org.testng.SuiteRunnerWorker.run(SuiteRunnerWorker.java:95)
at org.testng.TestNG.runSuitesSequentially(TestNG.java:1256)
at org.testng.TestNG.runSuitesLocally(TestNG.java:1176)
at org.testng.TestNG.runSuites(TestNG.java:1099)
at org.testng.TestNG.run(TestNG.java:1067)
at org.testng.remote.AbstractRemoteTestNG.run(AbstractRemoteTestNG.java:115)
at org.testng.remote.RemoteTestNG.initAndRun(RemoteTestNG.java:251)
at org.testng.remote.RemoteTestNG.main(RemoteTestNG.java:77)
]]>
            </full-stacktrace>
          </exception> <!-- java.lang.AssertionError -->
          <reporter-output>
          </reporter-output>
        </test-method> <!-- verifyRegisteringAnAccountWhetherLeadingandTrailingSpacesTrimmed -->
        <test-method is-config="true" signature="tearDown()[pri:0, instance:com.tutorialsninja.qa.testCases.TestRegister@3857f613]" started-at="2023-07-12T16:13:11 IST" name="tearDown" finished-at="2023-07-12T16:13:11 IST" duration-ms="205" status="PASS">
          <reporter-output>
          </reporter-output>
        </test-method> <!-- tearDown -->
        <test-method is-config="true" signature="initilization()[pri:0, instance:com.tutorialsninja.qa.testCases.TestRegister@3857f613]" started-at="2023-07-12T16:13:11 IST" name="initilization" finished-at="2023-07-12T16:13:16 IST" duration-ms="4880" status="PASS">
          <reporter-output>
          </reporter-output>
        </test-method> <!-- initilization -->
        <test-method signature="verifyRegisteringAnAccountCheckPrivacyPolicyCheckboxIsNotSelectedByDefault()[pri:13, instance:com.tutorialsninja.qa.testCases.TestRegister@3857f613]" started-at="2023-07-12T16:13:16 IST" name="verifyRegisteringAnAccountCheckPrivacyPolicyCheckboxIsNotSelectedByDefault" finished-at="2023-07-12T16:13:17 IST" duration-ms="1122" status="PASS">
          <reporter-output>
          </reporter-output>
        </test-method> <!-- verifyRegisteringAnAccountCheckPrivacyPolicyCheckboxIsNotSelectedByDefault -->
        <test-method is-config="true" signature="tearDown()[pri:0, instance:com.tutorialsninja.qa.testCases.TestRegister@3857f613]" started-at="2023-07-12T16:13:17 IST" name="tearDown" finished-at="2023-07-12T16:13:17 IST" duration-ms="224" status="PASS">
          <reporter-output>
          </reporter-output>
        </test-method> <!-- tearDown -->
        <test-method is-config="true" signature="initilization()[pri:0, instance:com.tutorialsninja.qa.testCases.TestRegister@3857f613]" started-at="2023-07-12T16:13:17 IST" name="initilization" finished-at="2023-07-12T16:13:22 IST" duration-ms="4885" status="PASS">
          <reporter-output>
          </reporter-output>
        </test-method> <!-- initilization -->
        <test-method signature="verifyRegisteringAnAccountWithoutSelectingPrivacyPolicyCheckbox()[pri:14, instance:com.tutorialsninja.qa.testCases.TestRegister@3857f613]" started-at="2023-07-12T16:13:22 IST" name="verifyRegisteringAnAccountWithoutSelectingPrivacyPolicyCheckbox" finished-at="2023-07-12T16:13:25 IST" duration-ms="2481" status="PASS">
          <reporter-output>
          </reporter-output>
        </test-method> <!-- verifyRegisteringAnAccountWithoutSelectingPrivacyPolicyCheckbox -->
        <test-method is-config="true" signature="tearDown()[pri:0, instance:com.tutorialsninja.qa.testCases.TestRegister@3857f613]" started-at="2023-07-12T16:13:25 IST" name="tearDown" finished-at="2023-07-12T16:13:25 IST" duration-ms="286" status="PASS">
          <reporter-output>
          </reporter-output>
        </test-method> <!-- tearDown -->
        <test-method is-config="true" signature="initilization()[pri:0, instance:com.tutorialsninja.qa.testCases.TestRegister@3857f613]" started-at="2023-07-12T16:13:25 IST" name="initilization" finished-at="2023-07-12T16:13:30 IST" duration-ms="4868" status="PASS">
          <reporter-output>
          </reporter-output>
        </test-method> <!-- initilization -->
        <test-method signature="verifyRegisteringAnAccountByFillingPasswordAndWithoutFillingConfirmPassword()[pri:15, instance:com.tutorialsninja.qa.testCases.TestRegister@3857f613]" started-at="2023-07-12T16:13:30 IST" name="verifyRegisteringAnAccountByFillingPasswordAndWithoutFillingConfirmPassword" finished-at="2023-07-12T16:13:33 IST" duration-ms="2691" status="PASS">
          <reporter-output>
          </reporter-output>
        </test-method> <!-- verifyRegisteringAnAccountByFillingPasswordAndWithoutFillingConfirmPassword -->
        <test-method is-config="true" signature="tearDown()[pri:0, instance:com.tutorialsninja.qa.testCases.TestRegister@3857f613]" started-at="2023-07-12T16:13:33 IST" name="tearDown" finished-at="2023-07-12T16:13:33 IST" duration-ms="216" status="PASS">
          <reporter-output>
          </reporter-output>
        </test-method> <!-- tearDown -->
      </class> <!-- com.tutorialsninja.qa.testCases.TestRegister -->
    </test> <!-- Automation Test cases -->
  </suite> <!-- Automation Test Suite -->
</testng-results>
