<?xml version="1.0" encoding="UTF-8"?>
<!-- Generated by org.testng.reporters.JUnitXMLReporter -->
<testsuite ignored="0" hostname="Zuber" failures="5" tests="25" name="Automation Test cases" time="133.363" errors="0" timestamp="2023-06-12T13:00:26 IST">
  <testcase classname="com.tutorialsninja.qa.testCases.TestRegister" name="verify_Registering_Mandatory_Field" time="5.116"/>
  <testcase classname="com.tutorialsninja.qa.testCases.TestRegister" name="verify_Registering_BY_Providing_All_Fileds" time="1.716"/>
  <testcase classname="com.tutorialsninja.qa.testCases.TestRegister" name="verify_Notification_BY_NotProviding_All_Fileds_BySubmiting" time="1.06"/>
  <testcase classname="com.tutorialsninja.qa.testCases.TestRegister" name="verify_Registering_Newsletter_NO" time="1.349"/>
  <testcase classname="com.tutorialsninja.qa.testCases.TestRegister" name="verify_Registering_Newsletter_YES" time="1.562"/>
  <testcase classname="com.tutorialsninja.qa.testCases.TestRegister" name="verify_Registering_By_Different_Pass_con_pass" time="1.354"/>
  <testcase classname="com.tutorialsninja.qa.testCases.TestRegister" name="verify_Registering_By_Existing_Account" time="1.293"/>
  <testcase classname="com.tutorialsninja.qa.testCases.TestRegister" name="verify_Registering_By_Invalid_Email" time="0.889"/>
  <testcase classname="com.tutorialsninja.qa.testCases.TestRegister" name="verify_Registering_By_Invalid_Email" time="0.919"/>
  <testcase classname="com.tutorialsninja.qa.testCases.TestRegister" name="verify_Registering_By_Invalid_Email" time="1.054"/>
  <testcase classname="com.tutorialsninja.qa.testCases.TestRegister" name="verify_Registering_By_Invalid_Phone" time="1.177">
    <failure type="java.lang.AssertionError" message="expected [true] but found [false]">
      <![CDATA[java.lang.AssertionError: expected [true] but found [false]
at com.tutorialsninja.qa.testCases.TestRegister.verify_Registering_By_Invalid_Phone(TestRegister.java:197)
at java.base/java.util.ArrayList.forEach(ArrayList.java:1511)
... Removed 35 stack frames]]>
    </failure>
  </testcase> <!-- verify_Registering_By_Invalid_Phone -->
  <testcase classname="com.tutorialsninja.qa.testCases.TestRegister" name="verify_Registering_By_Invalid_Phone" time="1.834">
    <failure type="java.lang.AssertionError" message="expected [true] but found [false]">
      <![CDATA[java.lang.AssertionError: expected [true] but found [false]
at com.tutorialsninja.qa.testCases.TestRegister.verify_Registering_By_Invalid_Phone(TestRegister.java:197)
at java.base/java.util.ArrayList.forEach(ArrayList.java:1511)
... Removed 35 stack frames]]>
    </failure>
  </testcase> <!-- verify_Registering_By_Invalid_Phone -->
  <testcase classname="com.tutorialsninja.qa.testCases.TestRegister" name="verify_Registering_With_Space_Field" time="1.61">
    <failure type="java.lang.AssertionError" message="expected [Telephone must be between 3 and 32 characters!] but found [Password]">
      <![CDATA[java.lang.AssertionError: expected [Telephone must be between 3 and 32 characters!] but found [Password]
at com.tutorialsninja.qa.testCases.TestRegister.verify_Registering_With_Space_Field(TestRegister.java:225)
at java.base/java.util.ArrayList.forEach(ArrayList.java:1511)
... Removed 37 stack frames]]>
    </failure>
  </testcase> <!-- verify_Registering_With_Space_Field -->
  <testcase classname="com.tutorialsninja.qa.testCases.TestRegister" name="verify_Registering_Complexity_Password" time="11.474">
    <failure type="org.openqa.selenium.NoSuchElementException" message="no such element: Unable to locate element: {&amp;quot;method&amp;quot;:&amp;quot;xpath&amp;quot;,&amp;quot;selector&amp;quot;:&amp;quot;//input[@id=&amp;apos;input-password&amp;apos;]/following::div[1]&amp;quot;}
  (Session info: chrome=113.0.5672.127)
For documentation on this error, please visit: https://selenium.dev/exceptions/#no_such_element
Build info: version: &amp;apos;4.6.0&amp;apos;, revision: &amp;apos;79f1c02ae20&amp;apos;
System info: os.name: &amp;apos;Windows 11&amp;apos;, os.arch: &amp;apos;amd64&amp;apos;, os.version: &amp;apos;10.0&amp;apos;, java.version: &amp;apos;17.0.6&amp;apos;
Driver info: org.openqa.selenium.chrome.ChromeDriver
Command: [89ef8a4d4951b4671c23509fb4ef59cc, findElement {using=xpath, value=//input[@id=&amp;apos;input-password&amp;apos;]/following::div[1]}]
Capabilities {acceptInsecureCerts: false, browserName: chrome, browserVersion: 113.0.5672.127, chrome: {chromedriverVersion: 113.0.5672.63 (0e1a4471d5ae..., userDataDir: C:\PROGRA~1\KMSpico\temp\sc...}, goog:chromeOptions: {debuggerAddress: localhost:50417}, networkConnectionEnabled: false, pageLoadStrategy: normal, platformName: WINDOWS, proxy: Proxy(), se:cdp: ws://localhost:50417/devtoo..., se:cdpVersion: 113.0.5672.127, setWindowRect: true, strictFileInteractability: false, timeouts: {implicit: 0, pageLoad: 300000, script: 30000}, unhandledPromptBehavior: dismiss and notify, webauthn:extension:credBlob: true, webauthn:extension:largeBlob: true, webauthn:extension:minPinLength: true, webauthn:extension:prf: true, webauthn:virtualAuthenticators: true}
Session ID: 89ef8a4d4951b4671c23509fb4ef59cc">
      <![CDATA[org.openqa.selenium.NoSuchElementException: no such element: Unable to locate element: {"method":"xpath","selector":"//input[@id='input-password']/following::div[1]"}
  (Session info: chrome=113.0.5672.127)
For documentation on this error, please visit: https://selenium.dev/exceptions/#no_such_element
Build info: version: '4.6.0', revision: '79f1c02ae20'
System info: os.name: 'Windows 11', os.arch: 'amd64', os.version: '10.0', java.version: '17.0.6'
Driver info: org.openqa.selenium.chrome.ChromeDriver
Command: [89ef8a4d4951b4671c23509fb4ef59cc, findElement {using=xpath, value=//input[@id='input-password']/following::div[1]}]
Capabilities {acceptInsecureCerts: false, browserName: chrome, browserVersion: 113.0.5672.127, chrome: {chromedriverVersion: 113.0.5672.63 (0e1a4471d5ae..., userDataDir: C:\PROGRA~1\KMSpico\temp\sc...}, goog:chromeOptions: {debuggerAddress: localhost:50417}, networkConnectionEnabled: false, pageLoadStrategy: normal, platformName: WINDOWS, proxy: Proxy(), se:cdp: ws://localhost:50417/devtoo..., se:cdpVersion: 113.0.5672.127, setWindowRect: true, strictFileInteractability: false, timeouts: {implicit: 0, pageLoad: 300000, script: 30000}, unhandledPromptBehavior: dismiss and notify, webauthn:extension:credBlob: true, webauthn:extension:largeBlob: true, webauthn:extension:minPinLength: true, webauthn:extension:prf: true, webauthn:virtualAuthenticators: true}
Session ID: 89ef8a4d4951b4671c23509fb4ef59cc
at org.openqa.selenium.remote.codec.w3c.W3CHttpResponseCodec.createException(W3CHttpResponseCodec.java:200)
at org.openqa.selenium.remote.codec.w3c.W3CHttpResponseCodec.decode(W3CHttpResponseCodec.java:133)
at org.openqa.selenium.remote.codec.w3c.W3CHttpResponseCodec.decode(W3CHttpResponseCodec.java:53)
at org.openqa.selenium.remote.HttpCommandExecutor.execute(HttpCommandExecutor.java:184)
at org.openqa.selenium.remote.service.DriverCommandExecutor.invokeExecute(DriverCommandExecutor.java:167)
at org.openqa.selenium.remote.service.DriverCommandExecutor.execute(DriverCommandExecutor.java:142)
at org.openqa.selenium.remote.RemoteWebDriver.execute(RemoteWebDriver.java:541)
at org.openqa.selenium.remote.ElementLocation$ElementFinder$2.findElement(ElementLocation.java:162)
at org.openqa.selenium.remote.ElementLocation.findElement(ElementLocation.java:60)
at org.openqa.selenium.remote.RemoteWebDriver.findElement(RemoteWebDriver.java:365)
at org.openqa.selenium.remote.RemoteWebDriver.findElement(RemoteWebDriver.java:357)
at org.openqa.selenium.support.pagefactory.DefaultElementLocator.findElement(DefaultElementLocator.java:70)
at org.openqa.selenium.support.pagefactory.internal.LocatingElementHandler.invoke(LocatingElementHandler.java:39)
at jdk.proxy2/jdk.proxy2.$Proxy16.getText(Unknown Source)
at com.tutorialsninja.qa.pageObjects.RegisterPageObjects.password_actual_WarningMessage(RegisterPageObjects.java:88)
at com.tutorialsninja.qa.testCases.TestRegister.verify_Registering_Complexity_Password(TestRegister.java:246)
at java.base/java.util.ArrayList.forEach(ArrayList.java:1511)
... Removed 36 stack frames]]>
    </failure>
  </testcase> <!-- verify_Registering_Complexity_Password -->
  <testcase classname="com.tutorialsninja.qa.testCases.TestRegister" name="verify_Registering_Spaces_Trimmed" time="1.81">
    <failure type="java.lang.AssertionError" message="did not expect [    test    ] but found [    test    ]">
      <![CDATA[java.lang.AssertionError: did not expect [    test    ] but found [    test    ]
at com.tutorialsninja.qa.testCases.TestRegister.verify_Registering_Spaces_Trimmed(TestRegister.java:264)
at java.base/java.util.ArrayList.forEach(ArrayList.java:1511)
... Removed 36 stack frames]]>
    </failure>
  </testcase> <!-- verify_Registering_Spaces_Trimmed -->
  <testcase classname="com.tutorialsninja.qa.testCases.TestRegister" name="verify_Registering_PrivacyPolicy_isSelected" time="2.008"/>
  <testcase classname="com.tutorialsninja.qa.testCases.TestRegister" name="verify_Registering_PrivacyPolicy_Without_Selecting" time="1.186"/>
  <testcase classname="com.tutorialsninja.qa.testCases.TestRegister" name="verify_Registering_enterPassword_WithoutConfirmPassword" time="1.507"/>
  <testcase classname="com.tutorialsninja.qa.testCases.TestLogin" name="verify_login_With_Valid_Credential" time="1.085"/>
  <testcase classname="com.tutorialsninja.qa.testCases.TestLogin" name="verify_login_With_InValid_Credential" time="0.813"/>
  <testcase classname="com.tutorialsninja.qa.testCases.TestLogin" name="verify_login_With_Valid_password_invalid_userName" time="0.902"/>
  <testcase classname="com.tutorialsninja.qa.testCases.TestLogin" name="verify_login_With_Valid_userName_invalid_password" time="0.81"/>
  <testcase classname="com.tutorialsninja.qa.testCases.TestLogin" name="verify_login_Without_Credentials" time="0.819"/>
  <testcase classname="com.tutorialsninja.qa.testCases.TestLogin" name="verify_login_Forgetten_Password" time="0.732"/>
  <testcase classname="com.tutorialsninja.qa.testCases.TestLogin" name="verify_login_With_Valid_Credential_BrowserBack" time="0.961"/>
</testsuite> <!-- Automation Test cases -->
