<?xml version="1.0" encoding="UTF-8"?>
<!-- Generated by org.testng.reporters.JUnitReportReporter -->
<testsuite hostname="DESKTOP-9E25G1U" failures="2" tests="23" name="com.tutorialsninja.qa.testCases.TestLogin" time="185.766" errors="1" timestamp="2023-07-12T16:19:19 IST" skipped="0">
  <testcase classname="com.tutorialsninja.qa.testCases.TestLogin" name="verifyLoginToApplicationWithValidCredential" time="6.669"/>
  <system-out/>
  <testcase classname="com.tutorialsninja.qa.testCases.TestLogin" name="verifyLoginToApplicationWithInvalidCredential" time="6.900"/>
  <system-out/>
  <testcase classname="com.tutorialsninja.qa.testCases.TestLogin" name="verifyLoginToApplicationWithValidPasswordAndInvalidUserName" time="6.849"/>
  <system-out/>
  <testcase classname="com.tutorialsninja.qa.testCases.TestLogin" name="verifyLoginToApplicationWithValidUserNameInvalidPassword" time="7.210"/>
  <system-out/>
  <testcase classname="com.tutorialsninja.qa.testCases.TestLogin" name="verifyLoginToApplicationWithoutProvidingAnyCredentials" time="6.992"/>
  <system-out/>
  <testcase classname="com.tutorialsninja.qa.testCases.TestLogin" name="verifyLoginToApplicationCheckForgettenPasswordLinkIsPresnetAndClickable" time="6.640"/>
  <system-out/>
  <testcase classname="com.tutorialsninja.qa.testCases.TestLogin" name="verifyLoginToApplicationWithValidCredentialBrowsingBackUsingBrowserBackButton" time="17.647">
    <error message="no such element: Unable to locate element: {&quot;method&quot;:&quot;xpath&quot;,&quot;selector&quot;:&quot;(//div[@class=&#039;well&#039;])[2]/h2&quot;}
  (Session info: MicrosoftEdge=114.0.1823.79)
For documentation on this error, please visit: https://selenium.dev/exceptions/#no_such_element
Build info: version: &#039;4.6.0&#039;, revision: &#039;79f1c02ae20&#039;
System info: os.name: &#039;Windows 10&#039;, os.arch: &#039;amd64&#039;, os.version: &#039;10.0&#039;, java.version: &#039;17.0.5&#039;
Driver info: org.openqa.selenium.edge.EdgeDriver
Command: [731cea919ca2ee07826c56b333a01916, findElement {using=xpath, value=(//div[@class=&#039;well&#039;])[2]/h2}]
Capabilities {acceptInsecureCerts: false, browserName: msedge, browserVersion: 114.0.1823.79, ms:edgeOptions: {debuggerAddress: localhost:63829}, msedge: {msedgedriverVersion: 114.0.1823.79 (c0c722a9579e..., userDataDir: C:\Users\Zuber\AppData\Loca...}, networkConnectionEnabled: false, pageLoadStrategy: normal, platformName: WINDOWS, proxy: Proxy(), se:cdp: ws://localhost:63829/devtoo..., se:cdpVersion: 114.0.1823.79, setWindowRect: true, strictFileInteractability: false, timeouts: {implicit: 0, pageLoad: 300000, script: 30000}, unhandledPromptBehavior: dismiss and notify, webauthn:extension:credBlob: true, webauthn:extension:largeBlob: true, webauthn:extension:minPinLength: true, webauthn:extension:prf: true, webauthn:virtualAuthenticators: true}
Session ID: 731cea919ca2ee07826c56b333a01916" type="org.openqa.selenium.NoSuchElementException">
      <![CDATA[org.openqa.selenium.NoSuchElementException: no such element: Unable to locate element: {"method":"xpath","selector":"(//div[@class='well'])[2]/h2"}
  (Session info: MicrosoftEdge=114.0.1823.79)
For documentation on this error, please visit: https://selenium.dev/exceptions/#no_such_element
Build info: version: '4.6.0', revision: '79f1c02ae20'
System info: os.name: 'Windows 10', os.arch: 'amd64', os.version: '10.0', java.version: '17.0.5'
Driver info: org.openqa.selenium.edge.EdgeDriver
Command: [731cea919ca2ee07826c56b333a01916, findElement {using=xpath, value=(//div[@class='well'])[2]/h2}]
Capabilities {acceptInsecureCerts: false, browserName: msedge, browserVersion: 114.0.1823.79, ms:edgeOptions: {debuggerAddress: localhost:63829}, msedge: {msedgedriverVersion: 114.0.1823.79 (c0c722a9579e..., userDataDir: C:\Users\Zuber\AppData\Loca...}, networkConnectionEnabled: false, pageLoadStrategy: normal, platformName: WINDOWS, proxy: Proxy(), se:cdp: ws://localhost:63829/devtoo..., se:cdpVersion: 114.0.1823.79, setWindowRect: true, strictFileInteractability: false, timeouts: {implicit: 0, pageLoad: 300000, script: 30000}, unhandledPromptBehavior: dismiss and notify, webauthn:extension:credBlob: true, webauthn:extension:largeBlob: true, webauthn:extension:minPinLength: true, webauthn:extension:prf: true, webauthn:virtualAuthenticators: true}
Session ID: 731cea919ca2ee07826c56b333a01916
at java.base/jdk.internal.reflect.NativeConstructorAccessorImpl.newInstance0(Native Method)
at java.base/jdk.internal.reflect.NativeConstructorAccessorImpl.newInstance(NativeConstructorAccessorImpl.java:77)
at java.base/jdk.internal.reflect.DelegatingConstructorAccessorImpl.newInstance(DelegatingConstructorAccessorImpl.java:45)
at java.base/java.lang.reflect.Constructor.newInstanceWithCaller(Constructor.java:499)
at java.base/java.lang.reflect.Constructor.newInstance(Constructor.java:480)
at org.openqa.selenium.remote.codec.w3c.W3CHttpResponseCodec.createException(W3CHttpResponseCodec.java:200)
at org.openqa.selenium.remote.codec.w3c.W3CHttpResponseCodec.decode(W3CHttpResponseCodec.java:133)
at org.openqa.selenium.remote.codec.w3c.W3CHttpResponseCodec.decode(W3CHttpResponseCodec.java:53)
at org.openqa.selenium.remote.HttpCommandExecutor.execute(HttpCommandExecutor.java:184)
at org.openqa.selenium.remote.service.DriverCommandExecutor.invokeExecute(DriverCommandExecutor.java:167)
at org.openqa.selenium.remote.service.DriverCommandExecutor.execute(DriverCommandExecutor.java:142)
at org.openqa.selenium.remote.RemoteWebDriver.execute(RemoteWebDriver.java:541)
at org.openqa.selenium.remote.ElementLocation$ElementFinder$2.findElement(ElementLocation.java:162)
at org.openqa.selenium.remote.ElementLocation.findElement(ElementLocation.java:60)
at org.openqa.selenium.remote.RemoteWebDriver.findElement(RemoteWebDriver.java:365)
at org.openqa.selenium.remote.RemoteWebDriver.findElement(RemoteWebDriver.java:357)
at org.openqa.selenium.support.pagefactory.DefaultElementLocator.findElement(DefaultElementLocator.java:70)
at org.openqa.selenium.support.pagefactory.internal.LocatingElementHandler.invoke(LocatingElementHandler.java:39)
at jdk.proxy2/jdk.proxy2.$Proxy26.getText(Unknown Source)
at com.tutorialsninja.qa.pageObjects.LoginPageObjects.returningCustomerActualText(LoginPageObjects.java:107)
at com.tutorialsninja.qa.testCases.TestLogin.verifyLoginToApplicationWithValidCredentialBrowsingBackUsingBrowserBackButton(TestLogin.java:117)
at java.base/jdk.internal.reflect.NativeMethodAccessorImpl.invoke0(Native Method)
at java.base/jdk.internal.reflect.NativeMethodAccessorImpl.invoke(NativeMethodAccessorImpl.java:77)
at java.base/jdk.internal.reflect.DelegatingMethodAccessorImpl.invoke(DelegatingMethodAccessorImpl.java:43)
at java.base/java.lang.reflect.Method.invoke(Method.java:568)
at org.testng.internal.invokers.MethodInvocationHelper.invokeMethod(MethodInvocationHelper.java:139)
at org.testng.internal.invokers.TestInvoker.invokeMethod(TestInvoker.java:677)
at org.testng.internal.invokers.TestInvoker.invokeTestMethod(TestInvoker.java:221)
at org.testng.internal.invokers.MethodRunner.runInSequence(MethodRunner.java:50)
at org.testng.internal.invokers.TestInvoker$MethodInvocationAgent.invoke(TestInvoker.java:962)
at org.testng.internal.invokers.TestInvoker.invokeTestMethods(TestInvoker.java:194)
at org.testng.internal.invokers.TestMethodWorker.invokeTestMethods(TestMethodWorker.java:148)
at org.testng.internal.invokers.TestMethodWorker.run(TestMethodWorker.java:128)
at java.base/java.util.ArrayList.forEach(ArrayList.java:1511)
at org.testng.TestRunner.privateRun(TestRunner.java:806)
at org.testng.TestRunner.run(TestRunner.java:601)
at org.testng.SuiteRunner.runTest(SuiteRunner.java:433)
at org.testng.SuiteRunner.runSequentially(SuiteRunner.java:427)
at org.testng.SuiteRunner.privateRun(SuiteRunner.java:387)
at org.testng.SuiteRunner.run(SuiteRunner.java:330)
at org.testng.SuiteRunnerWorker.runSuite(SuiteRunnerWorker.java:52)
at org.testng.SuiteRunnerWorker.run(SuiteRunnerWorker.java:95)
at org.testng.TestNG.runSuitesSequentially(TestNG.java:1256)
at org.testng.TestNG.runSuitesLocally(TestNG.java:1176)
at org.testng.TestNG.runSuites(TestNG.java:1099)
at org.testng.TestNG.run(TestNG.java:1067)
at org.testng.remote.AbstractRemoteTestNG.run(AbstractRemoteTestNG.java:115)
at org.testng.remote.RemoteTestNG.initAndRun(RemoteTestNG.java:251)
at org.testng.remote.RemoteTestNG.main(RemoteTestNG.java:77)
]]>
    </error>
  </testcase> <!-- verifyLoginToApplicationWithValidCredentialBrowsingBackUsingBrowserBackButton -->
  <system-out/>
  <testcase classname="com.tutorialsninja.qa.testCases.TestLogin" name="verifyLoginToApplicationaLoginAfterThatLogoutAndBrowserBackUsingBrowserButtton" time="7.995">
    <failure message="expected [Account Logout] but found [My Account]" type="java.lang.AssertionError">
      <![CDATA[java.lang.AssertionError: expected [Account Logout] but found [My Account]
at org.testng.Assert.fail(Assert.java:110)
at org.testng.Assert.failNotEquals(Assert.java:1413)
at org.testng.Assert.assertEqualsImpl(Assert.java:149)
at org.testng.Assert.assertEquals(Assert.java:131)
at org.testng.Assert.assertEquals(Assert.java:655)
at org.testng.Assert.assertEquals(Assert.java:665)
at com.tutorialsninja.qa.testCases.TestLogin.verifyLoginToApplicationaLoginAfterThatLogoutAndBrowserBackUsingBrowserButtton(TestLogin.java:137)
at java.base/jdk.internal.reflect.NativeMethodAccessorImpl.invoke0(Native Method)
at java.base/jdk.internal.reflect.NativeMethodAccessorImpl.invoke(NativeMethodAccessorImpl.java:77)
at java.base/jdk.internal.reflect.DelegatingMethodAccessorImpl.invoke(DelegatingMethodAccessorImpl.java:43)
at java.base/java.lang.reflect.Method.invoke(Method.java:568)
at org.testng.internal.invokers.MethodInvocationHelper.invokeMethod(MethodInvocationHelper.java:139)
at org.testng.internal.invokers.TestInvoker.invokeMethod(TestInvoker.java:677)
at org.testng.internal.invokers.TestInvoker.invokeTestMethod(TestInvoker.java:221)
at org.testng.internal.invokers.MethodRunner.runInSequence(MethodRunner.java:50)
at org.testng.internal.invokers.TestInvoker$MethodInvocationAgent.invoke(TestInvoker.java:962)
at org.testng.internal.invokers.TestInvoker.invokeTestMethods(TestInvoker.java:194)
at org.testng.internal.invokers.TestMethodWorker.invokeTestMethods(TestMethodWorker.java:148)
at org.testng.internal.invokers.TestMethodWorker.run(TestMethodWorker.java:128)
at java.base/java.util.ArrayList.forEach(ArrayList.java:1511)
at org.testng.TestRunner.privateRun(TestRunner.java:806)
at org.testng.TestRunner.run(TestRunner.java:601)
at org.testng.SuiteRunner.runTest(SuiteRunner.java:433)
at org.testng.SuiteRunner.runSequentially(SuiteRunner.java:427)
at org.testng.SuiteRunner.privateRun(SuiteRunner.java:387)
at org.testng.SuiteRunner.run(SuiteRunner.java:330)
at org.testng.SuiteRunnerWorker.runSuite(SuiteRunnerWorker.java:52)
at org.testng.SuiteRunnerWorker.run(SuiteRunnerWorker.java:95)
at org.testng.TestNG.runSuitesSequentially(TestNG.java:1256)
at org.testng.TestNG.runSuitesLocally(TestNG.java:1176)
at org.testng.TestNG.runSuites(TestNG.java:1099)
at org.testng.TestNG.run(TestNG.java:1067)
at org.testng.remote.AbstractRemoteTestNG.run(AbstractRemoteTestNG.java:115)
at org.testng.remote.RemoteTestNG.initAndRun(RemoteTestNG.java:251)
at org.testng.remote.RemoteTestNG.main(RemoteTestNG.java:77)
]]>
    </failure>
  </testcase> <!-- verifyLoginToApplicationaLoginAfterThatLogoutAndBrowserBackUsingBrowserButtton -->
  <system-out/>
  <testcase classname="com.tutorialsninja.qa.testCases.TestLogin" name="verifyLoginToApplicationWithMultipleTimeUnsuccessfulLoginAttempt" time="6.886"/>
  <system-out/>
  <testcase classname="com.tutorialsninja.qa.testCases.TestLogin" name="verifyLoginToApplicationWithMultipleTimeUnsuccessfulLoginAttempt" time="6.818"/>
  <system-out/>
  <testcase classname="com.tutorialsninja.qa.testCases.TestLogin" name="verifyLoginToApplicationWithMultipleTimeUnsuccessfulLoginAttempt" time="6.852"/>
  <system-out/>
  <testcase classname="com.tutorialsninja.qa.testCases.TestLogin" name="verifyLoginToApplicationWithMultipleTimeUnsuccessfulLoginAttempt" time="6.945"/>
  <system-out/>
  <testcase classname="com.tutorialsninja.qa.testCases.TestLogin" name="verifyLoginToApplicationWithMultipleTimeUnsuccessfulLoginAttempt" time="15.926"/>
  <system-out/>
  <testcase classname="com.tutorialsninja.qa.testCases.TestLogin" name="verifyLoginToApplicationWithMultipleTimeUnsuccessfulLoginAttempt" time="6.871"/>
  <system-out/>
  <testcase classname="com.tutorialsninja.qa.testCases.TestLogin" name="verifyLoginToApplicationWithMultipleTimeUnsuccessfulLoginAttempt" time="6.186"/>
  <system-out/>
  <testcase classname="com.tutorialsninja.qa.testCases.TestLogin" name="verifyLoginToApplicationWithMultipleTimeUnsuccessfulLoginAttempt" time="6.950"/>
  <system-out/>
  <testcase classname="com.tutorialsninja.qa.testCases.TestLogin" name="verifyLoginToApplicationWithMultipleTimeUnsuccessfulLoginAttempt" time="6.597"/>
  <system-out/>
  <testcase classname="com.tutorialsninja.qa.testCases.TestLogin" name="verifyLoginToApplicationWithMultipleTimeUnsuccessfulLoginAttempt" time="6.396"/>
  <system-out/>
  <testcase classname="com.tutorialsninja.qa.testCases.TestLogin" name="verifyLoginToApplicationByCopyingPasswordFiledText" time="7.777"/>
  <system-out/>
  <testcase classname="com.tutorialsninja.qa.testCases.TestLogin" name="verifyLoginToApplicationCheckPasswordIsNotVisibleInPageSource" time="7.168">
    <failure message="did not expect [xyzabc123   ] but found [xyzabc123   ]" type="java.lang.AssertionError">
      <![CDATA[java.lang.AssertionError: did not expect [xyzabc123   ] but found [xyzabc123   ]
at org.testng.Assert.fail(Assert.java:110)
at org.testng.Assert.failEquals(Assert.java:1417)
at org.testng.Assert.assertNotEqualsImpl(Assert.java:156)
at org.testng.Assert.assertNotEquals(Assert.java:2033)
at org.testng.Assert.assertNotEquals(Assert.java:2055)
at com.tutorialsninja.qa.testCases.TestLogin.verifyLoginToApplicationCheckPasswordIsNotVisibleInPageSource(TestLogin.java:179)
at java.base/jdk.internal.reflect.NativeMethodAccessorImpl.invoke0(Native Method)
at java.base/jdk.internal.reflect.NativeMethodAccessorImpl.invoke(NativeMethodAccessorImpl.java:77)
at java.base/jdk.internal.reflect.DelegatingMethodAccessorImpl.invoke(DelegatingMethodAccessorImpl.java:43)
at java.base/java.lang.reflect.Method.invoke(Method.java:568)
at org.testng.internal.invokers.MethodInvocationHelper.invokeMethod(MethodInvocationHelper.java:139)
at org.testng.internal.invokers.TestInvoker.invokeMethod(TestInvoker.java:677)
at org.testng.internal.invokers.TestInvoker.invokeTestMethod(TestInvoker.java:221)
at org.testng.internal.invokers.MethodRunner.runInSequence(MethodRunner.java:50)
at org.testng.internal.invokers.TestInvoker$MethodInvocationAgent.invoke(TestInvoker.java:962)
at org.testng.internal.invokers.TestInvoker.invokeTestMethods(TestInvoker.java:194)
at org.testng.internal.invokers.TestMethodWorker.invokeTestMethods(TestMethodWorker.java:148)
at org.testng.internal.invokers.TestMethodWorker.run(TestMethodWorker.java:128)
at java.base/java.util.ArrayList.forEach(ArrayList.java:1511)
at org.testng.TestRunner.privateRun(TestRunner.java:806)
at org.testng.TestRunner.run(TestRunner.java:601)
at org.testng.SuiteRunner.runTest(SuiteRunner.java:433)
at org.testng.SuiteRunner.runSequentially(SuiteRunner.java:427)
at org.testng.SuiteRunner.privateRun(SuiteRunner.java:387)
at org.testng.SuiteRunner.run(SuiteRunner.java:330)
at org.testng.SuiteRunnerWorker.runSuite(SuiteRunnerWorker.java:52)
at org.testng.SuiteRunnerWorker.run(SuiteRunnerWorker.java:95)
at org.testng.TestNG.runSuitesSequentially(TestNG.java:1256)
at org.testng.TestNG.runSuitesLocally(TestNG.java:1176)
at org.testng.TestNG.runSuites(TestNG.java:1099)
at org.testng.TestNG.run(TestNG.java:1067)
at org.testng.remote.AbstractRemoteTestNG.run(AbstractRemoteTestNG.java:115)
at org.testng.remote.RemoteTestNG.initAndRun(RemoteTestNG.java:251)
at org.testng.remote.RemoteTestNG.main(RemoteTestNG.java:77)
]]>
    </failure>
  </testcase> <!-- verifyLoginToApplicationCheckPasswordIsNotVisibleInPageSource -->
  <system-out/>
  <testcase classname="com.tutorialsninja.qa.testCases.TestLogin" name="verifyLoginToApplicationAfterChangingPassword" time="10.207"/>
  <system-out/>
  <testcase classname="com.tutorialsninja.qa.testCases.TestLogin" name="verifyLoginToApplicationCheckUserIsAbleToNavigateToOtherPages" time="7.147"/>
  <system-out/>
  <testcase classname="com.tutorialsninja.qa.testCases.TestLogin" name="verifyLoginToApplicationAfterChangingPasswordAndChangingBackToOriginalPassword" time="10.138"/>
  <system-out/>
</testsuite> <!-- com.tutorialsninja.qa.testCases.TestLogin -->
